# JRE version: OpenJDK Runtime Environment (8.0_342-b07) (build 1.8.0_342-b07)
# Java VM: OpenJDK 64-Bit Server VM (25.342-b07 mixed mode linux-amd64 compressed oops)
Heap:
 PSYoungGen      total 305664K, used 170702K [0x00000000eab00000, 0x0000000100000000, 0x0000000100000000)
  eden space 262144K, 65% used [0x00000000eab00000,0x00000000f51b3bf8,0x00000000fab00000)
  from space 43520K, 0% used [0x00000000fd580000,0x00000000fd580000,0x0000000100000000)
  to   space 43520K, 0% used [0x00000000fab00000,0x00000000fab00000,0x00000000fd580000)
 ParOldGen       total 671744K, used 19236K [0x00000000c0000000, 0x00000000e9000000, 0x00000000eab00000)
  object space 671744K, 2% used [0x00000000c0000000,0x00000000c12c9360,0x00000000e9000000)
 Metaspace       used 34305K, capacity 36058K, committed 36352K, reserved 1081344K
  class space    used 4562K, capacity 4790K, committed 4864K, reserved 1048576K
GC Heap History (8 events):
Event: 1.054 GC heap before
{Heap before GC invocations=1 (full 0):
 PSYoungGen      total 305664K, used 146814K [0x00000000eab00000, 0x0000000100000000, 0x0000000100000000)
  eden space 262144K, 56% used [0x00000000eab00000,0x00000000f3a5faf0,0x00000000fab00000)
  from space 43520K, 0% used [0x00000000fd580000,0x00000000fd580000,0x0000000100000000)
  to   space 43520K, 0% used [0x00000000fab00000,0x00000000fab00000,0x00000000fd580000)
 ParOldGen       total 699392K, used 0K [0x00000000c0000000, 0x00000000eab00000, 0x00000000eab00000)
  object space 699392K, 0% used [0x00000000c0000000,0x00000000c0000000,0x00000000eab00000)
 Metaspace       used 20419K, capacity 21284K, committed 21296K, reserved 1067008K
  class space    used 2779K, capacity 2940K, committed 2944K, reserved 1048576K
Event: 1.074 GC heap after
Heap after GC invocations=1 (full 0):
 PSYoungGen      total 305664K, used 14314K [0x00000000eab00000, 0x0000000100000000, 0x0000000100000000)
  eden space 262144K, 0% used [0x00000000eab00000,0x00000000eab00000,0x00000000fab00000)
  from space 43520K, 32% used [0x00000000fab00000,0x00000000fb8fab88,0x00000000fd580000)
  to   space 43520K, 0% used [0x00000000fd580000,0x00000000fd580000,0x0000000100000000)
 ParOldGen       total 699392K, used 88K [0x00000000c0000000, 0x00000000eab00000, 0x00000000eab00000)
  object space 699392K, 0% used [0x00000000c0000000,0x00000000c0016010,0x00000000eab00000)
 Metaspace       used 20419K, capacity 21284K, committed 21296K, reserved 1067008K
  class space    used 2779K, capacity 2940K, committed 2944K, reserved 1048576K
}
Event: 1.074 GC heap before
{Heap before GC invocations=2 (full 1):
 PSYoungGen      total 305664K, used 14314K [0x00000000eab00000, 0x0000000100000000, 0x0000000100000000)
  eden space 262144K, 0% used [0x00000000eab00000,0x00000000eab00000,0x00000000fab00000)
  from space 43520K, 32% used [0x00000000fab00000,0x00000000fb8fab88,0x00000000fd580000)
  to   space 43520K, 0% used [0x00000000fd580000,0x00000000fd580000,0x0000000100000000)
 ParOldGen       total 699392K, used 88K [0x00000000c0000000, 0x00000000eab00000, 0x00000000eab00000)
  object space 699392K, 0% used [0x00000000c0000000,0x00000000c0016010,0x00000000eab00000)
 Metaspace       used 20419K, capacity 21284K, committed 21296K, reserved 1067008K
  class space    used 2779K, capacity 2940K, committed 2944K, reserved 1048576K
Event: 1.102 GC heap after
Heap after GC invocations=2 (full 1):
 PSYoungGen      total 305664K, used 0K [0x00000000eab00000, 0x0000000100000000, 0x0000000100000000)
  eden space 262144K, 0% used [0x00000000eab00000,0x00000000eab00000,0x00000000fab00000)
  from space 43520K, 0% used [0x00000000fab00000,0x00000000fab00000,0x00000000fd580000)
  to   space 43520K, 0% used [0x00000000fd580000,0x00000000fd580000,0x0000000100000000)
 ParOldGen       total 427008K, used 13418K [0x00000000c0000000, 0x00000000da100000, 0x00000000eab00000)
  object space 427008K, 3% used [0x00000000c0000000,0x00000000c0d1aae8,0x00000000da100000)
 Metaspace       used 20419K, capacity 21284K, committed 21296K, reserved 1067008K
  class space    used 2779K, capacity 2940K, committed 2944K, reserved 1048576K
}
Event: 32.637 GC heap before
{Heap before GC invocations=3 (full 1):
 PSYoungGen      total 305664K, used 194971K [0x00000000eab00000, 0x0000000100000000, 0x0000000100000000)
  eden space 262144K, 74% used [0x00000000eab00000,0x00000000f6966ed8,0x00000000fab00000)
  from space 43520K, 0% used [0x00000000fab00000,0x00000000fab00000,0x00000000fd580000)
  to   space 43520K, 0% used [0x00000000fd580000,0x00000000fd580000,0x0000000100000000)
 ParOldGen       total 427008K, used 13418K [0x00000000c0000000, 0x00000000da100000, 0x00000000eab00000)
  object space 427008K, 3% used [0x00000000c0000000,0x00000000c0d1aae8,0x00000000da100000)
 Metaspace       used 33622K, capacity 35394K, committed 35496K, reserved 1079296K
  class space    used 4536K, capacity 4762K, committed 4864K, reserved 1048576K
Event: 32.647 GC heap after
Heap after GC invocations=3 (full 1):
 PSYoungGen      total 305664K, used 16171K [0x00000000eab00000, 0x0000000100000000, 0x0000000100000000)
  eden space 262144K, 0% used [0x00000000eab00000,0x00000000eab00000,0x00000000fab00000)
  from space 43520K, 37% used [0x00000000fd580000,0x00000000fe54aee0,0x0000000100000000)
  to   space 43520K, 0% used [0x00000000fab00000,0x00000000fab00000,0x00000000fd580000)
 ParOldGen       total 427008K, used 13426K [0x00000000c0000000, 0x00000000da100000, 0x00000000eab00000)
  object space 427008K, 3% used [0x00000000c0000000,0x00000000c0d1cae8,0x00000000da100000)
 Metaspace       used 33622K, capacity 35394K, committed 35496K, reserved 1079296K
  class space    used 4536K, capacity 4762K, committed 4864K, reserved 1048576K
}
Event: 32.647 GC heap before
{Heap before GC invocations=4 (full 2):
 PSYoungGen      total 305664K, used 16171K [0x00000000eab00000, 0x0000000100000000, 0x0000000100000000)
  eden space 262144K, 0% used [0x00000000eab00000,0x00000000eab00000,0x00000000fab00000)
  from space 43520K, 37% used [0x00000000fd580000,0x00000000fe54aee0,0x0000000100000000)
  to   space 43520K, 0% used [0x00000000fab00000,0x00000000fab00000,0x00000000fd580000)
 ParOldGen       total 427008K, used 13426K [0x00000000c0000000, 0x00000000da100000, 0x00000000eab00000)
  object space 427008K, 3% used [0x00000000c0000000,0x00000000c0d1cae8,0x00000000da100000)
 Metaspace       used 33622K, capacity 35394K, committed 35496K, reserved 1079296K
  class space    used 4536K, capacity 4762K, committed 4864K, reserved 1048576K
Event: 32.674 GC heap after
Heap after GC invocations=4 (full 2):
 PSYoungGen      total 305664K, used 0K [0x00000000eab00000, 0x0000000100000000, 0x0000000100000000)
  eden space 262144K, 0% used [0x00000000eab00000,0x00000000eab00000,0x00000000fab00000)
  from space 43520K, 0% used [0x00000000fd580000,0x00000000fd580000,0x0000000100000000)
  to   space 43520K, 0% used [0x00000000fab00000,0x00000000fab00000,0x00000000fd580000)
 ParOldGen       total 671744K, used 19236K [0x00000000c0000000, 0x00000000e9000000, 0x00000000eab00000)
  object space 671744K, 2% used [0x00000000c0000000,0x00000000c12c9360,0x00000000e9000000)
 Metaspace       used 33486K, capacity 35106K, committed 35496K, reserved 1079296K
  class space    used 4494K, capacity 4714K, committed 4864K, reserved 1048576K
}

