# JRE version: OpenJDK Runtime Environment (8.0_342-b07) (build 1.8.0_342-b07)
# Java VM: OpenJDK 64-Bit Server VM (25.342-b07 mixed mode linux-amd64 compressed oops)
Heap:
 PSYoungGen      total 305664K, used 175416K [0x00000000eab00000, 0x0000000100000000, 0x0000000100000000)
  eden space 262144K, 66% used [0x00000000eab00000,0x00000000f564e030,0x00000000fab00000)
  from space 43520K, 0% used [0x00000000fd580000,0x00000000fd580000,0x0000000100000000)
  to   space 43520K, 0% used [0x00000000fab00000,0x00000000fab00000,0x00000000fd580000)
 ParOldGen       total 699392K, used 18959K [0x00000000c0000000, 0x00000000eab00000, 0x00000000eab00000)
  object space 699392K, 2% used [0x00000000c0000000,0x00000000c1283c30,0x00000000eab00000)
 Metaspace       used 34343K, capacity 36134K, committed 36352K, reserved 1081344K
  class space    used 4572K, capacity 4802K, committed 4864K, reserved 1048576K
GC Heap History (8 events):
Event: 1.078 GC heap before
{Heap before GC invocations=1 (full 0):
 PSYoungGen      total 305664K, used 146807K [0x00000000eab00000, 0x0000000100000000, 0x0000000100000000)
  eden space 262144K, 56% used [0x00000000eab00000,0x00000000f3a5dd10,0x00000000fab00000)
  from space 43520K, 0% used [0x00000000fd580000,0x00000000fd580000,0x0000000100000000)
  to   space 43520K, 0% used [0x00000000fab00000,0x00000000fab00000,0x00000000fd580000)
 ParOldGen       total 699392K, used 0K [0x00000000c0000000, 0x00000000eab00000, 0x00000000eab00000)
  object space 699392K, 0% used [0x00000000c0000000,0x00000000c0000000,0x00000000eab00000)
 Metaspace       used 20420K, capacity 21284K, committed 21296K, reserved 1067008K
  class space    used 2779K, capacity 2940K, committed 2944K, reserved 1048576K
Event: 1.087 GC heap after
Heap after GC invocations=1 (full 0):
 PSYoungGen      total 305664K, used 14540K [0x00000000eab00000, 0x0000000100000000, 0x0000000100000000)
  eden space 262144K, 0% used [0x00000000eab00000,0x00000000eab00000,0x00000000fab00000)
  from space 43520K, 33% used [0x00000000fab00000,0x00000000fb9330f8,0x00000000fd580000)
  to   space 43520K, 0% used [0x00000000fd580000,0x00000000fd580000,0x0000000100000000)
 ParOldGen       total 699392K, used 96K [0x00000000c0000000, 0x00000000eab00000, 0x00000000eab00000)
  object space 699392K, 0% used [0x00000000c0000000,0x00000000c0018028,0x00000000eab00000)
 Metaspace       used 20420K, capacity 21284K, committed 21296K, reserved 1067008K
  class space    used 2779K, capacity 2940K, committed 2944K, reserved 1048576K
}
Event: 1.087 GC heap before
{Heap before GC invocations=2 (full 1):
 PSYoungGen      total 305664K, used 14540K [0x00000000eab00000, 0x0000000100000000, 0x0000000100000000)
  eden space 262144K, 0% used [0x00000000eab00000,0x00000000eab00000,0x00000000fab00000)
  from space 43520K, 33% used [0x00000000fab00000,0x00000000fb9330f8,0x00000000fd580000)
  to   space 43520K, 0% used [0x00000000fd580000,0x00000000fd580000,0x0000000100000000)
 ParOldGen       total 699392K, used 96K [0x00000000c0000000, 0x00000000eab00000, 0x00000000eab00000)
  object space 699392K, 0% used [0x00000000c0000000,0x00000000c0018028,0x00000000eab00000)
 Metaspace       used 20420K, capacity 21284K, committed 21296K, reserved 1067008K
  class space    used 2779K, capacity 2940K, committed 2944K, reserved 1048576K
Event: 1.107 GC heap after
Heap after GC invocations=2 (full 1):
 PSYoungGen      total 305664K, used 0K [0x00000000eab00000, 0x0000000100000000, 0x0000000100000000)
  eden space 262144K, 0% used [0x00000000eab00000,0x00000000eab00000,0x00000000fab00000)
  from space 43520K, 0% used [0x00000000fab00000,0x00000000fab00000,0x00000000fd580000)
  to   space 43520K, 0% used [0x00000000fd580000,0x00000000fd580000,0x0000000100000000)
 ParOldGen       total 454144K, used 13417K [0x00000000c0000000, 0x00000000dbb80000, 0x00000000eab00000)
  object space 454144K, 2% used [0x00000000c0000000,0x00000000c0d1a768,0x00000000dbb80000)
 Metaspace       used 20420K, capacity 21284K, committed 21296K, reserved 1067008K
  class space    used 2779K, capacity 2940K, committed 2944K, reserved 1048576K
}
Event: 32.666 GC heap before
{Heap before GC invocations=3 (full 1):
 PSYoungGen      total 305664K, used 188702K [0x00000000eab00000, 0x0000000100000000, 0x0000000100000000)
  eden space 262144K, 71% used [0x00000000eab00000,0x00000000f6347bb0,0x00000000fab00000)
  from space 43520K, 0% used [0x00000000fab00000,0x00000000fab00000,0x00000000fd580000)
  to   space 43520K, 0% used [0x00000000fd580000,0x00000000fd580000,0x0000000100000000)
 ParOldGen       total 454144K, used 13417K [0x00000000c0000000, 0x00000000dbb80000, 0x00000000eab00000)
  object space 454144K, 2% used [0x00000000c0000000,0x00000000c0d1a768,0x00000000dbb80000)
 Metaspace       used 33562K, capacity 35392K, committed 35496K, reserved 1079296K
  class space    used 4538K, capacity 4761K, committed 4864K, reserved 1048576K
Event: 32.676 GC heap after
Heap after GC invocations=3 (full 1):
 PSYoungGen      total 305664K, used 15820K [0x00000000eab00000, 0x0000000100000000, 0x0000000100000000)
  eden space 262144K, 0% used [0x00000000eab00000,0x00000000eab00000,0x00000000fab00000)
  from space 43520K, 36% used [0x00000000fd580000,0x00000000fe4f33d8,0x0000000100000000)
  to   space 43520K, 0% used [0x00000000fab00000,0x00000000fab00000,0x00000000fd580000)
 ParOldGen       total 454144K, used 13425K [0x00000000c0000000, 0x00000000dbb80000, 0x00000000eab00000)
  object space 454144K, 2% used [0x00000000c0000000,0x00000000c0d1c768,0x00000000dbb80000)
 Metaspace       used 33562K, capacity 35392K, committed 35496K, reserved 1079296K
  class space    used 4538K, capacity 4761K, committed 4864K, reserved 1048576K
}
Event: 32.676 GC heap before
{Heap before GC invocations=4 (full 2):
 PSYoungGen      total 305664K, used 15820K [0x00000000eab00000, 0x0000000100000000, 0x0000000100000000)
  eden space 262144K, 0% used [0x00000000eab00000,0x00000000eab00000,0x00000000fab00000)
  from space 43520K, 36% used [0x00000000fd580000,0x00000000fe4f33d8,0x0000000100000000)
  to   space 43520K, 0% used [0x00000000fab00000,0x00000000fab00000,0x00000000fd580000)
 ParOldGen       total 454144K, used 13425K [0x00000000c0000000, 0x00000000dbb80000, 0x00000000eab00000)
  object space 454144K, 2% used [0x00000000c0000000,0x00000000c0d1c768,0x00000000dbb80000)
 Metaspace       used 33562K, capacity 35392K, committed 35496K, reserved 1079296K
  class space    used 4538K, capacity 4761K, committed 4864K, reserved 1048576K
Event: 32.704 GC heap after
Heap after GC invocations=4 (full 2):
 PSYoungGen      total 305664K, used 0K [0x00000000eab00000, 0x0000000100000000, 0x0000000100000000)
  eden space 262144K, 0% used [0x00000000eab00000,0x00000000eab00000,0x00000000fab00000)
  from space 43520K, 0% used [0x00000000fd580000,0x00000000fd580000,0x0000000100000000)
  to   space 43520K, 0% used [0x00000000fab00000,0x00000000fab00000,0x00000000fd580000)
 ParOldGen       total 699392K, used 18959K [0x00000000c0000000, 0x00000000eab00000, 0x00000000eab00000)
  object space 699392K, 2% used [0x00000000c0000000,0x00000000c1283c30,0x00000000eab00000)
 Metaspace       used 33415K, capacity 35086K, committed 35496K, reserved 1079296K
  class space    used 4491K, capacity 4710K, committed 4864K, reserved 1048576K
}

