# JRE version: OpenJDK Runtime Environment (8.0_342-b07) (build 1.8.0_342-b07)
# Java VM: OpenJDK 64-Bit Server VM (25.342-b07 mixed mode linux-amd64 compressed oops)
Heap:
 PSYoungGen      total 2663424K, used 362095K [0x0000000695580000, 0x000000074f480000, 0x00000007c0000000)
  eden space 2316288K, 15% used [0x0000000695580000,0x00000006ab71be98,0x0000000722b80000)
  from space 347136K, 0% used [0x000000073a180000,0x000000073a180000,0x000000074f480000)
  to   space 365056K, 0% used [0x0000000722b80000,0x0000000722b80000,0x0000000739000000)
 ParOldGen       total 6488576K, used 6094807K [0x0000000440000000, 0x00000005cc080000, 0x0000000695580000)
  object space 6488576K, 93% used [0x0000000440000000,0x00000005b3ff5e60,0x00000005cc080000)
 Metaspace       used 64740K, capacity 70904K, committed 71040K, reserved 1110016K
  class space    used 8923K, capacity 9544K, committed 9600K, reserved 1048576K
GC Heap History (250 events):
Event: 23318.241 GC heap before
{Heap before GC invocations=43 (full 16):
 PSYoungGen      total 2851840K, used 2196697K [0x0000000695580000, 0x0000000770d00000, 0x00000007c0000000)
  eden space 2075648K, 100% used [0x0000000695580000,0x0000000714080000,0x0000000714080000)
  from space 776192K, 15% used [0x000000073f700000,0x0000000746d366e8,0x000000076ed00000)
  to   space 711168K, 0% used [0x0000000714080000,0x0000000714080000,0x000000073f700000)
 ParOldGen       total 6488576K, used 3420131K [0x0000000440000000, 0x00000005cc080000, 0x0000000695580000)
  object space 6488576K, 52% used [0x0000000440000000,0x0000000510bf8c08,0x00000005cc080000)
 Metaspace       used 63952K, capacity 69880K, committed 70272K, reserved 1110016K
  class space    used 8819K, capacity 9450K, committed 9600K, reserved 1048576K
Event: 23318.491 GC heap after
Heap after GC invocations=43 (full 16):
 PSYoungGen      total 2786816K, used 280908K [0x0000000695580000, 0x0000000772c00000, 0x00000007c0000000)
  eden space 2075648K, 0% used [0x0000000695580000,0x0000000695580000,0x0000000714080000)
  from space 711168K, 39% used [0x0000000714080000,0x00000007252d32b0,0x000000073f700000)
  to   space 710656K, 0% used [0x0000000747600000,0x0000000747600000,0x0000000772c00000)
 ParOldGen       total 6488576K, used 3420139K [0x0000000440000000, 0x00000005cc080000, 0x0000000695580000)
  object space 6488576K, 52% used [0x0000000440000000,0x0000000510bfac08,0x00000005cc080000)
 Metaspace       used 63952K, capacity 69880K, committed 70272K, reserved 1110016K
  class space    used 8819K, capacity 9450K, committed 9600K, reserved 1048576K
}
Event: 23434.438 GC heap before
{Heap before GC invocations=44 (full 16):
 PSYoungGen      total 2786816K, used 778497K [0x0000000695580000, 0x0000000772c00000, 0x00000007c0000000)
  eden space 2075648K, 23% used [0x0000000695580000,0x00000006b3b6d3f0,0x0000000714080000)
  from space 711168K, 39% used [0x0000000714080000,0x00000007252d32b0,0x000000073f700000)
  to   space 710656K, 0% used [0x0000000747600000,0x0000000747600000,0x0000000772c00000)
 ParOldGen       total 6488576K, used 3420139K [0x0000000440000000, 0x00000005cc080000, 0x0000000695580000)
  object space 6488576K, 52% used [0x0000000440000000,0x0000000510bfac08,0x00000005cc080000)
 Metaspace       used 63975K, capacity 69944K, committed 70528K, reserved 1110016K
  class space    used 8819K, capacity 9450K, committed 9600K, reserved 1048576K
Event: 23434.655 GC heap after
Heap after GC invocations=44 (full 16):
 PSYoungGen      total 2907136K, used 319315K [0x0000000695580000, 0x0000000773f00000, 0x00000007c0000000)
  eden space 2196480K, 0% used [0x0000000695580000,0x0000000695580000,0x000000071b680000)
  from space 710656K, 44% used [0x0000000747600000,0x000000075add4f78,0x0000000772c00000)
  to   space 720384K, 0% used [0x000000071b680000,0x000000071b680000,0x0000000747600000)
 ParOldGen       total 6488576K, used 3420147K [0x0000000440000000, 0x00000005cc080000, 0x0000000695580000)
  object space 6488576K, 52% used [0x0000000440000000,0x0000000510bfcc08,0x00000005cc080000)
 Metaspace       used 63975K, capacity 69944K, committed 70528K, reserved 1110016K
  class space    used 8819K, capacity 9450K, committed 9600K, reserved 1048576K
}
Event: 23434.655 GC heap before
{Heap before GC invocations=45 (full 17):
 PSYoungGen      total 2907136K, used 319315K [0x0000000695580000, 0x0000000773f00000, 0x00000007c0000000)
  eden space 2196480K, 0% used [0x0000000695580000,0x0000000695580000,0x000000071b680000)
  from space 710656K, 44% used [0x0000000747600000,0x000000075add4f78,0x0000000772c00000)
  to   space 720384K, 0% used [0x000000071b680000,0x000000071b680000,0x0000000747600000)
 ParOldGen       total 6488576K, used 3420147K [0x0000000440000000, 0x00000005cc080000, 0x0000000695580000)
  object space 6488576K, 52% used [0x0000000440000000,0x0000000510bfcc08,0x00000005cc080000)
 Metaspace       used 63975K, capacity 69944K, committed 70528K, reserved 1110016K
  class space    used 8819K, capacity 9450K, committed 9600K, reserved 1048576K
Event: 23440.020 GC heap after
Heap after GC invocations=45 (full 17):
 PSYoungGen      total 2907136K, used 0K [0x0000000695580000, 0x0000000773f00000, 0x00000007c0000000)
  eden space 2196480K, 0% used [0x0000000695580000,0x0000000695580000,0x000000071b680000)
  from space 710656K, 0% used [0x0000000747600000,0x0000000747600000,0x0000000772c00000)
  to   space 720384K, 0% used [0x000000071b680000,0x000000071b680000,0x0000000747600000)
 ParOldGen       total 6488576K, used 3734721K [0x0000000440000000, 0x00000005cc080000, 0x0000000695580000)
  object space 6488576K, 57% used [0x0000000440000000,0x0000000523f307b8,0x00000005cc080000)
 Metaspace       used 63975K, capacity 69944K, committed 70528K, reserved 1110016K
  class space    used 8819K, capacity 9450K, committed 9600K, reserved 1048576K
}
Event: 23968.151 GC heap before
{Heap before GC invocations=46 (full 17):
 PSYoungGen      total 2907136K, used 2195666K [0x0000000695580000, 0x0000000773f00000, 0x00000007c0000000)
  eden space 2196480K, 99% used [0x0000000695580000,0x000000071b5b4910,0x000000071b680000)
  from space 710656K, 0% used [0x0000000747600000,0x0000000747600000,0x0000000772c00000)
  to   space 720384K, 0% used [0x000000071b680000,0x000000071b680000,0x0000000747600000)
 ParOldGen       total 6488576K, used 3734721K [0x0000000440000000, 0x00000005cc080000, 0x0000000695580000)
  object space 6488576K, 57% used [0x0000000440000000,0x0000000523f307b8,0x00000005cc080000)
 Metaspace       used 64014K, capacity 69944K, committed 70528K, reserved 1110016K
  class space    used 8819K, capacity 9450K, committed 9600K, reserved 1048576K
Event: 23968.277 GC heap after
Heap after GC invocations=46 (full 17):
 PSYoungGen      total 2916864K, used 182096K [0x0000000695580000, 0x0000000774180000, 0x00000007c0000000)
  eden space 2196480K, 0% used [0x0000000695580000,0x0000000695580000,0x000000071b680000)
  from space 720384K, 25% used [0x000000071b680000,0x0000000726854050,0x0000000747600000)
  to   space 673280K, 0% used [0x000000074b000000,0x000000074b000000,0x0000000774180000)
 ParOldGen       total 6488576K, used 3734729K [0x0000000440000000, 0x00000005cc080000, 0x0000000695580000)
  object space 6488576K, 57% used [0x0000000440000000,0x0000000523f327b8,0x00000005cc080000)
 Metaspace       used 64014K, capacity 69944K, committed 70528K, reserved 1110016K
  class space    used 8819K, capacity 9450K, committed 9600K, reserved 1048576K
}
Event: 24663.731 GC heap before
{Heap before GC invocations=47 (full 17):
 PSYoungGen      total 2916864K, used 2378576K [0x0000000695580000, 0x0000000774180000, 0x00000007c0000000)
  eden space 2196480K, 100% used [0x0000000695580000,0x000000071b680000,0x000000071b680000)
  from space 720384K, 25% used [0x000000071b680000,0x0000000726854050,0x0000000747600000)
  to   space 673280K, 0% used [0x000000074b000000,0x000000074b000000,0x0000000774180000)
 ParOldGen       total 6488576K, used 3734729K [0x0000000440000000, 0x00000005cc080000, 0x0000000695580000)
  object space 6488576K, 57% used [0x0000000440000000,0x0000000523f327b8,0x00000005cc080000)
 Metaspace       used 64064K, capacity 70012K, committed 70528K, reserved 1110016K
  class space    used 8819K, capacity 9450K, committed 9600K, reserved 1048576K
Event: 24663.963 GC heap after
Heap after GC invocations=47 (full 17):
 PSYoungGen      total 2909696K, used 348270K [0x0000000695580000, 0x0000000773300000, 0x00000007c0000000)
  eden space 2251264K, 0% used [0x0000000695580000,0x0000000695580000,0x000000071ec00000)
  from space 658432K, 52% used [0x000000074b000000,0x000000076041ba20,0x0000000773300000)
  to   space 691712K, 0% used [0x000000071ec00000,0x000000071ec00000,0x0000000748f80000)
 ParOldGen       total 6488576K, used 3734737K [0x0000000440000000, 0x00000005cc080000, 0x0000000695580000)
  object space 6488576K, 57% used [0x0000000440000000,0x0000000523f347b8,0x00000005cc080000)
 Metaspace       used 64064K, capacity 70012K, committed 70528K, reserved 1110016K
  class space    used 8819K, capacity 9450K, committed 9600K, reserved 1048576K
}
Event: 25234.438 GC heap before
{Heap before GC invocations=48 (full 17):
 PSYoungGen      total 2909696K, used 2298477K [0x0000000695580000, 0x0000000773300000, 0x00000007c0000000)
  eden space 2251264K, 86% used [0x0000000695580000,0x000000070c5ffd00,0x000000071ec00000)
  from space 658432K, 52% used [0x000000074b000000,0x000000076041ba20,0x0000000773300000)
  to   space 691712K, 0% used [0x000000071ec00000,0x000000071ec00000,0x0000000748f80000)
 ParOldGen       total 6488576K, used 3734737K [0x0000000440000000, 0x00000005cc080000, 0x0000000695580000)
  object space 6488576K, 57% used [0x0000000440000000,0x0000000523f347b8,0x00000005cc080000)
 Metaspace       used 64119K, capacity 70088K, committed 70528K, reserved 1110016K
  class space    used 8819K, capacity 9450K, committed 9600K, reserved 1048576K
Event: 25234.771 GC heap after
Heap after GC invocations=48 (full 17):
 PSYoungGen      total 2942976K, used 496698K [0x0000000695580000, 0x000000077b500000, 0x00000007c0000000)
  eden space 2251264K, 0% used [0x0000000695580000,0x0000000695580000,0x000000071ec00000)
  from space 691712K, 71% used [0x000000071ec00000,0x000000073d10e9b0,0x0000000748f80000)
  to   space 758272K, 0% used [0x000000074d080000,0x000000074d080000,0x000000077b500000)
 ParOldGen       total 6488576K, used 3734745K [0x0000000440000000, 0x00000005cc080000, 0x0000000695580000)
  object space 6488576K, 57% used [0x0000000440000000,0x0000000523f367b8,0x00000005cc080000)
 Metaspace       used 64119K, capacity 70088K, committed 70528K, reserved 1110016K
  class space    used 8819K, capacity 9450K, committed 9600K, reserved 1048576K
}
Event: 25234.771 GC heap before
{Heap before GC invocations=49 (full 18):
 PSYoungGen      total 2942976K, used 496698K [0x0000000695580000, 0x000000077b500000, 0x00000007c0000000)
  eden space 2251264K, 0% used [0x0000000695580000,0x0000000695580000,0x000000071ec00000)
  from space 691712K, 71% used [0x000000071ec00000,0x000000073d10e9b0,0x0000000748f80000)
  to   space 758272K, 0% used [0x000000074d080000,0x000000074d080000,0x000000077b500000)
 ParOldGen       total 6488576K, used 3734745K [0x0000000440000000, 0x00000005cc080000, 0x0000000695580000)
  object space 6488576K, 57% used [0x0000000440000000,0x0000000523f367b8,0x00000005cc080000)
 Metaspace       used 64119K, capacity 70088K, committed 70528K, reserved 1110016K
  class space    used 8819K, capacity 9450K, committed 9600K, reserved 1048576K
Event: 25241.320 GC heap after
Heap after GC invocations=49 (full 18):
 PSYoungGen      total 2942976K, used 0K [0x0000000695580000, 0x000000077b500000, 0x00000007c0000000)
  eden space 2251264K, 0% used [0x0000000695580000,0x0000000695580000,0x000000071ec00000)
  from space 691712K, 0% used [0x000000071ec00000,0x000000071ec00000,0x0000000748f80000)
  to   space 758272K, 0% used [0x000000074d080000,0x000000074d080000,0x000000077b500000)
 ParOldGen       total 6488576K, used 4226298K [0x0000000440000000, 0x00000005cc080000, 0x0000000695580000)
  object space 6488576K, 65% used [0x0000000440000000,0x0000000541f3ebd8,0x00000005cc080000)
 Metaspace       used 64119K, capacity 70088K, committed 70528K, reserved 1110016K
  class space    used 8819K, capacity 9450K, committed 9600K, reserved 1048576K
}
Event: 26291.371 GC heap before
{Heap before GC invocations=50 (full 18):
 PSYoungGen      total 2942976K, used 2251264K [0x0000000695580000, 0x000000077b500000, 0x00000007c0000000)
  eden space 2251264K, 100% used [0x0000000695580000,0x000000071ec00000,0x000000071ec00000)
  from space 691712K, 0% used [0x000000071ec00000,0x000000071ec00000,0x0000000748f80000)
  to   space 758272K, 0% used [0x000000074d080000,0x000000074d080000,0x000000077b500000)
 ParOldGen       total 6488576K, used 4226298K [0x0000000440000000, 0x00000005cc080000, 0x0000000695580000)
  object space 6488576K, 65% used [0x0000000440000000,0x0000000541f3ebd8,0x00000005cc080000)
 Metaspace       used 64199K, capacity 70156K, committed 70528K, reserved 1110016K
  class space    used 8820K, capacity 9450K, committed 9600K, reserved 1048576K
Event: 26291.477 GC heap after
Heap after GC invocations=50 (full 18):
 PSYoungGen      total 3007488K, used 144168K [0x0000000695580000, 0x0000000778980000, 0x00000007c0000000)
  eden space 2293760K, 0% used [0x0000000695580000,0x0000000695580000,0x0000000721580000)
  from space 713728K, 20% used [0x000000074d080000,0x0000000755d4a128,0x0000000778980000)
  to   space 714752K, 0% used [0x0000000721580000,0x0000000721580000,0x000000074cf80000)
 ParOldGen       total 6488576K, used 4226306K [0x0000000440000000, 0x00000005cc080000, 0x0000000695580000)
  object space 6488576K, 65% used [0x0000000440000000,0x0000000541f40bd8,0x00000005cc080000)
 Metaspace       used 64199K, capacity 70156K, committed 70528K, reserved 1110016K
  class space    used 8820K, capacity 9450K, committed 9600K, reserved 1048576K
}
Event: 27034.438 GC heap before
{Heap before GC invocations=51 (full 18):
 PSYoungGen      total 3007488K, used 1271640K [0x0000000695580000, 0x0000000778980000, 0x00000007c0000000)
  eden space 2293760K, 49% used [0x0000000695580000,0x00000006da28c0b0,0x0000000721580000)
  from space 713728K, 20% used [0x000000074d080000,0x0000000755d4a128,0x0000000778980000)
  to   space 714752K, 0% used [0x0000000721580000,0x0000000721580000,0x000000074cf80000)
 ParOldGen       total 6488576K, used 4226306K [0x0000000440000000, 0x00000005cc080000, 0x0000000695580000)
  object space 6488576K, 65% used [0x0000000440000000,0x0000000541f40bd8,0x00000005cc080000)
 Metaspace       used 64201K, capacity 70156K, committed 70528K, reserved 1110016K
  class space    used 8820K, capacity 9450K, committed 9600K, reserved 1048576K
Event: 27034.579 GC heap after
Heap after GC invocations=51 (full 18):
 PSYoungGen      total 2492928K, used 198814K [0x0000000695580000, 0x0000000772780000, 0x00000007c0000000)
  eden space 2293760K, 0% used [0x0000000695580000,0x0000000695580000,0x0000000721580000)
  from space 199168K, 99% used [0x0000000721580000,0x000000072d7a7880,0x000000072d800000)
  to   space 664576K, 0% used [0x0000000749e80000,0x0000000749e80000,0x0000000772780000)
 ParOldGen       total 6488576K, used 4226314K [0x0000000440000000, 0x00000005cc080000, 0x0000000695580000)
  object space 6488576K, 65% used [0x0000000440000000,0x0000000541f42bd8,0x00000005cc080000)
 Metaspace       used 64201K, capacity 70156K, committed 70528K, reserved 1110016K
  class space    used 8820K, capacity 9450K, committed 9600K, reserved 1048576K
}
Event: 27034.579 GC heap before
{Heap before GC invocations=52 (full 19):
 PSYoungGen      total 2492928K, used 198814K [0x0000000695580000, 0x0000000772780000, 0x00000007c0000000)
  eden space 2293760K, 0% used [0x0000000695580000,0x0000000695580000,0x0000000721580000)
  from space 199168K, 99% used [0x0000000721580000,0x000000072d7a7880,0x000000072d800000)
  to   space 664576K, 0% used [0x0000000749e80000,0x0000000749e80000,0x0000000772780000)
 ParOldGen       total 6488576K, used 4226314K [0x0000000440000000, 0x00000005cc080000, 0x0000000695580000)
  object space 6488576K, 65% used [0x0000000440000000,0x0000000541f42bd8,0x00000005cc080000)
 Metaspace       used 64201K, capacity 70156K, committed 70528K, reserved 1110016K
  class space    used 8820K, capacity 9450K, committed 9600K, reserved 1048576K
Event: 27040.540 GC heap after
Heap after GC invocations=52 (full 19):
 PSYoungGen      total 2492928K, used 0K [0x0000000695580000, 0x0000000772780000, 0x00000007c0000000)
  eden space 2293760K, 0% used [0x0000000695580000,0x0000000695580000,0x0000000721580000)
  from space 199168K, 0% used [0x0000000721580000,0x0000000721580000,0x000000072d800000)
  to   space 664576K, 0% used [0x0000000749e80000,0x0000000749e80000,0x0000000772780000)
 ParOldGen       total 6488576K, used 4420788K [0x0000000440000000, 0x00000005cc080000, 0x0000000695580000)
  object space 6488576K, 68% used [0x0000000440000000,0x000000054dd2d1e0,0x00000005cc080000)
 Metaspace       used 64201K, capacity 70156K, committed 70528K, reserved 1110016K
  class space    used 8820K, capacity 9450K, committed 9600K, reserved 1048576K
}
Event: 28834.438 GC heap before
{Heap before GC invocations=53 (full 19):
 PSYoungGen      total 2492928K, used 1688043K [0x0000000695580000, 0x0000000772780000, 0x00000007c0000000)
  eden space 2293760K, 73% used [0x0000000695580000,0x00000006fc5fad38,0x0000000721580000)
  from space 199168K, 0% used [0x0000000721580000,0x0000000721580000,0x000000072d800000)
  to   space 664576K, 0% used [0x0000000749e80000,0x0000000749e80000,0x0000000772780000)
 ParOldGen       total 6488576K, used 4420788K [0x0000000440000000, 0x00000005cc080000, 0x0000000695580000)
  object space 6488576K, 68% used [0x0000000440000000,0x000000054dd2d1e0,0x00000005cc080000)
 Metaspace       used 64206K, capacity 70156K, committed 70528K, reserved 1110016K
  class space    used 8820K, capacity 9450K, committed 9600K, reserved 1048576K
Event: 28834.482 GC heap after
Heap after GC invocations=53 (full 19):
 PSYoungGen      total 2923520K, used 32732K [0x0000000695580000, 0x0000000770580000, 0x00000007c0000000)
  eden space 2293760K, 0% used [0x0000000695580000,0x0000000695580000,0x0000000721580000)
  from space 629760K, 5% used [0x0000000749e80000,0x000000074be77270,0x0000000770580000)
  to   space 647168K, 0% used [0x0000000721580000,0x0000000721580000,0x0000000748d80000)
 ParOldGen       total 6488576K, used 4420788K [0x0000000440000000, 0x00000005cc080000, 0x0000000695580000)
  object space 6488576K, 68% used [0x0000000440000000,0x000000054dd2d1e0,0x00000005cc080000)
 Metaspace       used 64206K, capacity 70156K, committed 70528K, reserved 1110016K
  class space    used 8820K, capacity 9450K, committed 9600K, reserved 1048576K
}
Event: 28834.482 GC heap before
{Heap before GC invocations=54 (full 20):
 PSYoungGen      total 2923520K, used 32732K [0x0000000695580000, 0x0000000770580000, 0x00000007c0000000)
  eden space 2293760K, 0% used [0x0000000695580000,0x0000000695580000,0x0000000721580000)
  from space 629760K, 5% used [0x0000000749e80000,0x000000074be77270,0x0000000770580000)
  to   space 647168K, 0% used [0x0000000721580000,0x0000000721580000,0x0000000748d80000)
 ParOldGen       total 6488576K, used 4420788K [0x0000000440000000, 0x00000005cc080000, 0x0000000695580000)
  object space 6488576K, 68% used [0x0000000440000000,0x000000054dd2d1e0,0x00000005cc080000)
 Metaspace       used 64206K, capacity 70156K, committed 70528K, reserved 1110016K
  class space    used 8820K, capacity 9450K, committed 9600K, reserved 1048576K
Event: 28841.925 GC heap after
Heap after GC invocations=54 (full 20):
 PSYoungGen      total 2923520K, used 0K [0x0000000695580000, 0x0000000770580000, 0x00000007c0000000)
  eden space 2293760K, 0% used [0x0000000695580000,0x0000000695580000,0x0000000721580000)
  from space 629760K, 0% used [0x0000000749e80000,0x0000000749e80000,0x0000000770580000)
  to   space 647168K, 0% used [0x0000000721580000,0x0000000721580000,0x0000000748d80000)
 ParOldGen       total 6488576K, used 4449075K [0x0000000440000000, 0x00000005cc080000, 0x0000000695580000)
  object space 6488576K, 68% used [0x0000000440000000,0x000000054f8ccd18,0x00000005cc080000)
 Metaspace       used 64206K, capacity 70156K, committed 70528K, reserved 1110016K
  class space    used 8820K, capacity 9450K, committed 9600K, reserved 1048576K
}
Event: 30634.438 GC heap before
{Heap before GC invocations=55 (full 20):
 PSYoungGen      total 2923520K, used 1521714K [0x0000000695580000, 0x0000000770580000, 0x00000007c0000000)
  eden space 2293760K, 66% used [0x0000000695580000,0x00000006f238cb78,0x0000000721580000)
  from space 629760K, 0% used [0x0000000749e80000,0x0000000749e80000,0x0000000770580000)
  to   space 647168K, 0% used [0x0000000721580000,0x0000000721580000,0x0000000748d80000)
 ParOldGen       total 6488576K, used 4449075K [0x0000000440000000, 0x00000005cc080000, 0x0000000695580000)
  object space 6488576K, 68% used [0x0000000440000000,0x000000054f8ccd18,0x00000005cc080000)
 Metaspace       used 64206K, capacity 70156K, committed 70528K, reserved 1110016K
  class space    used 8820K, capacity 9450K, committed 9600K, reserved 1048576K
Event: 30634.464 GC heap after
Heap after GC invocations=55 (full 20):
 PSYoungGen      total 2308608K, used 14615K [0x0000000695580000, 0x000000076e480000, 0x00000007c0000000)
  eden space 2293760K, 0% used [0x0000000695580000,0x0000000695580000,0x0000000721580000)
  from space 14848K, 98% used [0x0000000721580000,0x00000007223c5e40,0x0000000722400000)
  to   space 630272K, 0% used [0x0000000747d00000,0x0000000747d00000,0x000000076e480000)
 ParOldGen       total 6488576K, used 4449075K [0x0000000440000000, 0x00000005cc080000, 0x0000000695580000)
  object space 6488576K, 68% used [0x0000000440000000,0x000000054f8ccd18,0x00000005cc080000)
 Metaspace       used 64206K, capacity 70156K, committed 70528K, reserved 1110016K
  class space    used 8820K, capacity 9450K, committed 9600K, reserved 1048576K
}
Event: 30634.464 GC heap before
{Heap before GC invocations=56 (full 21):
 PSYoungGen      total 2308608K, used 14615K [0x0000000695580000, 0x000000076e480000, 0x00000007c0000000)
  eden space 2293760K, 0% used [0x0000000695580000,0x0000000695580000,0x0000000721580000)
  from space 14848K, 98% used [0x0000000721580000,0x00000007223c5e40,0x0000000722400000)
  to   space 630272K, 0% used [0x0000000747d00000,0x0000000747d00000,0x000000076e480000)
 ParOldGen       total 6488576K, used 4449075K [0x0000000440000000, 0x00000005cc080000, 0x0000000695580000)
  object space 6488576K, 68% used [0x0000000440000000,0x000000054f8ccd18,0x00000005cc080000)
 Metaspace       used 64206K, capacity 70156K, committed 70528K, reserved 1110016K
  class space    used 8820K, capacity 9450K, committed 9600K, reserved 1048576K
Event: 30640.059 GC heap after
Heap after GC invocations=56 (full 21):
 PSYoungGen      total 2308608K, used 0K [0x0000000695580000, 0x000000076e480000, 0x00000007c0000000)
  eden space 2293760K, 0% used [0x0000000695580000,0x0000000695580000,0x0000000721580000)
  from space 14848K, 0% used [0x0000000721580000,0x0000000721580000,0x0000000722400000)
  to   space 630272K, 0% used [0x0000000747d00000,0x0000000747d00000,0x000000076e480000)
 ParOldGen       total 6488576K, used 4459398K [0x0000000440000000, 0x00000005cc080000, 0x0000000695580000)
  object space 6488576K, 68% used [0x0000000440000000,0x00000005502e1860,0x00000005cc080000)
 Metaspace       used 64192K, capacity 70134K, committed 70528K, reserved 1110016K
  class space    used 8816K, capacity 9443K, committed 9600K, reserved 1048576K
}
Event: 32434.438 GC heap before
{Heap before GC invocations=57 (full 21):
 PSYoungGen      total 2308608K, used 1396099K [0x0000000695580000, 0x000000076e480000, 0x00000007c0000000)
  eden space 2293760K, 60% used [0x0000000695580000,0x00000006ea8e0f70,0x0000000721580000)
  from space 14848K, 0% used [0x0000000721580000,0x0000000721580000,0x0000000722400000)
  to   space 630272K, 0% used [0x0000000747d00000,0x0000000747d00000,0x000000076e480000)
 ParOldGen       total 6488576K, used 4459398K [0x0000000440000000, 0x00000005cc080000, 0x0000000695580000)
  object space 6488576K, 68% used [0x0000000440000000,0x00000005502e1860,0x00000005cc080000)
 Metaspace       used 64192K, capacity 70134K, committed 70528K, reserved 1110016K
  class space    used 8816K, capacity 9443K, committed 9600K, reserved 1048576K
Event: 32434.459 GC heap after
Heap after GC invocations=57 (full 21):
 PSYoungGen      total 2888192K, used 4288K [0x0000000695580000, 0x000000076c180000, 0x00000007c0000000)
  eden space 2293760K, 0% used [0x0000000695580000,0x0000000695580000,0x0000000721580000)
  from space 594432K, 0% used [0x0000000747d00000,0x0000000748130000,0x000000076c180000)
  to   space 612352K, 0% used [0x0000000721580000,0x0000000721580000,0x0000000746b80000)
 ParOldGen       total 6488576K, used 4459398K [0x0000000440000000, 0x00000005cc080000, 0x0000000695580000)
  object space 6488576K, 68% used [0x0000000440000000,0x00000005502e1860,0x00000005cc080000)
 Metaspace       used 64192K, capacity 70134K, committed 70528K, reserved 1110016K
  class space    used 8816K, capacity 9443K, committed 9600K, reserved 1048576K
}
Event: 32434.459 GC heap before
{Heap before GC invocations=58 (full 22):
 PSYoungGen      total 2888192K, used 4288K [0x0000000695580000, 0x000000076c180000, 0x00000007c0000000)
  eden space 2293760K, 0% used [0x0000000695580000,0x0000000695580000,0x0000000721580000)
  from space 594432K, 0% used [0x0000000747d00000,0x0000000748130000,0x000000076c180000)
  to   space 612352K, 0% used [0x0000000721580000,0x0000000721580000,0x0000000746b80000)
 ParOldGen       total 6488576K, used 4459398K [0x0000000440000000, 0x00000005cc080000, 0x0000000695580000)
  object space 6488576K, 68% used [0x0000000440000000,0x00000005502e1860,0x00000005cc080000)
 Metaspace       used 64192K, capacity 70134K, committed 70528K, reserved 1110016K
  class space    used 8816K, capacity 9443K, committed 9600K, reserved 1048576K
Event: 32440.389 GC heap after
Heap after GC invocations=58 (full 22):
 PSYoungGen      total 2888192K, used 0K [0x0000000695580000, 0x000000076c180000, 0x00000007c0000000)
  eden space 2293760K, 0% used [0x0000000695580000,0x0000000695580000,0x0000000721580000)
  from space 594432K, 0% used [0x0000000747d00000,0x0000000747d00000,0x000000076c180000)
  to   space 612352K, 0% used [0x0000000721580000,0x0000000721580000,0x0000000746b80000)
 ParOldGen       total 6488576K, used 4459388K [0x0000000440000000, 0x00000005cc080000, 0x0000000695580000)
  object space 6488576K, 68% used [0x0000000440000000,0x00000005502df3d0,0x00000005cc080000)
 Metaspace       used 64192K, capacity 70134K, committed 70528K, reserved 1110016K
  class space    used 8816K, capacity 9443K, committed 9600K, reserved 1048576K
}
Event: 34234.438 GC heap before
{Heap before GC invocations=59 (full 22):
 PSYoungGen      total 2888192K, used 1398388K [0x0000000695580000, 0x000000076c180000, 0x00000007c0000000)
  eden space 2293760K, 60% used [0x0000000695580000,0x00000006eab1d098,0x0000000721580000)
  from space 594432K, 0% used [0x0000000747d00000,0x0000000747d00000,0x000000076c180000)
  to   space 612352K, 0% used [0x0000000721580000,0x0000000721580000,0x0000000746b80000)
 ParOldGen       total 6488576K, used 4459388K [0x0000000440000000, 0x00000005cc080000, 0x0000000695580000)
  object space 6488576K, 68% used [0x0000000440000000,0x00000005502df3d0,0x00000005cc080000)
 Metaspace       used 64192K, capacity 70134K, committed 70528K, reserved 1110016K
  class space    used 8816K, capacity 9443K, committed 9600K, reserved 1048576K
Event: 34234.457 GC heap after
Heap after GC invocations=59 (full 22):
 PSYoungGen      total 2297856K, used 4000K [0x0000000695580000, 0x0000000769880000, 0x00000007c0000000)
  eden space 2293760K, 0% used [0x0000000695580000,0x0000000695580000,0x0000000721580000)
  from space 4096K, 97% used [0x0000000721580000,0x0000000721968000,0x0000000721980000)
  to   space 591360K, 0% used [0x0000000745700000,0x0000000745700000,0x0000000769880000)
 ParOldGen       total 6488576K, used 4459388K [0x0000000440000000, 0x00000005cc080000, 0x0000000695580000)
  object space 6488576K, 68% used [0x0000000440000000,0x00000005502df3d0,0x00000005cc080000)
 Metaspace       used 64192K, capacity 70134K, committed 70528K, reserved 1110016K
  class space    used 8816K, capacity 9443K, committed 9600K, reserved 1048576K
}
Event: 34234.457 GC heap before
{Heap before GC invocations=60 (full 23):
 PSYoungGen      total 2297856K, used 4000K [0x0000000695580000, 0x0000000769880000, 0x00000007c0000000)
  eden space 2293760K, 0% used [0x0000000695580000,0x0000000695580000,0x0000000721580000)
  from space 4096K, 97% used [0x0000000721580000,0x0000000721968000,0x0000000721980000)
  to   space 591360K, 0% used [0x0000000745700000,0x0000000745700000,0x0000000769880000)
 ParOldGen       total 6488576K, used 4459388K [0x0000000440000000, 0x00000005cc080000, 0x0000000695580000)
  object space 6488576K, 68% used [0x0000000440000000,0x00000005502df3d0,0x00000005cc080000)
 Metaspace       used 64192K, capacity 70134K, committed 70528K, reserved 1110016K
  class space    used 8816K, capacity 9443K, committed 9600K, reserved 1048576K
Event: 34240.696 GC heap after
Heap after GC invocations=60 (full 23):
 PSYoungGen      total 2297856K, used 0K [0x0000000695580000, 0x0000000769880000, 0x00000007c0000000)
  eden space 2293760K, 0% used [0x0000000695580000,0x0000000695580000,0x0000000721580000)
  from space 4096K, 0% used [0x0000000721580000,0x0000000721580000,0x0000000721980000)
  to   space 591360K, 0% used [0x0000000745700000,0x0000000745700000,0x0000000769880000)
 ParOldGen       total 6488576K, used 4459386K [0x0000000440000000, 0x00000005cc080000, 0x0000000695580000)
  object space 6488576K, 68% used [0x0000000440000000,0x00000005502deb20,0x00000005cc080000)
 Metaspace       used 64190K, capacity 70128K, committed 70528K, reserved 1110016K
  class space    used 8816K, capacity 9442K, committed 9600K, reserved 1048576K
}
Event: 36034.438 GC heap before
{Heap before GC invocations=61 (full 23):
 PSYoungGen      total 2297856K, used 1414980K [0x0000000695580000, 0x0000000769880000, 0x00000007c0000000)
  eden space 2293760K, 61% used [0x0000000695580000,0x00000006ebb510a0,0x0000000721580000)
  from space 4096K, 0% used [0x0000000721580000,0x0000000721580000,0x0000000721980000)
  to   space 591360K, 0% used [0x0000000745700000,0x0000000745700000,0x0000000769880000)
 ParOldGen       total 6488576K, used 4459386K [0x0000000440000000, 0x00000005cc080000, 0x0000000695580000)
  object space 6488576K, 68% used [0x0000000440000000,0x00000005502deb20,0x00000005cc080000)
 Metaspace       used 64190K, capacity 70128K, committed 70528K, reserved 1110016K
  class space    used 8816K, capacity 9442K, committed 9600K, reserved 1048576K
Event: 36034.463 GC heap after
Heap after GC invocations=61 (full 23):
 PSYoungGen      total 2840064K, used 4288K [0x0000000695580000, 0x0000000766c80000, 0x00000007c0000000)
  eden space 2293760K, 0% used [0x0000000695580000,0x0000000695580000,0x0000000721580000)
  from space 546304K, 0% used [0x0000000745700000,0x0000000745b30000,0x0000000766c80000)
  to   space 568832K, 0% used [0x0000000721580000,0x0000000721580000,0x0000000744100000)
 ParOldGen       total 6488576K, used 4459386K [0x0000000440000000, 0x00000005cc080000, 0x0000000695580000)
  object space 6488576K, 68% used [0x0000000440000000,0x00000005502deb20,0x00000005cc080000)
 Metaspace       used 64190K, capacity 70128K, committed 70528K, reserved 1110016K
  class space    used 8816K, capacity 9442K, committed 9600K, reserved 1048576K
}
Event: 36034.463 GC heap before
{Heap before GC invocations=62 (full 24):
 PSYoungGen      total 2840064K, used 4288K [0x0000000695580000, 0x0000000766c80000, 0x00000007c0000000)
  eden space 2293760K, 0% used [0x0000000695580000,0x0000000695580000,0x0000000721580000)
  from space 546304K, 0% used [0x0000000745700000,0x0000000745b30000,0x0000000766c80000)
  to   space 568832K, 0% used [0x0000000721580000,0x0000000721580000,0x0000000744100000)
 ParOldGen       total 6488576K, used 4459386K [0x0000000440000000, 0x00000005cc080000, 0x0000000695580000)
  object space 6488576K, 68% used [0x0000000440000000,0x00000005502deb20,0x00000005cc080000)
 Metaspace       used 64190K, capacity 70128K, committed 70528K, reserved 1110016K
  class space    used 8816K, capacity 9442K, committed 9600K, reserved 1048576K
Event: 36040.710 GC heap after
Heap after GC invocations=62 (full 24):
 PSYoungGen      total 2840064K, used 0K [0x0000000695580000, 0x0000000766c80000, 0x00000007c0000000)
  eden space 2293760K, 0% used [0x0000000695580000,0x0000000695580000,0x0000000721580000)
  from space 546304K, 0% used [0x0000000745700000,0x0000000745700000,0x0000000766c80000)
  to   space 568832K, 0% used [0x0000000721580000,0x0000000721580000,0x0000000744100000)
 ParOldGen       total 6488576K, used 4459389K [0x0000000440000000, 0x00000005cc080000, 0x0000000695580000)
  object space 6488576K, 68% used [0x0000000440000000,0x00000005502df7b8,0x00000005cc080000)
 Metaspace       used 64190K, capacity 70128K, committed 70528K, reserved 1110016K
  class space    used 8816K, capacity 9442K, committed 9600K, reserved 1048576K
}
Event: 37834.438 GC heap before
{Heap before GC invocations=63 (full 24):
 PSYoungGen      total 2840064K, used 1419486K [0x0000000695580000, 0x0000000766c80000, 0x00000007c0000000)
  eden space 2293760K, 61% used [0x0000000695580000,0x00000006ebfb7950,0x0000000721580000)
  from space 546304K, 0% used [0x0000000745700000,0x0000000745700000,0x0000000766c80000)
  to   space 568832K, 0% used [0x0000000721580000,0x0000000721580000,0x0000000744100000)
 ParOldGen       total 6488576K, used 4459389K [0x0000000440000000, 0x00000005cc080000, 0x0000000695580000)
  object space 6488576K, 68% used [0x0000000440000000,0x00000005502df7b8,0x00000005cc080000)
 Metaspace       used 64190K, capacity 70128K, committed 70528K, reserved 1110016K
  class space    used 8816K, capacity 9442K, committed 9600K, reserved 1048576K
Event: 37834.461 GC heap after
Heap after GC invocations=63 (full 24):
 PSYoungGen      total 2297856K, used 4000K [0x0000000695580000, 0x0000000763d80000, 0x00000007c0000000)
  eden space 2293760K, 0% used [0x0000000695580000,0x0000000695580000,0x0000000721580000)
  from space 4096K, 97% used [0x0000000721580000,0x0000000721968000,0x0000000721980000)
  to   space 544768K, 0% used [0x0000000742980000,0x0000000742980000,0x0000000763d80000)
 ParOldGen       total 6488576K, used 4459389K [0x0000000440000000, 0x00000005cc080000, 0x0000000695580000)
  object space 6488576K, 68% used [0x0000000440000000,0x00000005502df7b8,0x00000005cc080000)
 Metaspace       used 64190K, capacity 70128K, committed 70528K, reserved 1110016K
  class space    used 8816K, capacity 9442K, committed 9600K, reserved 1048576K
}
Event: 37834.461 GC heap before
{Heap before GC invocations=64 (full 25):
 PSYoungGen      total 2297856K, used 4000K [0x0000000695580000, 0x0000000763d80000, 0x00000007c0000000)
  eden space 2293760K, 0% used [0x0000000695580000,0x0000000695580000,0x0000000721580000)
  from space 4096K, 97% used [0x0000000721580000,0x0000000721968000,0x0000000721980000)
  to   space 544768K, 0% used [0x0000000742980000,0x0000000742980000,0x0000000763d80000)
 ParOldGen       total 6488576K, used 4459389K [0x0000000440000000, 0x00000005cc080000, 0x0000000695580000)
  object space 6488576K, 68% used [0x0000000440000000,0x00000005502df7b8,0x00000005cc080000)
 Metaspace       used 64190K, capacity 70128K, committed 70528K, reserved 1110016K
  class space    used 8816K, capacity 9442K, committed 9600K, reserved 1048576K
Event: 37840.679 GC heap after
Heap after GC invocations=64 (full 25):
 PSYoungGen      total 2297856K, used 0K [0x0000000695580000, 0x0000000763d80000, 0x00000007c0000000)
  eden space 2293760K, 0% used [0x0000000695580000,0x0000000695580000,0x0000000721580000)
  from space 4096K, 0% used [0x0000000721580000,0x0000000721580000,0x0000000721980000)
  to   space 544768K, 0% used [0x0000000742980000,0x0000000742980000,0x0000000763d80000)
 ParOldGen       total 6488576K, used 4459386K [0x0000000440000000, 0x00000005cc080000, 0x0000000695580000)
  object space 6488576K, 68% used [0x0000000440000000,0x00000005502de928,0x00000005cc080000)
 Metaspace       used 64187K, capacity 70122K, committed 70528K, reserved 1110016K
  class space    used 8815K, capacity 9441K, committed 9600K, reserved 1048576K
}
Event: 39634.438 GC heap before
{Heap before GC invocations=65 (full 25):
 PSYoungGen      total 2297856K, used 1424733K [0x0000000695580000, 0x0000000763d80000, 0x00000007c0000000)
  eden space 2293760K, 62% used [0x0000000695580000,0x00000006ec4d7580,0x0000000721580000)
  from space 4096K, 0% used [0x0000000721580000,0x0000000721580000,0x0000000721980000)
  to   space 544768K, 0% used [0x0000000742980000,0x0000000742980000,0x0000000763d80000)
 ParOldGen       total 6488576K, used 4459386K [0x0000000440000000, 0x00000005cc080000, 0x0000000695580000)
  object space 6488576K, 68% used [0x0000000440000000,0x00000005502de928,0x00000005cc080000)
 Metaspace       used 64188K, capacity 70122K, committed 70528K, reserved 1110016K
  class space    used 8815K, capacity 9441K, committed 9600K, reserved 1048576K
Event: 39634.462 GC heap after
Heap after GC invocations=65 (full 25):
 PSYoungGen      total 2788352K, used 4320K [0x0000000695580000, 0x0000000760c80000, 0x00000007c0000000)
  eden space 2293760K, 0% used [0x0000000695580000,0x0000000695580000,0x0000000721580000)
  from space 494592K, 0% used [0x0000000742980000,0x0000000742db8000,0x0000000760c80000)
  to   space 519680K, 0% used [0x0000000721580000,0x0000000721580000,0x0000000741100000)
 ParOldGen       total 6488576K, used 4459386K [0x0000000440000000, 0x00000005cc080000, 0x0000000695580000)
  object space 6488576K, 68% used [0x0000000440000000,0x00000005502de928,0x00000005cc080000)
 Metaspace       used 64188K, capacity 70122K, committed 70528K, reserved 1110016K
  class space    used 8815K, capacity 9441K, committed 9600K, reserved 1048576K
}
Event: 39634.462 GC heap before
{Heap before GC invocations=66 (full 26):
 PSYoungGen      total 2788352K, used 4320K [0x0000000695580000, 0x0000000760c80000, 0x00000007c0000000)
  eden space 2293760K, 0% used [0x0000000695580000,0x0000000695580000,0x0000000721580000)
  from space 494592K, 0% used [0x0000000742980000,0x0000000742db8000,0x0000000760c80000)
  to   space 519680K, 0% used [0x0000000721580000,0x0000000721580000,0x0000000741100000)
 ParOldGen       total 6488576K, used 4459386K [0x0000000440000000, 0x00000005cc080000, 0x0000000695580000)
  object space 6488576K, 68% used [0x0000000440000000,0x00000005502de928,0x00000005cc080000)
 Metaspace       used 64188K, capacity 70122K, committed 70528K, reserved 1110016K
  class space    used 8815K, capacity 9441K, committed 9600K, reserved 1048576K
Event: 39640.838 GC heap after
Heap after GC invocations=66 (full 26):
 PSYoungGen      total 2788352K, used 0K [0x0000000695580000, 0x0000000760c80000, 0x00000007c0000000)
  eden space 2293760K, 0% used [0x0000000695580000,0x0000000695580000,0x0000000721580000)
  from space 494592K, 0% used [0x0000000742980000,0x0000000742980000,0x0000000760c80000)
  to   space 519680K, 0% used [0x0000000721580000,0x0000000721580000,0x0000000741100000)
 ParOldGen       total 6488576K, used 4459315K [0x0000000440000000, 0x00000005cc080000, 0x0000000695580000)
  object space 6488576K, 68% used [0x0000000440000000,0x00000005502ccf18,0x00000005cc080000)
 Metaspace       used 64057K, capacity 69918K, committed 70528K, reserved 1110016K
  class space    used 8796K, capacity 9407K, committed 9600K, reserved 1048576K
}
Event: 41434.438 GC heap before
{Heap before GC invocations=67 (full 26):
 PSYoungGen      total 2788352K, used 1411949K [0x0000000695580000, 0x0000000760c80000, 0x00000007c0000000)
  eden space 2293760K, 61% used [0x0000000695580000,0x00000006eb85b478,0x0000000721580000)
  from space 494592K, 0% used [0x0000000742980000,0x0000000742980000,0x0000000760c80000)
  to   space 519680K, 0% used [0x0000000721580000,0x0000000721580000,0x0000000741100000)
 ParOldGen       total 6488576K, used 4459315K [0x0000000440000000, 0x00000005cc080000, 0x0000000695580000)
  object space 6488576K, 68% used [0x0000000440000000,0x00000005502ccf18,0x00000005cc080000)
 Metaspace       used 64057K, capacity 69918K, committed 70528K, reserved 1110016K
  class space    used 8796K, capacity 9407K, committed 9600K, reserved 1048576K
Event: 41434.463 GC heap after
Heap after GC invocations=67 (full 26):
 PSYoungGen      total 2297856K, used 4000K [0x0000000695580000, 0x000000075db80000, 0x00000007c0000000)
  eden space 2293760K, 0% used [0x0000000695580000,0x0000000695580000,0x0000000721580000)
  from space 4096K, 97% used [0x0000000721580000,0x0000000721968000,0x0000000721980000)
  to   space 494592K, 0% used [0x000000073f880000,0x000000073f880000,0x000000075db80000)
 ParOldGen       total 6488576K, used 4459315K [0x0000000440000000, 0x00000005cc080000, 0x0000000695580000)
  object space 6488576K, 68% used [0x0000000440000000,0x00000005502ccf18,0x00000005cc080000)
 Metaspace       used 64057K, capacity 69918K, committed 70528K, reserved 1110016K
  class space    used 8796K, capacity 9407K, committed 9600K, reserved 1048576K
}
Event: 41434.463 GC heap before
{Heap before GC invocations=68 (full 27):
 PSYoungGen      total 2297856K, used 4000K [0x0000000695580000, 0x000000075db80000, 0x00000007c0000000)
  eden space 2293760K, 0% used [0x0000000695580000,0x0000000695580000,0x0000000721580000)
  from space 4096K, 97% used [0x0000000721580000,0x0000000721968000,0x0000000721980000)
  to   space 494592K, 0% used [0x000000073f880000,0x000000073f880000,0x000000075db80000)
 ParOldGen       total 6488576K, used 4459315K [0x0000000440000000, 0x00000005cc080000, 0x0000000695580000)
  object space 6488576K, 68% used [0x0000000440000000,0x00000005502ccf18,0x00000005cc080000)
 Metaspace       used 64057K, capacity 69918K, committed 70528K, reserved 1110016K
  class space    used 8796K, capacity 9407K, committed 9600K, reserved 1048576K
Event: 41440.660 GC heap after
Heap after GC invocations=68 (full 27):
 PSYoungGen      total 2297856K, used 0K [0x0000000695580000, 0x000000075db80000, 0x00000007c0000000)
  eden space 2293760K, 0% used [0x0000000695580000,0x0000000695580000,0x0000000721580000)
  from space 4096K, 0% used [0x0000000721580000,0x0000000721580000,0x0000000721980000)
  to   space 494592K, 0% used [0x000000073f880000,0x000000073f880000,0x000000075db80000)
 ParOldGen       total 6488576K, used 4459317K [0x0000000440000000, 0x00000005cc080000, 0x0000000695580000)
  object space 6488576K, 68% used [0x0000000440000000,0x00000005502cd4e8,0x00000005cc080000)
 Metaspace       used 64057K, capacity 69918K, committed 70528K, reserved 1110016K
  class space    used 8796K, capacity 9407K, committed 9600K, reserved 1048576K
}
Event: 43234.438 GC heap before
{Heap before GC invocations=69 (full 27):
 PSYoungGen      total 2297856K, used 1502963K [0x0000000695580000, 0x000000075db80000, 0x00000007c0000000)
  eden space 2293760K, 65% used [0x0000000695580000,0x00000006f113ce40,0x0000000721580000)
  from space 4096K, 0% used [0x0000000721580000,0x0000000721580000,0x0000000721980000)
  to   space 494592K, 0% used [0x000000073f880000,0x000000073f880000,0x000000075db80000)
 ParOldGen       total 6488576K, used 4459317K [0x0000000440000000, 0x00000005cc080000, 0x0000000695580000)
  object space 6488576K, 68% used [0x0000000440000000,0x00000005502cd4e8,0x00000005cc080000)
 Metaspace       used 64159K, capacity 70080K, committed 70528K, reserved 1110016K
  class space    used 8811K, capacity 9434K, committed 9600K, reserved 1048576K
Event: 43234.466 GC heap after
Heap after GC invocations=69 (full 27):
 PSYoungGen      total 2734080K, used 15383K [0x0000000695580000, 0x000000075a680000, 0x00000007c0000000)
  eden space 2293760K, 0% used [0x0000000695580000,0x0000000695580000,0x0000000721580000)
  from space 440320K, 3% used [0x000000073f880000,0x0000000740785e40,0x000000075a680000)
  to   space 467456K, 0% used [0x0000000721580000,0x0000000721580000,0x000000073de00000)
 ParOldGen       total 6488576K, used 4459317K [0x0000000440000000, 0x00000005cc080000, 0x0000000695580000)
  object space 6488576K, 68% used [0x0000000440000000,0x00000005502cd4e8,0x00000005cc080000)
 Metaspace       used 64159K, capacity 70080K, committed 70528K, reserved 1110016K
  class space    used 8811K, capacity 9434K, committed 9600K, reserved 1048576K
}
Event: 43234.466 GC heap before
{Heap before GC invocations=70 (full 28):
 PSYoungGen      total 2734080K, used 15383K [0x0000000695580000, 0x000000075a680000, 0x00000007c0000000)
  eden space 2293760K, 0% used [0x0000000695580000,0x0000000695580000,0x0000000721580000)
  from space 440320K, 3% used [0x000000073f880000,0x0000000740785e40,0x000000075a680000)
  to   space 467456K, 0% used [0x0000000721580000,0x0000000721580000,0x000000073de00000)
 ParOldGen       total 6488576K, used 4459317K [0x0000000440000000, 0x00000005cc080000, 0x0000000695580000)
  object space 6488576K, 68% used [0x0000000440000000,0x00000005502cd4e8,0x00000005cc080000)
 Metaspace       used 64159K, capacity 70080K, committed 70528K, reserved 1110016K
  class space    used 8811K, capacity 9434K, committed 9600K, reserved 1048576K
Event: 43240.134 GC heap after
Heap after GC invocations=70 (full 28):
 PSYoungGen      total 2734080K, used 0K [0x0000000695580000, 0x000000075a680000, 0x00000007c0000000)
  eden space 2293760K, 0% used [0x0000000695580000,0x0000000695580000,0x0000000721580000)
  from space 440320K, 0% used [0x000000073f880000,0x000000073f880000,0x000000075a680000)
  to   space 467456K, 0% used [0x0000000721580000,0x0000000721580000,0x000000073de00000)
 ParOldGen       total 6488576K, used 4470240K [0x0000000440000000, 0x00000005cc080000, 0x0000000695580000)
  object space 6488576K, 68% used [0x0000000440000000,0x0000000550d78338,0x00000005cc080000)
 Metaspace       used 64159K, capacity 70080K, committed 70528K, reserved 1110016K
  class space    used 8811K, capacity 9434K, committed 9600K, reserved 1048576K
}
Event: 45034.438 GC heap before
{Heap before GC invocations=71 (full 28):
 PSYoungGen      total 2734080K, used 2214901K [0x0000000695580000, 0x000000075a680000, 0x00000007c0000000)
  eden space 2293760K, 96% used [0x0000000695580000,0x000000071c87d408,0x0000000721580000)
  from space 440320K, 0% used [0x000000073f880000,0x000000073f880000,0x000000075a680000)
  to   space 467456K, 0% used [0x0000000721580000,0x0000000721580000,0x000000073de00000)
 ParOldGen       total 6488576K, used 4470240K [0x0000000440000000, 0x00000005cc080000, 0x0000000695580000)
  object space 6488576K, 68% used [0x0000000440000000,0x0000000550d78338,0x00000005cc080000)
 Metaspace       used 64193K, capacity 70128K, committed 70528K, reserved 1110016K
  class space    used 8816K, capacity 9442K, committed 9600K, reserved 1048576K
Event: 45034.511 GC heap after
Heap after GC invocations=71 (full 28):
 PSYoungGen      total 2379264K, used 85458K [0x0000000695580000, 0x0000000755c80000, 0x00000007c0000000)
  eden space 2293760K, 0% used [0x0000000695580000,0x0000000695580000,0x0000000721580000)
  from space 85504K, 99% used [0x0000000721580000,0x00000007268f49d0,0x0000000726900000)
  to   space 429568K, 0% used [0x000000073b900000,0x000000073b900000,0x0000000755c80000)
 ParOldGen       total 6488576K, used 4470248K [0x0000000440000000, 0x00000005cc080000, 0x0000000695580000)
  object space 6488576K, 68% used [0x0000000440000000,0x0000000550d7a338,0x00000005cc080000)
 Metaspace       used 64193K, capacity 70128K, committed 70528K, reserved 1110016K
  class space    used 8816K, capacity 9442K, committed 9600K, reserved 1048576K
}
Event: 45034.511 GC heap before
{Heap before GC invocations=72 (full 29):
 PSYoungGen      total 2379264K, used 85458K [0x0000000695580000, 0x0000000755c80000, 0x00000007c0000000)
  eden space 2293760K, 0% used [0x0000000695580000,0x0000000695580000,0x0000000721580000)
  from space 85504K, 99% used [0x0000000721580000,0x00000007268f49d0,0x0000000726900000)
  to   space 429568K, 0% used [0x000000073b900000,0x000000073b900000,0x0000000755c80000)
 ParOldGen       total 6488576K, used 4470248K [0x0000000440000000, 0x00000005cc080000, 0x0000000695580000)
  object space 6488576K, 68% used [0x0000000440000000,0x0000000550d7a338,0x00000005cc080000)
 Metaspace       used 64193K, capacity 70128K, committed 70528K, reserved 1110016K
  class space    used 8816K, capacity 9442K, committed 9600K, reserved 1048576K
Event: 45040.657 GC heap after
Heap after GC invocations=72 (full 29):
 PSYoungGen      total 2379264K, used 0K [0x0000000695580000, 0x0000000755c80000, 0x00000007c0000000)
  eden space 2293760K, 0% used [0x0000000695580000,0x0000000695580000,0x0000000721580000)
  from space 85504K, 0% used [0x0000000721580000,0x0000000721580000,0x0000000726900000)
  to   space 429568K, 0% used [0x000000073b900000,0x000000073b900000,0x0000000755c80000)
 ParOldGen       total 6488576K, used 4551570K [0x0000000440000000, 0x00000005cc080000, 0x0000000695580000)
  object space 6488576K, 70% used [0x0000000440000000,0x0000000555ce48b8,0x00000005cc080000)
 Metaspace       used 64193K, capacity 70128K, committed 70528K, reserved 1110016K
  class space    used 8816K, capacity 9442K, committed 9600K, reserved 1048576K
}
Event: 46078.488 GC heap before
{Heap before GC invocations=73 (full 29):
 PSYoungGen      total 2379264K, used 2293760K [0x0000000695580000, 0x0000000755c80000, 0x00000007c0000000)
  eden space 2293760K, 100% used [0x0000000695580000,0x0000000721580000,0x0000000721580000)
  from space 85504K, 0% used [0x0000000721580000,0x0000000721580000,0x0000000726900000)
  to   space 429568K, 0% used [0x000000073b900000,0x000000073b900000,0x0000000755c80000)
 ParOldGen       total 6488576K, used 4551570K [0x0000000440000000, 0x00000005cc080000, 0x0000000695580000)
  object space 6488576K, 70% used [0x0000000440000000,0x0000000555ce48b8,0x00000005cc080000)
 Metaspace       used 64195K, capacity 70128K, committed 70528K, reserved 1110016K
  class space    used 8816K, capacity 9442K, committed 9600K, reserved 1048576K
Event: 46078.601 GC heap after
Heap after GC invocations=73 (full 29):
 PSYoungGen      total 2732544K, used 152407K [0x0000000695580000, 0x0000000756b00000, 0x00000007c0000000)
  eden space 2302976K, 0% used [0x0000000695580000,0x0000000695580000,0x0000000721e80000)
  from space 429568K, 35% used [0x000000073b900000,0x0000000744dd5d58,0x0000000755c80000)
  to   space 420352K, 0% used [0x0000000721e80000,0x0000000721e80000,0x000000073b900000)
 ParOldGen       total 6488576K, used 4551570K [0x0000000440000000, 0x00000005cc080000, 0x0000000695580000)
  object space 6488576K, 70% used [0x0000000440000000,0x0000000555ce48b8,0x00000005cc080000)
 Metaspace       used 64195K, capacity 70128K, committed 70528K, reserved 1110016K
  class space    used 8816K, capacity 9442K, committed 9600K, reserved 1048576K
}
Event: 46834.438 GC heap before
{Heap before GC invocations=74 (full 29):
 PSYoungGen      total 2732544K, used 2355141K [0x0000000695580000, 0x0000000756b00000, 0x00000007c0000000)
  eden space 2302976K, 95% used [0x0000000695580000,0x000000071bc9b6a8,0x0000000721e80000)
  from space 429568K, 35% used [0x000000073b900000,0x0000000744dd5d58,0x0000000755c80000)
  to   space 420352K, 0% used [0x0000000721e80000,0x0000000721e80000,0x000000073b900000)
 ParOldGen       total 6488576K, used 4551570K [0x0000000440000000, 0x00000005cc080000, 0x0000000695580000)
  object space 6488576K, 70% used [0x0000000440000000,0x0000000555ce48b8,0x00000005cc080000)
 Metaspace       used 64245K, capacity 70200K, committed 70784K, reserved 1110016K
  class space    used 8816K, capacity 9442K, committed 9600K, reserved 1048576K
Event: 46834.658 GC heap after
Heap after GC invocations=74 (full 29):
 PSYoungGen      total 2723328K, used 312508K [0x0000000695580000, 0x000000075cb00000, 0x00000007c0000000)
  eden space 2302976K, 0% used [0x0000000695580000,0x0000000695580000,0x0000000721e80000)
  from space 420352K, 74% used [0x0000000721e80000,0x0000000734faf128,0x000000073b900000)
  to   space 469504K, 0% used [0x0000000740080000,0x0000000740080000,0x000000075cb00000)
 ParOldGen       total 6488576K, used 4551578K [0x0000000440000000, 0x00000005cc080000, 0x0000000695580000)
  object space 6488576K, 70% used [0x0000000440000000,0x0000000555ce68b8,0x00000005cc080000)
 Metaspace       used 64245K, capacity 70200K, committed 70784K, reserved 1110016K
  class space    used 8816K, capacity 9442K, committed 9600K, reserved 1048576K
}
Event: 46834.658 GC heap before
{Heap before GC invocations=75 (full 30):
 PSYoungGen      total 2723328K, used 312508K [0x0000000695580000, 0x000000075cb00000, 0x00000007c0000000)
  eden space 2302976K, 0% used [0x0000000695580000,0x0000000695580000,0x0000000721e80000)
  from space 420352K, 74% used [0x0000000721e80000,0x0000000734faf128,0x000000073b900000)
  to   space 469504K, 0% used [0x0000000740080000,0x0000000740080000,0x000000075cb00000)
 ParOldGen       total 6488576K, used 4551578K [0x0000000440000000, 0x00000005cc080000, 0x0000000695580000)
  object space 6488576K, 70% used [0x0000000440000000,0x0000000555ce68b8,0x00000005cc080000)
 Metaspace       used 64245K, capacity 70200K, committed 70784K, reserved 1110016K
  class space    used 8816K, capacity 9442K, committed 9600K, reserved 1048576K
Event: 46841.448 GC heap after
Heap after GC invocations=75 (full 30):
 PSYoungGen      total 2723328K, used 0K [0x0000000695580000, 0x000000075cb00000, 0x00000007c0000000)
  eden space 2302976K, 0% used [0x0000000695580000,0x0000000695580000,0x0000000721e80000)
  from space 420352K, 0% used [0x0000000721e80000,0x0000000721e80000,0x000000073b900000)
  to   space 469504K, 0% used [0x0000000740080000,0x0000000740080000,0x000000075cb00000)
 ParOldGen       total 6488576K, used 4859180K [0x0000000440000000, 0x00000005cc080000, 0x0000000695580000)
  object space 6488576K, 74% used [0x0000000440000000,0x000000056894b2b8,0x00000005cc080000)
 Metaspace       used 64245K, capacity 70200K, committed 70784K, reserved 1110016K
  class space    used 8816K, capacity 9442K, committed 9600K, reserved 1048576K
}
Event: 47602.481 GC heap before
{Heap before GC invocations=76 (full 30):
 PSYoungGen      total 2723328K, used 2302976K [0x0000000695580000, 0x000000075cb00000, 0x00000007c0000000)
  eden space 2302976K, 100% used [0x0000000695580000,0x0000000721e80000,0x0000000721e80000)
  from space 420352K, 0% used [0x0000000721e80000,0x0000000721e80000,0x000000073b900000)
  to   space 469504K, 0% used [0x0000000740080000,0x0000000740080000,0x000000075cb00000)
 ParOldGen       total 6488576K, used 4859180K [0x0000000440000000, 0x00000005cc080000, 0x0000000695580000)
  object space 6488576K, 74% used [0x0000000440000000,0x000000056894b2b8,0x00000005cc080000)
 Metaspace       used 64248K, capacity 70200K, committed 70784K, reserved 1110016K
  class space    used 8816K, capacity 9442K, committed 9600K, reserved 1048576K
Event: 47602.609 GC heap after
Heap after GC invocations=76 (full 30):
 PSYoungGen      total 2770944K, used 171919K [0x0000000695580000, 0x000000075b100000, 0x00000007c0000000)
  eden space 2328064K, 0% used [0x0000000695580000,0x0000000695580000,0x0000000723700000)
  from space 442880K, 38% used [0x0000000740080000,0x000000074a863c00,0x000000075b100000)
  to   space 455680K, 0% used [0x0000000723700000,0x0000000723700000,0x000000073f400000)
 ParOldGen       total 6488576K, used 4859180K [0x0000000440000000, 0x00000005cc080000, 0x0000000695580000)
  object space 6488576K, 74% used [0x0000000440000000,0x000000056894b2b8,0x00000005cc080000)
 Metaspace       used 64248K, capacity 70200K, committed 70784K, reserved 1110016K
  class space    used 8816K, capacity 9442K, committed 9600K, reserved 1048576K
}
Event: 48325.803 GC heap before
{Heap before GC invocations=77 (full 30):
 PSYoungGen      total 2770944K, used 2499983K [0x0000000695580000, 0x000000075b100000, 0x00000007c0000000)
  eden space 2328064K, 100% used [0x0000000695580000,0x0000000723700000,0x0000000723700000)
  from space 442880K, 38% used [0x0000000740080000,0x000000074a863c00,0x000000075b100000)
  to   space 455680K, 0% used [0x0000000723700000,0x0000000723700000,0x000000073f400000)
 ParOldGen       total 6488576K, used 4859180K [0x0000000440000000, 0x00000005cc080000, 0x0000000695580000)
  object space 6488576K, 74% used [0x0000000440000000,0x000000056894b2b8,0x00000005cc080000)
 Metaspace       used 64263K, capacity 70208K, committed 70784K, reserved 1110016K
  class space    used 8816K, capacity 9442K, committed 9600K, reserved 1048576K
Event: 48326.042 GC heap after
Heap after GC invocations=77 (full 30):
 PSYoungGen      total 2783744K, used 346915K [0x0000000695580000, 0x0000000762700000, 0x00000007c0000000)
  eden space 2328064K, 0% used [0x0000000695580000,0x0000000695580000,0x0000000723700000)
  from space 455680K, 76% used [0x0000000723700000,0x00000007389c8c18,0x000000073f400000)
  to   space 506368K, 0% used [0x0000000743880000,0x0000000743880000,0x0000000762700000)
 ParOldGen       total 6488576K, used 4859180K [0x0000000440000000, 0x00000005cc080000, 0x0000000695580000)
  object space 6488576K, 74% used [0x0000000440000000,0x000000056894b2b8,0x00000005cc080000)
 Metaspace       used 64263K, capacity 70208K, committed 70784K, reserved 1110016K
  class space    used 8816K, capacity 9442K, committed 9600K, reserved 1048576K
}
Event: 48634.438 GC heap before
{Heap before GC invocations=78 (full 30):
 PSYoungGen      total 2783744K, used 776008K [0x0000000695580000, 0x0000000762700000, 0x00000007c0000000)
  eden space 2328064K, 18% used [0x0000000695580000,0x00000006af8896d8,0x0000000723700000)
  from space 455680K, 76% used [0x0000000723700000,0x00000007389c8c18,0x000000073f400000)
  to   space 506368K, 0% used [0x0000000743880000,0x0000000743880000,0x0000000762700000)
 ParOldGen       total 6488576K, used 4859180K [0x0000000440000000, 0x00000005cc080000, 0x0000000695580000)
  object space 6488576K, 74% used [0x0000000440000000,0x000000056894b2b8,0x00000005cc080000)
 Metaspace       used 64341K, capacity 70296K, committed 70784K, reserved 1110016K
  class space    used 8816K, capacity 9442K, committed 9600K, reserved 1048576K
Event: 48634.703 GC heap after
Heap after GC invocations=78 (full 30):
 PSYoungGen      total 2807808K, used 365247K [0x0000000695580000, 0x0000000768100000, 0x00000007c0000000)
  eden space 2301440K, 0% used [0x0000000695580000,0x0000000695580000,0x0000000721d00000)
  from space 506368K, 72% used [0x0000000743880000,0x0000000759d2fe88,0x0000000762700000)
  to   space 552448K, 0% used [0x0000000721d00000,0x0000000721d00000,0x0000000743880000)
 ParOldGen       total 6488576K, used 4859180K [0x0000000440000000, 0x00000005cc080000, 0x0000000695580000)
  object space 6488576K, 74% used [0x0000000440000000,0x000000056894b2b8,0x00000005cc080000)
 Metaspace       used 64341K, capacity 70296K, committed 70784K, reserved 1110016K
  class space    used 8816K, capacity 9442K, committed 9600K, reserved 1048576K
}
Event: 48634.703 GC heap before
{Heap before GC invocations=79 (full 31):
 PSYoungGen      total 2807808K, used 365247K [0x0000000695580000, 0x0000000768100000, 0x00000007c0000000)
  eden space 2301440K, 0% used [0x0000000695580000,0x0000000695580000,0x0000000721d00000)
  from space 506368K, 72% used [0x0000000743880000,0x0000000759d2fe88,0x0000000762700000)
  to   space 552448K, 0% used [0x0000000721d00000,0x0000000721d00000,0x0000000743880000)
 ParOldGen       total 6488576K, used 4859180K [0x0000000440000000, 0x00000005cc080000, 0x0000000695580000)
  object space 6488576K, 74% used [0x0000000440000000,0x000000056894b2b8,0x00000005cc080000)
 Metaspace       used 64341K, capacity 70296K, committed 70784K, reserved 1110016K
  class space    used 8816K, capacity 9442K, committed 9600K, reserved 1048576K
Event: 48642.254 GC heap after
Heap after GC invocations=79 (full 31):
 PSYoungGen      total 2807808K, used 0K [0x0000000695580000, 0x0000000768100000, 0x00000007c0000000)
  eden space 2301440K, 0% used [0x0000000695580000,0x0000000695580000,0x0000000721d00000)
  from space 506368K, 0% used [0x0000000743880000,0x0000000743880000,0x0000000762700000)
  to   space 552448K, 0% used [0x0000000721d00000,0x0000000721d00000,0x0000000743880000)
 ParOldGen       total 6488576K, used 5219835K [0x0000000440000000, 0x00000005cc080000, 0x0000000695580000)
  object space 6488576K, 80% used [0x0000000440000000,0x000000057e97eeb0,0x00000005cc080000)
 Metaspace       used 64341K, capacity 70296K, committed 70784K, reserved 1110016K
  class space    used 8816K, capacity 9442K, committed 9600K, reserved 1048576K
}
Event: 49887.715 GC heap before
{Heap before GC invocations=80 (full 31):
 PSYoungGen      total 2807808K, used 2301440K [0x0000000695580000, 0x0000000768100000, 0x00000007c0000000)
  eden space 2301440K, 100% used [0x0000000695580000,0x0000000721d00000,0x0000000721d00000)
  from space 506368K, 0% used [0x0000000743880000,0x0000000743880000,0x0000000762700000)
  to   space 552448K, 0% used [0x0000000721d00000,0x0000000721d00000,0x0000000743880000)
 ParOldGen       total 6488576K, used 5219835K [0x0000000440000000, 0x00000005cc080000, 0x0000000695580000)
  object space 6488576K, 80% used [0x0000000440000000,0x000000057e97eeb0,0x00000005cc080000)
 Metaspace       used 64341K, capacity 70296K, committed 70784K, reserved 1110016K
  class space    used 8816K, capacity 9442K, committed 9600K, reserved 1048576K
Event: 49887.854 GC heap after
Heap after GC invocations=80 (full 31):
 PSYoungGen      total 2441216K, used 139499K [0x0000000695580000, 0x0000000761e80000, 0x00000007c0000000)
  eden space 2301440K, 0% used [0x0000000695580000,0x0000000695580000,0x0000000721d00000)
  from space 139776K, 99% used [0x0000000721d00000,0x000000072a53ad18,0x000000072a580000)
  to   space 517632K, 0% used [0x0000000742500000,0x0000000742500000,0x0000000761e80000)
 ParOldGen       total 6488576K, used 5219835K [0x0000000440000000, 0x00000005cc080000, 0x0000000695580000)
  object space 6488576K, 80% used [0x0000000440000000,0x000000057e97eeb0,0x00000005cc080000)
 Metaspace       used 64341K, capacity 70296K, committed 70784K, reserved 1110016K
  class space    used 8816K, capacity 9442K, committed 9600K, reserved 1048576K
}
Event: 50434.438 GC heap before
{Heap before GC invocations=81 (full 31):
 PSYoungGen      total 2441216K, used 1144794K [0x0000000695580000, 0x0000000761e80000, 0x00000007c0000000)
  eden space 2301440K, 43% used [0x0000000695580000,0x00000006d2b3bcd8,0x0000000721d00000)
  from space 139776K, 99% used [0x0000000721d00000,0x000000072a53ad18,0x000000072a580000)
  to   space 517632K, 0% used [0x0000000742500000,0x0000000742500000,0x0000000761e80000)
 ParOldGen       total 6488576K, used 5219835K [0x0000000440000000, 0x00000005cc080000, 0x0000000695580000)
  object space 6488576K, 80% used [0x0000000440000000,0x000000057e97eeb0,0x00000005cc080000)
 Metaspace       used 64343K, capacity 70296K, committed 70784K, reserved 1110016K
  class space    used 8816K, capacity 9442K, committed 9600K, reserved 1048576K
Event: 50434.582 GC heap after
Heap after GC invocations=81 (full 31):
 PSYoungGen      total 2785792K, used 192121K [0x0000000695580000, 0x000000075ef80000, 0x00000007c0000000)
  eden space 2316288K, 0% used [0x0000000695580000,0x0000000695580000,0x0000000722b80000)
  from space 469504K, 40% used [0x0000000742500000,0x000000074e09e418,0x000000075ef80000)
  to   space 493568K, 0% used [0x0000000722b80000,0x0000000722b80000,0x0000000740d80000)
 ParOldGen       total 6488576K, used 5219835K [0x0000000440000000, 0x00000005cc080000, 0x0000000695580000)
  object space 6488576K, 80% used [0x0000000440000000,0x000000057e97eeb0,0x00000005cc080000)
 Metaspace       used 64343K, capacity 70296K, committed 70784K, reserved 1110016K
  class space    used 8816K, capacity 9442K, committed 9600K, reserved 1048576K
}
Event: 50434.582 GC heap before
{Heap before GC invocations=82 (full 32):
 PSYoungGen      total 2785792K, used 192121K [0x0000000695580000, 0x000000075ef80000, 0x00000007c0000000)
  eden space 2316288K, 0% used [0x0000000695580000,0x0000000695580000,0x0000000722b80000)
  from space 469504K, 40% used [0x0000000742500000,0x000000074e09e418,0x000000075ef80000)
  to   space 493568K, 0% used [0x0000000722b80000,0x0000000722b80000,0x0000000740d80000)
 ParOldGen       total 6488576K, used 5219835K [0x0000000440000000, 0x00000005cc080000, 0x0000000695580000)
  object space 6488576K, 80% used [0x0000000440000000,0x000000057e97eeb0,0x00000005cc080000)
 Metaspace       used 64343K, capacity 70296K, committed 70784K, reserved 1110016K
  class space    used 8816K, capacity 9442K, committed 9600K, reserved 1048576K
Event: 50442.190 GC heap after
Heap after GC invocations=82 (full 32):
 PSYoungGen      total 2785792K, used 0K [0x0000000695580000, 0x000000075ef80000, 0x00000007c0000000)
  eden space 2316288K, 0% used [0x0000000695580000,0x0000000695580000,0x0000000722b80000)
  from space 469504K, 0% used [0x0000000742500000,0x0000000742500000,0x000000075ef80000)
  to   space 493568K, 0% used [0x0000000722b80000,0x0000000722b80000,0x0000000740d80000)
 ParOldGen       total 6488576K, used 5407222K [0x0000000440000000, 0x00000005cc080000, 0x0000000695580000)
  object space 6488576K, 83% used [0x0000000440000000,0x000000058a07d9c0,0x00000005cc080000)
 Metaspace       used 64343K, capacity 70296K, committed 70784K, reserved 1110016K
  class space    used 8816K, capacity 9442K, committed 9600K, reserved 1048576K
}
Event: 52234.438 GC heap before
{Heap before GC invocations=83 (full 32):
 PSYoungGen      total 2785792K, used 2191195K [0x0000000695580000, 0x000000075ef80000, 0x00000007c0000000)
  eden space 2316288K, 94% used [0x0000000695580000,0x000000071b156f78,0x0000000722b80000)
  from space 469504K, 0% used [0x0000000742500000,0x0000000742500000,0x000000075ef80000)
  to   space 493568K, 0% used [0x0000000722b80000,0x0000000722b80000,0x0000000740d80000)
 ParOldGen       total 6488576K, used 5407222K [0x0000000440000000, 0x00000005cc080000, 0x0000000695580000)
  object space 6488576K, 83% used [0x0000000440000000,0x000000058a07d9c0,0x00000005cc080000)
 Metaspace       used 64346K, capacity 70296K, committed 70784K, reserved 1110016K
  class space    used 8816K, capacity 9442K, committed 9600K, reserved 1048576K
Event: 52234.510 GC heap after
Heap after GC invocations=83 (full 32):
 PSYoungGen      total 2398720K, used 81933K [0x0000000695580000, 0x000000075ca80000, 0x00000007c0000000)
  eden space 2316288K, 0% used [0x0000000695580000,0x0000000695580000,0x0000000722b80000)
  from space 82432K, 99% used [0x0000000722b80000,0x0000000727b835b0,0x0000000727c00000)
  to   space 474624K, 0% used [0x000000073fb00000,0x000000073fb00000,0x000000075ca80000)
 ParOldGen       total 6488576K, used 5407222K [0x0000000440000000, 0x00000005cc080000, 0x0000000695580000)
  object space 6488576K, 83% used [0x0000000440000000,0x000000058a07d9c0,0x00000005cc080000)
 Metaspace       used 64346K, capacity 70296K, committed 70784K, reserved 1110016K
  class space    used 8816K, capacity 9442K, committed 9600K, reserved 1048576K
}
Event: 52234.510 GC heap before
{Heap before GC invocations=84 (full 33):
 PSYoungGen      total 2398720K, used 81933K [0x0000000695580000, 0x000000075ca80000, 0x00000007c0000000)
  eden space 2316288K, 0% used [0x0000000695580000,0x0000000695580000,0x0000000722b80000)
  from space 82432K, 99% used [0x0000000722b80000,0x0000000727b835b0,0x0000000727c00000)
  to   space 474624K, 0% used [0x000000073fb00000,0x000000073fb00000,0x000000075ca80000)
 ParOldGen       total 6488576K, used 5407222K [0x0000000440000000, 0x00000005cc080000, 0x0000000695580000)
  object space 6488576K, 83% used [0x0000000440000000,0x000000058a07d9c0,0x00000005cc080000)
 Metaspace       used 64346K, capacity 70296K, committed 70784K, reserved 1110016K
  class space    used 8816K, capacity 9442K, committed 9600K, reserved 1048576K
Event: 52241.959 GC heap after
Heap after GC invocations=84 (full 33):
 PSYoungGen      total 2398720K, used 0K [0x0000000695580000, 0x000000075ca80000, 0x00000007c0000000)
  eden space 2316288K, 0% used [0x0000000695580000,0x0000000695580000,0x0000000722b80000)
  from space 82432K, 0% used [0x0000000722b80000,0x0000000722b80000,0x0000000727c00000)
  to   space 474624K, 0% used [0x000000073fb00000,0x000000073fb00000,0x000000075ca80000)
 ParOldGen       total 6488576K, used 5484754K [0x0000000440000000, 0x00000005cc080000, 0x0000000695580000)
  object space 6488576K, 84% used [0x0000000440000000,0x000000058ec348c8,0x00000005cc080000)
 Metaspace       used 64342K, capacity 70290K, committed 70784K, reserved 1110016K
  class space    used 8815K, capacity 9441K, committed 9600K, reserved 1048576K
}
Event: 54034.438 GC heap before
{Heap before GC invocations=85 (full 33):
 PSYoungGen      total 2398720K, used 1693866K [0x0000000695580000, 0x000000075ca80000, 0x00000007c0000000)
  eden space 2316288K, 73% used [0x0000000695580000,0x00000006fcbaab58,0x0000000722b80000)
  from space 82432K, 0% used [0x0000000722b80000,0x0000000722b80000,0x0000000727c00000)
  to   space 474624K, 0% used [0x000000073fb00000,0x000000073fb00000,0x000000075ca80000)
 ParOldGen       total 6488576K, used 5484754K [0x0000000440000000, 0x00000005cc080000, 0x0000000695580000)
  object space 6488576K, 84% used [0x0000000440000000,0x000000058ec348c8,0x00000005cc080000)
 Metaspace       used 64342K, capacity 70290K, committed 70784K, reserved 1110016K
  class space    used 8815K, capacity 9441K, committed 9600K, reserved 1048576K
Event: 54034.478 GC heap after
Heap after GC invocations=85 (full 33):
 PSYoungGen      total 2769408K, used 32769K [0x0000000695580000, 0x000000075b580000, 0x00000007c0000000)
  eden space 2316288K, 0% used [0x0000000695580000,0x0000000695580000,0x0000000722b80000)
  from space 453120K, 7% used [0x000000073fb00000,0x0000000741b006a8,0x000000075b580000)
  to   space 463872K, 0% used [0x0000000722b80000,0x0000000722b80000,0x000000073f080000)
 ParOldGen       total 6488576K, used 5484754K [0x0000000440000000, 0x00000005cc080000, 0x0000000695580000)
  object space 6488576K, 84% used [0x0000000440000000,0x000000058ec348c8,0x00000005cc080000)
 Metaspace       used 64342K, capacity 70290K, committed 70784K, reserved 1110016K
  class space    used 8815K, capacity 9441K, committed 9600K, reserved 1048576K
}
Event: 54034.478 GC heap before
{Heap before GC invocations=86 (full 34):
 PSYoungGen      total 2769408K, used 32769K [0x0000000695580000, 0x000000075b580000, 0x00000007c0000000)
  eden space 2316288K, 0% used [0x0000000695580000,0x0000000695580000,0x0000000722b80000)
  from space 453120K, 7% used [0x000000073fb00000,0x0000000741b006a8,0x000000075b580000)
  to   space 463872K, 0% used [0x0000000722b80000,0x0000000722b80000,0x000000073f080000)
 ParOldGen       total 6488576K, used 5484754K [0x0000000440000000, 0x00000005cc080000, 0x0000000695580000)
  object space 6488576K, 84% used [0x0000000440000000,0x000000058ec348c8,0x00000005cc080000)
 Metaspace       used 64342K, capacity 70290K, committed 70784K, reserved 1110016K
  class space    used 8815K, capacity 9441K, committed 9600K, reserved 1048576K
Event: 54041.814 GC heap after
Heap after GC invocations=86 (full 34):
 PSYoungGen      total 2769408K, used 0K [0x0000000695580000, 0x000000075b580000, 0x00000007c0000000)
  eden space 2316288K, 0% used [0x0000000695580000,0x0000000695580000,0x0000000722b80000)
  from space 453120K, 0% used [0x000000073fb00000,0x000000073fb00000,0x000000075b580000)
  to   space 463872K, 0% used [0x0000000722b80000,0x0000000722b80000,0x000000073f080000)
 ParOldGen       total 6488576K, used 5513041K [0x0000000440000000, 0x00000005cc080000, 0x0000000695580000)
  object space 6488576K, 84% used [0x0000000440000000,0x00000005907d4400,0x00000005cc080000)
 Metaspace       used 64342K, capacity 70290K, committed 70784K, reserved 1110016K
  class space    used 8815K, capacity 9441K, committed 9600K, reserved 1048576K
}
Event: 55834.438 GC heap before
{Heap before GC invocations=87 (full 34):
 PSYoungGen      total 2769408K, used 1472758K [0x0000000695580000, 0x000000075b580000, 0x00000007c0000000)
  eden space 2316288K, 63% used [0x0000000695580000,0x00000006ef3bd968,0x0000000722b80000)
  from space 453120K, 0% used [0x000000073fb00000,0x000000073fb00000,0x000000075b580000)
  to   space 463872K, 0% used [0x0000000722b80000,0x0000000722b80000,0x000000073f080000)
 ParOldGen       total 6488576K, used 5513041K [0x0000000440000000, 0x00000005cc080000, 0x0000000695580000)
  object space 6488576K, 84% used [0x0000000440000000,0x00000005907d4400,0x00000005cc080000)
 Metaspace       used 64342K, capacity 70290K, committed 70784K, reserved 1110016K
  class space    used 8815K, capacity 9441K, committed 9600K, reserved 1048576K
Event: 55834.464 GC heap after
Heap after GC invocations=87 (full 34):
 PSYoungGen      total 2327552K, used 11077K [0x0000000695580000, 0x000000075a380000, 0x00000007c0000000)
  eden space 2316288K, 0% used [0x0000000695580000,0x0000000695580000,0x0000000722b80000)
  from space 11264K, 98% used [0x0000000722b80000,0x0000000723651430,0x0000000723680000)
  to   space 454656K, 0% used [0x000000073e780000,0x000000073e780000,0x000000075a380000)
 ParOldGen       total 6488576K, used 5513041K [0x0000000440000000, 0x00000005cc080000, 0x0000000695580000)
  object space 6488576K, 84% used [0x0000000440000000,0x00000005907d4400,0x00000005cc080000)
 Metaspace       used 64342K, capacity 70290K, committed 70784K, reserved 1110016K
  class space    used 8815K, capacity 9441K, committed 9600K, reserved 1048576K
}
Event: 55834.464 GC heap before
{Heap before GC invocations=88 (full 35):
 PSYoungGen      total 2327552K, used 11077K [0x0000000695580000, 0x000000075a380000, 0x00000007c0000000)
  eden space 2316288K, 0% used [0x0000000695580000,0x0000000695580000,0x0000000722b80000)
  from space 11264K, 98% used [0x0000000722b80000,0x0000000723651430,0x0000000723680000)
  to   space 454656K, 0% used [0x000000073e780000,0x000000073e780000,0x000000075a380000)
 ParOldGen       total 6488576K, used 5513041K [0x0000000440000000, 0x00000005cc080000, 0x0000000695580000)
  object space 6488576K, 84% used [0x0000000440000000,0x00000005907d4400,0x00000005cc080000)
 Metaspace       used 64342K, capacity 70290K, committed 70784K, reserved 1110016K
  class space    used 8815K, capacity 9441K, committed 9600K, reserved 1048576K
Event: 55841.635 GC heap after
Heap after GC invocations=88 (full 35):
 PSYoungGen      total 2327552K, used 0K [0x0000000695580000, 0x000000075a380000, 0x00000007c0000000)
  eden space 2316288K, 0% used [0x0000000695580000,0x0000000695580000,0x0000000722b80000)
  from space 11264K, 0% used [0x0000000722b80000,0x0000000722b80000,0x0000000723680000)
  to   space 454656K, 0% used [0x000000073e780000,0x000000073e780000,0x000000075a380000)
 ParOldGen       total 6488576K, used 5520111K [0x0000000440000000, 0x00000005cc080000, 0x0000000695580000)
  object space 6488576K, 85% used [0x0000000440000000,0x0000000590ebbcc0,0x00000005cc080000)
 Metaspace       used 64342K, capacity 70290K, committed 70784K, reserved 1110016K
  class space    used 8815K, capacity 9441K, committed 9600K, reserved 1048576K
}
Event: 57634.438 GC heap before
{Heap before GC invocations=89 (full 35):
 PSYoungGen      total 2327552K, used 1418622K [0x0000000695580000, 0x000000075a380000, 0x00000007c0000000)
  eden space 2316288K, 61% used [0x0000000695580000,0x00000006ebedf970,0x0000000722b80000)
  from space 11264K, 0% used [0x0000000722b80000,0x0000000722b80000,0x0000000723680000)
  to   space 454656K, 0% used [0x000000073e780000,0x000000073e780000,0x000000075a380000)
 ParOldGen       total 6488576K, used 5520111K [0x0000000440000000, 0x00000005cc080000, 0x0000000695580000)
  object space 6488576K, 85% used [0x0000000440000000,0x0000000590ebbcc0,0x00000005cc080000)
 Metaspace       used 64342K, capacity 70290K, committed 70784K, reserved 1110016K
  class space    used 8815K, capacity 9441K, committed 9600K, reserved 1048576K
Event: 57634.465 GC heap after
Heap after GC invocations=89 (full 35):
 PSYoungGen      total 2749440K, used 4288K [0x0000000695580000, 0x0000000758e80000, 0x00000007c0000000)
  eden space 2316288K, 0% used [0x0000000695580000,0x0000000695580000,0x0000000722b80000)
  from space 433152K, 0% used [0x000000073e780000,0x000000073ebb0000,0x0000000758e80000)
  to   space 443904K, 0% used [0x0000000722b80000,0x0000000722b80000,0x000000073dd00000)
 ParOldGen       total 6488576K, used 5520111K [0x0000000440000000, 0x00000005cc080000, 0x0000000695580000)
  object space 6488576K, 85% used [0x0000000440000000,0x0000000590ebbcc0,0x00000005cc080000)
 Metaspace       used 64342K, capacity 70290K, committed 70784K, reserved 1110016K
  class space    used 8815K, capacity 9441K, committed 9600K, reserved 1048576K
}
Event: 57634.465 GC heap before
{Heap before GC invocations=90 (full 36):
 PSYoungGen      total 2749440K, used 4288K [0x0000000695580000, 0x0000000758e80000, 0x00000007c0000000)
  eden space 2316288K, 0% used [0x0000000695580000,0x0000000695580000,0x0000000722b80000)
  from space 433152K, 0% used [0x000000073e780000,0x000000073ebb0000,0x0000000758e80000)
  to   space 443904K, 0% used [0x0000000722b80000,0x0000000722b80000,0x000000073dd00000)
 ParOldGen       total 6488576K, used 5520111K [0x0000000440000000, 0x00000005cc080000, 0x0000000695580000)
  object space 6488576K, 85% used [0x0000000440000000,0x0000000590ebbcc0,0x00000005cc080000)
 Metaspace       used 64342K, capacity 70290K, committed 70784K, reserved 1110016K
  class space    used 8815K, capacity 9441K, committed 9600K, reserved 1048576K
Event: 57641.254 GC heap after
Heap after GC invocations=90 (full 36):
 PSYoungGen      total 2749440K, used 0K [0x0000000695580000, 0x0000000758e80000, 0x00000007c0000000)
  eden space 2316288K, 0% used [0x0000000695580000,0x0000000695580000,0x0000000722b80000)
  from space 433152K, 0% used [0x000000073e780000,0x000000073e780000,0x0000000758e80000)
  to   space 443904K, 0% used [0x0000000722b80000,0x0000000722b80000,0x000000073dd00000)
 ParOldGen       total 6488576K, used 5520114K [0x0000000440000000, 0x00000005cc080000, 0x0000000695580000)
  object space 6488576K, 85% used [0x0000000440000000,0x0000000590ebc9d0,0x00000005cc080000)
 Metaspace       used 64342K, capacity 70290K, committed 70784K, reserved 1110016K
  class space    used 8815K, capacity 9441K, committed 9600K, reserved 1048576K
}
Event: 59434.438 GC heap before
{Heap before GC invocations=91 (full 36):
 PSYoungGen      total 2749440K, used 1413023K [0x0000000695580000, 0x0000000758e80000, 0x00000007c0000000)
  eden space 2316288K, 61% used [0x0000000695580000,0x00000006eb967d98,0x0000000722b80000)
  from space 433152K, 0% used [0x000000073e780000,0x000000073e780000,0x0000000758e80000)
  to   space 443904K, 0% used [0x0000000722b80000,0x0000000722b80000,0x000000073dd00000)
 ParOldGen       total 6488576K, used 5520114K [0x0000000440000000, 0x00000005cc080000, 0x0000000695580000)
  object space 6488576K, 85% used [0x0000000440000000,0x0000000590ebc9d0,0x00000005cc080000)
 Metaspace       used 64343K, capacity 70290K, committed 70784K, reserved 1110016K
  class space    used 8815K, capacity 9441K, committed 9600K, reserved 1048576K
Event: 59434.467 GC heap after
Heap after GC invocations=91 (full 36):
 PSYoungGen      total 2320384K, used 4000K [0x0000000695580000, 0x0000000757480000, 0x00000007c0000000)
  eden space 2316288K, 0% used [0x0000000695580000,0x0000000695580000,0x0000000722b80000)
  from space 4096K, 97% used [0x0000000722b80000,0x0000000722f68000,0x0000000722f80000)
  to   space 430592K, 0% used [0x000000073d000000,0x000000073d000000,0x0000000757480000)
 ParOldGen       total 6488576K, used 5520114K [0x0000000440000000, 0x00000005cc080000, 0x0000000695580000)
  object space 6488576K, 85% used [0x0000000440000000,0x0000000590ebc9d0,0x00000005cc080000)
 Metaspace       used 64343K, capacity 70290K, committed 70784K, reserved 1110016K
  class space    used 8815K, capacity 9441K, committed 9600K, reserved 1048576K
}
Event: 59434.467 GC heap before
{Heap before GC invocations=92 (full 37):
 PSYoungGen      total 2320384K, used 4000K [0x0000000695580000, 0x0000000757480000, 0x00000007c0000000)
  eden space 2316288K, 0% used [0x0000000695580000,0x0000000695580000,0x0000000722b80000)
  from space 4096K, 97% used [0x0000000722b80000,0x0000000722f68000,0x0000000722f80000)
  to   space 430592K, 0% used [0x000000073d000000,0x000000073d000000,0x0000000757480000)
 ParOldGen       total 6488576K, used 5520114K [0x0000000440000000, 0x00000005cc080000, 0x0000000695580000)
  object space 6488576K, 85% used [0x0000000440000000,0x0000000590ebc9d0,0x00000005cc080000)
 Metaspace       used 64343K, capacity 70290K, committed 70784K, reserved 1110016K
  class space    used 8815K, capacity 9441K, committed 9600K, reserved 1048576K
Event: 59441.418 GC heap after
Heap after GC invocations=92 (full 37):
 PSYoungGen      total 2320384K, used 0K [0x0000000695580000, 0x0000000757480000, 0x00000007c0000000)
  eden space 2316288K, 0% used [0x0000000695580000,0x0000000695580000,0x0000000722b80000)
  from space 4096K, 0% used [0x0000000722b80000,0x0000000722b80000,0x0000000722f80000)
  to   space 430592K, 0% used [0x000000073d000000,0x000000073d000000,0x0000000757480000)
 ParOldGen       total 6488576K, used 5520114K [0x0000000440000000, 0x00000005cc080000, 0x0000000695580000)
  object space 6488576K, 85% used [0x0000000440000000,0x0000000590ebc878,0x00000005cc080000)
 Metaspace       used 64343K, capacity 70290K, committed 70784K, reserved 1110016K
  class space    used 8815K, capacity 9441K, committed 9600K, reserved 1048576K
}
Event: 61234.438 GC heap before
{Heap before GC invocations=93 (full 37):
 PSYoungGen      total 2320384K, used 1399274K [0x0000000695580000, 0x0000000757480000, 0x00000007c0000000)
  eden space 2316288K, 60% used [0x0000000695580000,0x00000006eabfa958,0x0000000722b80000)
  from space 4096K, 0% used [0x0000000722b80000,0x0000000722b80000,0x0000000722f80000)
  to   space 430592K, 0% used [0x000000073d000000,0x000000073d000000,0x0000000757480000)
 ParOldGen       total 6488576K, used 5520114K [0x0000000440000000, 0x00000005cc080000, 0x0000000695580000)
  object space 6488576K, 85% used [0x0000000440000000,0x0000000590ebc878,0x00000005cc080000)
 Metaspace       used 64347K, capacity 70290K, committed 70784K, reserved 1110016K
  class space    used 8815K, capacity 9441K, committed 9600K, reserved 1048576K
Event: 61234.465 GC heap after
Heap after GC invocations=93 (full 37):
 PSYoungGen      total 2717184K, used 4288K [0x0000000695580000, 0x0000000755780000, 0x00000007c0000000)
  eden space 2316288K, 0% used [0x0000000695580000,0x0000000695580000,0x0000000722b80000)
  from space 400896K, 1% used [0x000000073d000000,0x000000073d430000,0x0000000755780000)
  to   space 415744K, 0% used [0x0000000722b80000,0x0000000722b80000,0x000000073c180000)
 ParOldGen       total 6488576K, used 5520114K [0x0000000440000000, 0x00000005cc080000, 0x0000000695580000)
  object space 6488576K, 85% used [0x0000000440000000,0x0000000590ebc878,0x00000005cc080000)
 Metaspace       used 64347K, capacity 70290K, committed 70784K, reserved 1110016K
  class space    used 8815K, capacity 9441K, committed 9600K, reserved 1048576K
}
Event: 61234.465 GC heap before
{Heap before GC invocations=94 (full 38):
 PSYoungGen      total 2717184K, used 4288K [0x0000000695580000, 0x0000000755780000, 0x00000007c0000000)
  eden space 2316288K, 0% used [0x0000000695580000,0x0000000695580000,0x0000000722b80000)
  from space 400896K, 1% used [0x000000073d000000,0x000000073d430000,0x0000000755780000)
  to   space 415744K, 0% used [0x0000000722b80000,0x0000000722b80000,0x000000073c180000)
 ParOldGen       total 6488576K, used 5520114K [0x0000000440000000, 0x00000005cc080000, 0x0000000695580000)
  object space 6488576K, 85% used [0x0000000440000000,0x0000000590ebc878,0x00000005cc080000)
 Metaspace       used 64347K, capacity 70290K, committed 70784K, reserved 1110016K
  class space    used 8815K, capacity 9441K, committed 9600K, reserved 1048576K
Event: 61241.414 GC heap after
Heap after GC invocations=94 (full 38):
 PSYoungGen      total 2717184K, used 0K [0x0000000695580000, 0x0000000755780000, 0x00000007c0000000)
  eden space 2316288K, 0% used [0x0000000695580000,0x0000000695580000,0x0000000722b80000)
  from space 400896K, 0% used [0x000000073d000000,0x000000073d000000,0x0000000755780000)
  to   space 415744K, 0% used [0x0000000722b80000,0x0000000722b80000,0x000000073c180000)
 ParOldGen       total 6488576K, used 5520112K [0x0000000440000000, 0x00000005cc080000, 0x0000000695580000)
  object space 6488576K, 85% used [0x0000000440000000,0x0000000590ebc020,0x00000005cc080000)
 Metaspace       used 64347K, capacity 70290K, committed 70784K, reserved 1110016K
  class space    used 8815K, capacity 9441K, committed 9600K, reserved 1048576K
}
Event: 63034.438 GC heap before
{Heap before GC invocations=95 (full 38):
 PSYoungGen      total 2717184K, used 1430135K [0x0000000695580000, 0x0000000755780000, 0x00000007c0000000)
  eden space 2316288K, 61% used [0x0000000695580000,0x00000006eca1df10,0x0000000722b80000)
  from space 400896K, 0% used [0x000000073d000000,0x000000073d000000,0x0000000755780000)
  to   space 415744K, 0% used [0x0000000722b80000,0x0000000722b80000,0x000000073c180000)
 ParOldGen       total 6488576K, used 5520112K [0x0000000440000000, 0x00000005cc080000, 0x0000000695580000)
  object space 6488576K, 85% used [0x0000000440000000,0x0000000590ebc020,0x00000005cc080000)
 Metaspace       used 64377K, capacity 70334K, committed 70784K, reserved 1110016K
  class space    used 8821K, capacity 9451K, committed 9600K, reserved 1048576K
Event: 63034.466 GC heap after
Heap after GC invocations=95 (full 38):
 PSYoungGen      total 2323968K, used 7666K [0x0000000695580000, 0x0000000753680000, 0x00000007c0000000)
  eden space 2316288K, 0% used [0x0000000695580000,0x0000000695580000,0x0000000722b80000)
  from space 7680K, 99% used [0x0000000722b80000,0x00000007232fca18,0x0000000723300000)
  to   space 398848K, 0% used [0x000000073b100000,0x000000073b100000,0x0000000753680000)
 ParOldGen       total 6488576K, used 5520112K [0x0000000440000000, 0x00000005cc080000, 0x0000000695580000)
  object space 6488576K, 85% used [0x0000000440000000,0x0000000590ebc020,0x00000005cc080000)
 Metaspace       used 64377K, capacity 70334K, committed 70784K, reserved 1110016K
  class space    used 8821K, capacity 9451K, committed 9600K, reserved 1048576K
}
Event: 63034.466 GC heap before
{Heap before GC invocations=96 (full 39):
 PSYoungGen      total 2323968K, used 7666K [0x0000000695580000, 0x0000000753680000, 0x00000007c0000000)
  eden space 2316288K, 0% used [0x0000000695580000,0x0000000695580000,0x0000000722b80000)
  from space 7680K, 99% used [0x0000000722b80000,0x00000007232fca18,0x0000000723300000)
  to   space 398848K, 0% used [0x000000073b100000,0x000000073b100000,0x0000000753680000)
 ParOldGen       total 6488576K, used 5520112K [0x0000000440000000, 0x00000005cc080000, 0x0000000695580000)
  object space 6488576K, 85% used [0x0000000440000000,0x0000000590ebc020,0x00000005cc080000)
 Metaspace       used 64377K, capacity 70334K, committed 70784K, reserved 1110016K
  class space    used 8821K, capacity 9451K, committed 9600K, reserved 1048576K
Event: 63043.486 GC heap after
Heap after GC invocations=96 (full 39):
 PSYoungGen      total 2323968K, used 0K [0x0000000695580000, 0x0000000753680000, 0x00000007c0000000)
  eden space 2316288K, 0% used [0x0000000695580000,0x0000000695580000,0x0000000722b80000)
  from space 7680K, 0% used [0x0000000722b80000,0x0000000722b80000,0x0000000723300000)
  to   space 398848K, 0% used [0x000000073b100000,0x000000073b100000,0x0000000753680000)
 ParOldGen       total 6488576K, used 5523618K [0x0000000440000000, 0x00000005cc080000, 0x0000000695580000)
  object space 6488576K, 85% used [0x0000000440000000,0x0000000591228bb8,0x00000005cc080000)
 Metaspace       used 64327K, capacity 70256K, committed 70784K, reserved 1110016K
  class space    used 8814K, capacity 9438K, committed 9600K, reserved 1048576K
}
Event: 64834.438 GC heap before
{Heap before GC invocations=97 (full 39):
 PSYoungGen      total 2323968K, used 1463326K [0x0000000695580000, 0x0000000753680000, 0x00000007c0000000)
  eden space 2316288K, 63% used [0x0000000695580000,0x00000006eea878d8,0x0000000722b80000)
  from space 7680K, 0% used [0x0000000722b80000,0x0000000722b80000,0x0000000723300000)
  to   space 398848K, 0% used [0x000000073b100000,0x000000073b100000,0x0000000753680000)
 ParOldGen       total 6488576K, used 5523618K [0x0000000440000000, 0x00000005cc080000, 0x0000000695580000)
  object space 6488576K, 85% used [0x0000000440000000,0x0000000591228bb8,0x00000005cc080000)
 Metaspace       used 64340K, capacity 70272K, committed 70784K, reserved 1110016K
  class space    used 8814K, capacity 9438K, committed 9600K, reserved 1048576K
Event: 64834.473 GC heap after
Heap after GC invocations=97 (full 39):
 PSYoungGen      total 2676224K, used 18506K [0x0000000695580000, 0x0000000751080000, 0x00000007c0000000)
  eden space 2316288K, 0% used [0x0000000695580000,0x0000000695580000,0x0000000722b80000)
  from space 359936K, 5% used [0x000000073b100000,0x000000073c312858,0x0000000751080000)
  to   space 379392K, 0% used [0x0000000722b80000,0x0000000722b80000,0x0000000739e00000)
 ParOldGen       total 6488576K, used 5523618K [0x0000000440000000, 0x00000005cc080000, 0x0000000695580000)
  object space 6488576K, 85% used [0x0000000440000000,0x0000000591228bb8,0x00000005cc080000)
 Metaspace       used 64340K, capacity 70272K, committed 70784K, reserved 1110016K
  class space    used 8814K, capacity 9438K, committed 9600K, reserved 1048576K
}
Event: 64834.473 GC heap before
{Heap before GC invocations=98 (full 40):
 PSYoungGen      total 2676224K, used 18506K [0x0000000695580000, 0x0000000751080000, 0x00000007c0000000)
  eden space 2316288K, 0% used [0x0000000695580000,0x0000000695580000,0x0000000722b80000)
  from space 359936K, 5% used [0x000000073b100000,0x000000073c312858,0x0000000751080000)
  to   space 379392K, 0% used [0x0000000722b80000,0x0000000722b80000,0x0000000739e00000)
 ParOldGen       total 6488576K, used 5523618K [0x0000000440000000, 0x00000005cc080000, 0x0000000695580000)
  object space 6488576K, 85% used [0x0000000440000000,0x0000000591228bb8,0x00000005cc080000)
 Metaspace       used 64340K, capacity 70272K, committed 70784K, reserved 1110016K
  class space    used 8814K, capacity 9438K, committed 9600K, reserved 1048576K
Event: 64841.732 GC heap after
Heap after GC invocations=98 (full 40):
 PSYoungGen      total 2676224K, used 0K [0x0000000695580000, 0x0000000751080000, 0x00000007c0000000)
  eden space 2316288K, 0% used [0x0000000695580000,0x0000000695580000,0x0000000722b80000)
  from space 359936K, 0% used [0x000000073b100000,0x000000073b100000,0x0000000751080000)
  to   space 379392K, 0% used [0x0000000722b80000,0x0000000722b80000,0x0000000739e00000)
 ParOldGen       total 6488576K, used 5537754K [0x0000000440000000, 0x00000005cc080000, 0x0000000695580000)
  object space 6488576K, 85% used [0x0000000440000000,0x0000000591ff6b98,0x00000005cc080000)
 Metaspace       used 64340K, capacity 70272K, committed 70784K, reserved 1110016K
  class space    used 8814K, capacity 9438K, committed 9600K, reserved 1048576K
}
Event: 66634.438 GC heap before
{Heap before GC invocations=99 (full 40):
 PSYoungGen      total 2676224K, used 1509014K [0x0000000695580000, 0x0000000751080000, 0x00000007c0000000)
  eden space 2316288K, 65% used [0x0000000695580000,0x00000006f1725b20,0x0000000722b80000)
  from space 359936K, 0% used [0x000000073b100000,0x000000073b100000,0x0000000751080000)
  to   space 379392K, 0% used [0x0000000722b80000,0x0000000722b80000,0x0000000739e00000)
 ParOldGen       total 6488576K, used 5537754K [0x0000000440000000, 0x00000005cc080000, 0x0000000695580000)
  object space 6488576K, 85% used [0x0000000440000000,0x0000000591ff6b98,0x00000005cc080000)
 Metaspace       used 64340K, capacity 70272K, committed 70784K, reserved 1110016K
  class space    used 8814K, capacity 9438K, committed 9600K, reserved 1048576K
Event: 66634.488 GC heap after
Heap after GC invocations=99 (full 40):
 PSYoungGen      total 2352640K, used 35969K [0x0000000695580000, 0x000000074e580000, 0x00000007c0000000)
  eden space 2316288K, 0% used [0x0000000695580000,0x0000000695580000,0x0000000722b80000)
  from space 36352K, 98% used [0x0000000722b80000,0x0000000724ea06a8,0x0000000724f00000)
  to   space 357376K, 0% used [0x0000000738880000,0x0000000738880000,0x000000074e580000)
 ParOldGen       total 6488576K, used 5537754K [0x0000000440000000, 0x00000005cc080000, 0x0000000695580000)
  object space 6488576K, 85% used [0x0000000440000000,0x0000000591ff6b98,0x00000005cc080000)
 Metaspace       used 64340K, capacity 70272K, committed 70784K, reserved 1110016K
  class space    used 8814K, capacity 9438K, committed 9600K, reserved 1048576K
}
Event: 66634.489 GC heap before
{Heap before GC invocations=100 (full 41):
 PSYoungGen      total 2352640K, used 35969K [0x0000000695580000, 0x000000074e580000, 0x00000007c0000000)
  eden space 2316288K, 0% used [0x0000000695580000,0x0000000695580000,0x0000000722b80000)
  from space 36352K, 98% used [0x0000000722b80000,0x0000000724ea06a8,0x0000000724f00000)
  to   space 357376K, 0% used [0x0000000738880000,0x0000000738880000,0x000000074e580000)
 ParOldGen       total 6488576K, used 5537754K [0x0000000440000000, 0x00000005cc080000, 0x0000000695580000)
  object space 6488576K, 85% used [0x0000000440000000,0x0000000591ff6b98,0x00000005cc080000)
 Metaspace       used 64340K, capacity 70272K, committed 70784K, reserved 1110016K
  class space    used 8814K, capacity 9438K, committed 9600K, reserved 1048576K
Event: 66642.290 GC heap after
Heap after GC invocations=100 (full 41):
 PSYoungGen      total 2352640K, used 0K [0x0000000695580000, 0x000000074e580000, 0x00000007c0000000)
  eden space 2316288K, 0% used [0x0000000695580000,0x0000000695580000,0x0000000722b80000)
  from space 36352K, 0% used [0x0000000722b80000,0x0000000722b80000,0x0000000724f00000)
  to   space 357376K, 0% used [0x0000000738880000,0x0000000738880000,0x000000074e580000)
 ParOldGen       total 6488576K, used 5569583K [0x0000000440000000, 0x00000005cc080000, 0x0000000695580000)
  object space 6488576K, 85% used [0x0000000440000000,0x0000000593f0bc38,0x00000005cc080000)
 Metaspace       used 64340K, capacity 70272K, committed 70784K, reserved 1110016K
  class space    used 8814K, capacity 9438K, committed 9600K, reserved 1048576K
}
Event: 68434.438 GC heap before
{Heap before GC invocations=101 (full 41):
 PSYoungGen      total 2352640K, used 1979635K [0x0000000695580000, 0x000000074e580000, 0x00000007c0000000)
  eden space 2316288K, 85% used [0x0000000695580000,0x000000070e2bcf40,0x0000000722b80000)
  from space 36352K, 0% used [0x0000000722b80000,0x0000000722b80000,0x0000000724f00000)
  to   space 357376K, 0% used [0x0000000738880000,0x0000000738880000,0x000000074e580000)
 ParOldGen       total 6488576K, used 5569583K [0x0000000440000000, 0x00000005cc080000, 0x0000000695580000)
  object space 6488576K, 85% used [0x0000000440000000,0x0000000593f0bc38,0x00000005cc080000)
 Metaspace       used 64346K, capacity 70272K, committed 70784K, reserved 1110016K
  class space    used 8814K, capacity 9438K, committed 9600K, reserved 1048576K
Event: 68434.606 GC heap after
Heap after GC invocations=101 (full 41):
 PSYoungGen      total 2664448K, used 177748K [0x0000000695580000, 0x000000074f780000, 0x00000007c0000000)
  eden space 2307072K, 0% used [0x0000000695580000,0x0000000695580000,0x0000000722280000)
  from space 357376K, 49% used [0x0000000738880000,0x0000000743615038,0x000000074e580000)
  to   space 366592K, 0% used [0x0000000722280000,0x0000000722280000,0x0000000738880000)
 ParOldGen       total 6488576K, used 5569583K [0x0000000440000000, 0x00000005cc080000, 0x0000000695580000)
  object space 6488576K, 85% used [0x0000000440000000,0x0000000593f0bc38,0x00000005cc080000)
 Metaspace       used 64346K, capacity 70272K, committed 70784K, reserved 1110016K
  class space    used 8814K, capacity 9438K, committed 9600K, reserved 1048576K
}
Event: 68434.606 GC heap before
{Heap before GC invocations=102 (full 42):
 PSYoungGen      total 2664448K, used 177748K [0x0000000695580000, 0x000000074f780000, 0x00000007c0000000)
  eden space 2307072K, 0% used [0x0000000695580000,0x0000000695580000,0x0000000722280000)
  from space 357376K, 49% used [0x0000000738880000,0x0000000743615038,0x000000074e580000)
  to   space 366592K, 0% used [0x0000000722280000,0x0000000722280000,0x0000000738880000)
 ParOldGen       total 6488576K, used 5569583K [0x0000000440000000, 0x00000005cc080000, 0x0000000695580000)
  object space 6488576K, 85% used [0x0000000440000000,0x0000000593f0bc38,0x00000005cc080000)
 Metaspace       used 64346K, capacity 70272K, committed 70784K, reserved 1110016K
  class space    used 8814K, capacity 9438K, committed 9600K, reserved 1048576K
Event: 68442.837 GC heap after
Heap after GC invocations=102 (full 42):
 PSYoungGen      total 2664448K, used 0K [0x0000000695580000, 0x000000074f780000, 0x00000007c0000000)
  eden space 2307072K, 0% used [0x0000000695580000,0x0000000695580000,0x0000000722280000)
  from space 357376K, 0% used [0x0000000738880000,0x0000000738880000,0x000000074e580000)
  to   space 366592K, 0% used [0x0000000722280000,0x0000000722280000,0x0000000738880000)
 ParOldGen       total 6488576K, used 5742782K [0x0000000440000000, 0x00000005cc080000, 0x0000000695580000)
  object space 6488576K, 88% used [0x0000000440000000,0x000000059e82fb20,0x00000005cc080000)
 Metaspace       used 64346K, capacity 70272K, committed 70784K, reserved 1110016K
  class space    used 8814K, capacity 9438K, committed 9600K, reserved 1048576K
}
Event: 70234.438 GC heap before
{Heap before GC invocations=103 (full 42):
 PSYoungGen      total 2664448K, used 2269359K [0x0000000695580000, 0x000000074f780000, 0x00000007c0000000)
  eden space 2307072K, 98% used [0x0000000695580000,0x000000071fdabd90,0x0000000722280000)
  from space 357376K, 0% used [0x0000000738880000,0x0000000738880000,0x000000074e580000)
  to   space 366592K, 0% used [0x0000000722280000,0x0000000722280000,0x0000000738880000)
 ParOldGen       total 6488576K, used 5742782K [0x0000000440000000, 0x00000005cc080000, 0x0000000695580000)
  object space 6488576K, 88% used [0x0000000440000000,0x000000059e82fb20,0x00000005cc080000)
 Metaspace       used 64346K, capacity 70272K, committed 70784K, reserved 1110016K
  class space    used 8815K, capacity 9438K, committed 9600K, reserved 1048576K
Event: 70234.655 GC heap after
Heap after GC invocations=103 (full 42):
 PSYoungGen      total 2673664K, used 301447K [0x0000000695580000, 0x0000000755c80000, 0x00000007c0000000)
  eden space 2307072K, 0% used [0x0000000695580000,0x0000000695580000,0x0000000722280000)
  from space 366592K, 82% used [0x0000000722280000,0x00000007348e1cf0,0x0000000738880000)
  to   space 418304K, 0% used [0x000000073c400000,0x000000073c400000,0x0000000755c80000)
 ParOldGen       total 6488576K, used 5742782K [0x0000000440000000, 0x00000005cc080000, 0x0000000695580000)
  object space 6488576K, 88% used [0x0000000440000000,0x000000059e82fb20,0x00000005cc080000)
 Metaspace       used 64346K, capacity 70272K, committed 70784K, reserved 1110016K
  class space    used 8815K, capacity 9438K, committed 9600K, reserved 1048576K
}
Event: 70234.655 GC heap before
{Heap before GC invocations=104 (full 43):
 PSYoungGen      total 2673664K, used 301447K [0x0000000695580000, 0x0000000755c80000, 0x00000007c0000000)
  eden space 2307072K, 0% used [0x0000000695580000,0x0000000695580000,0x0000000722280000)
  from space 366592K, 82% used [0x0000000722280000,0x00000007348e1cf0,0x0000000738880000)
  to   space 418304K, 0% used [0x000000073c400000,0x000000073c400000,0x0000000755c80000)
 ParOldGen       total 6488576K, used 5742782K [0x0000000440000000, 0x00000005cc080000, 0x0000000695580000)
  object space 6488576K, 88% used [0x0000000440000000,0x000000059e82fb20,0x00000005cc080000)
 Metaspace       used 64346K, capacity 70272K, committed 70784K, reserved 1110016K
  class space    used 8815K, capacity 9438K, committed 9600K, reserved 1048576K
Event: 70242.778 GC heap after
Heap after GC invocations=104 (full 43):
 PSYoungGen      total 2673664K, used 0K [0x0000000695580000, 0x0000000755c80000, 0x00000007c0000000)
  eden space 2307072K, 0% used [0x0000000695580000,0x0000000695580000,0x0000000722280000)
  from space 366592K, 0% used [0x0000000722280000,0x0000000722280000,0x0000000738880000)
  to   space 418304K, 0% used [0x000000073c400000,0x000000073c400000,0x0000000755c80000)
 ParOldGen       total 6488576K, used 6039697K [0x0000000440000000, 0x00000005cc080000, 0x0000000695580000)
  object space 6488576K, 93% used [0x0000000440000000,0x00000005b0a247c0,0x00000005cc080000)
 Metaspace       used 64345K, capacity 70266K, committed 70784K, reserved 1110016K
  class space    used 8814K, capacity 9437K, committed 9600K, reserved 1048576K
}
Event: 72034.438 GC heap before
{Heap before GC invocations=105 (full 43):
 PSYoungGen      total 2673664K, used 2018792K [0x0000000695580000, 0x0000000755c80000, 0x00000007c0000000)
  eden space 2307072K, 87% used [0x0000000695580000,0x00000007108fa1c8,0x0000000722280000)
  from space 366592K, 0% used [0x0000000722280000,0x0000000722280000,0x0000000738880000)
  to   space 418304K, 0% used [0x000000073c400000,0x000000073c400000,0x0000000755c80000)
 ParOldGen       total 6488576K, used 6039697K [0x0000000440000000, 0x00000005cc080000, 0x0000000695580000)
  object space 6488576K, 93% used [0x0000000440000000,0x00000005b0a247c0,0x00000005cc080000)
 Metaspace       used 64352K, capacity 70266K, committed 70784K, reserved 1110016K
  class space    used 8814K, capacity 9437K, committed 9600K, reserved 1048576K
Event: 72034.662 GC heap after
Heap after GC invocations=105 (full 43):
 PSYoungGen      total 2691072K, used 308644K [0x0000000695580000, 0x000000075b180000, 0x00000007c0000000)
  eden space 2272768K, 0% used [0x0000000695580000,0x0000000695580000,0x0000000720100000)
  from space 418304K, 73% used [0x000000073c400000,0x000000074f1692e8,0x0000000755c80000)
  to   space 461824K, 0% used [0x0000000720100000,0x0000000720100000,0x000000073c400000)
 ParOldGen       total 6488576K, used 6039697K [0x0000000440000000, 0x00000005cc080000, 0x0000000695580000)
  object space 6488576K, 93% used [0x0000000440000000,0x00000005b0a247c0,0x00000005cc080000)
 Metaspace       used 64352K, capacity 70266K, committed 70784K, reserved 1110016K
  class space    used 8814K, capacity 9437K, committed 9600K, reserved 1048576K
}
Event: 72034.662 GC heap before
{Heap before GC invocations=106 (full 44):
 PSYoungGen      total 2691072K, used 308644K [0x0000000695580000, 0x000000075b180000, 0x00000007c0000000)
  eden space 2272768K, 0% used [0x0000000695580000,0x0000000695580000,0x0000000720100000)
  from space 418304K, 73% used [0x000000073c400000,0x000000074f1692e8,0x0000000755c80000)
  to   space 461824K, 0% used [0x0000000720100000,0x0000000720100000,0x000000073c400000)
 ParOldGen       total 6488576K, used 6039697K [0x0000000440000000, 0x00000005cc080000, 0x0000000695580000)
  object space 6488576K, 93% used [0x0000000440000000,0x00000005b0a247c0,0x00000005cc080000)
 Metaspace       used 64352K, capacity 70266K, committed 70784K, reserved 1110016K
  class space    used 8814K, capacity 9437K, committed 9600K, reserved 1048576K
Event: 72043.099 GC heap after
Heap after GC invocations=106 (full 44):
 PSYoungGen      total 2691072K, used 0K [0x0000000695580000, 0x000000075b180000, 0x00000007c0000000)
  eden space 2272768K, 0% used [0x0000000695580000,0x0000000695580000,0x0000000720100000)
  from space 418304K, 0% used [0x000000073c400000,0x000000073c400000,0x0000000755c80000)
  to   space 461824K, 0% used [0x0000000720100000,0x0000000720100000,0x000000073c400000)
 ParOldGen       total 6488576K, used 6343675K [0x0000000440000000, 0x00000005cc080000, 0x0000000695580000)
  object space 6488576K, 97% used [0x0000000440000000,0x00000005c32fef40,0x00000005cc080000)
 Metaspace       used 64352K, capacity 70266K, committed 70784K, reserved 1110016K
  class space    used 8814K, capacity 9437K, committed 9600K, reserved 1048576K
}
Event: 73834.438 GC heap before
{Heap before GC invocations=107 (full 45):
 PSYoungGen      total 2691072K, used 1246232K [0x0000000695580000, 0x000000075b180000, 0x00000007c0000000)
  eden space 2272768K, 54% used [0x0000000695580000,0x00000006e1686218,0x0000000720100000)
  from space 418304K, 0% used [0x000000073c400000,0x000000073c400000,0x0000000755c80000)
  to   space 461824K, 0% used [0x0000000720100000,0x0000000720100000,0x000000073c400000)
 ParOldGen       total 6488576K, used 6343675K [0x0000000440000000, 0x00000005cc080000, 0x0000000695580000)
  object space 6488576K, 97% used [0x0000000440000000,0x00000005c32fef40,0x00000005cc080000)
 Metaspace       used 64353K, capacity 70266K, committed 70784K, reserved 1110016K
  class space    used 8814K, capacity 9437K, committed 9600K, reserved 1048576K
Event: 73843.320 GC heap after
Heap after GC invocations=107 (full 45):
 PSYoungGen      total 2691072K, used 17752K [0x0000000695580000, 0x000000075b180000, 0x00000007c0000000)
  eden space 2272768K, 0% used [0x0000000695580000,0x00000006966d6308,0x0000000720100000)
  from space 418304K, 0% used [0x000000073c400000,0x000000073c400000,0x0000000755c80000)
  to   space 461824K, 0% used [0x0000000720100000,0x0000000720100000,0x000000073c400000)
 ParOldGen       total 6488576K, used 6488518K [0x0000000440000000, 0x00000005cc080000, 0x0000000695580000)
  object space 6488576K, 99% used [0x0000000440000000,0x00000005cc071928,0x00000005cc080000)
 Metaspace       used 64353K, capacity 70266K, committed 70784K, reserved 1110016K
  class space    used 8814K, capacity 9437K, committed 9600K, reserved 1048576K
}
Event: 75634.438 GC heap before
{Heap before GC invocations=108 (full 46):
 PSYoungGen      total 2691072K, used 798771K [0x0000000695580000, 0x000000075b180000, 0x00000007c0000000)
  eden space 2272768K, 35% used [0x0000000695580000,0x00000006c618ce18,0x0000000720100000)
  from space 418304K, 0% used [0x000000073c400000,0x000000073c400000,0x0000000755c80000)
  to   space 461824K, 0% used [0x0000000720100000,0x0000000720100000,0x000000073c400000)
 ParOldGen       total 6488576K, used 6488518K [0x0000000440000000, 0x00000005cc080000, 0x0000000695580000)
  object space 6488576K, 99% used [0x0000000440000000,0x00000005cc071928,0x00000005cc080000)
 Metaspace       used 64353K, capacity 70266K, committed 70784K, reserved 1110016K
  class space    used 8814K, capacity 9437K, committed 9600K, reserved 1048576K
Event: 75643.260 GC heap after
Heap after GC invocations=108 (full 46):
 PSYoungGen      total 2691072K, used 88457K [0x0000000695580000, 0x000000075b180000, 0x00000007c0000000)
  eden space 2272768K, 3% used [0x0000000695580000,0x000000069abe2650,0x0000000720100000)
  from space 418304K, 0% used [0x000000073c400000,0x000000073c400000,0x0000000755c80000)
  to   space 461824K, 0% used [0x0000000720100000,0x0000000720100000,0x000000073c400000)
 ParOldGen       total 6488576K, used 6488504K [0x0000000440000000, 0x00000005cc080000, 0x0000000695580000)
  object space 6488576K, 99% used [0x0000000440000000,0x00000005cc06e320,0x00000005cc080000)
 Metaspace       used 64353K, capacity 70266K, committed 70784K, reserved 1110016K
  class space    used 8814K, capacity 9437K, committed 9600K, reserved 1048576K
}
Event: 77434.441 GC heap before
{Heap before GC invocations=109 (full 47):
 PSYoungGen      total 2691072K, used 926749K [0x0000000695580000, 0x000000075b180000, 0x00000007c0000000)
  eden space 2272768K, 40% used [0x0000000695580000,0x00000006cde87608,0x0000000720100000)
  from space 418304K, 0% used [0x000000073c400000,0x000000073c400000,0x0000000755c80000)
  to   space 461824K, 0% used [0x0000000720100000,0x0000000720100000,0x000000073c400000)
 ParOldGen       total 6488576K, used 6488504K [0x0000000440000000, 0x00000005cc080000, 0x0000000695580000)
  object space 6488576K, 99% used [0x0000000440000000,0x00000005cc06e320,0x00000005cc080000)
 Metaspace       used 64533K, capacity 70600K, committed 70784K, reserved 1110016K
  class space    used 8862K, capacity 9497K, committed 9600K, reserved 1048576K
Event: 77444.584 GC heap after
Heap after GC invocations=109 (full 47):
 PSYoungGen      total 2691072K, used 189055K [0x0000000695580000, 0x000000075b180000, 0x00000007c0000000)
  eden space 2272768K, 8% used [0x0000000695580000,0x00000006a0e1fc80,0x0000000720100000)
  from space 418304K, 0% used [0x000000073c400000,0x000000073c400000,0x0000000755c80000)
  to   space 461824K, 0% used [0x0000000720100000,0x0000000720100000,0x000000073c400000)
 ParOldGen       total 6488576K, used 6488315K [0x0000000440000000, 0x00000005cc080000, 0x0000000695580000)
  object space 6488576K, 99% used [0x0000000440000000,0x00000005cc03ecd8,0x00000005cc080000)
 Metaspace       used 64531K, capacity 70594K, committed 70784K, reserved 1110016K
  class space    used 8862K, capacity 9496K, committed 9600K, reserved 1048576K
}
Event: 79234.440 GC heap before
{Heap before GC invocations=110 (full 48):
 PSYoungGen      total 2691072K, used 889458K [0x0000000695580000, 0x000000075b180000, 0x00000007c0000000)
  eden space 2272768K, 39% used [0x0000000695580000,0x00000006cba1c8c8,0x0000000720100000)
  from space 418304K, 0% used [0x000000073c400000,0x000000073c400000,0x0000000755c80000)
  to   space 461824K, 0% used [0x0000000720100000,0x0000000720100000,0x000000073c400000)
 ParOldGen       total 6488576K, used 6488315K [0x0000000440000000, 0x00000005cc080000, 0x0000000695580000)
  object space 6488576K, 99% used [0x0000000440000000,0x00000005cc03ecd8,0x00000005cc080000)
 Metaspace       used 64774K, capacity 70890K, committed 71040K, reserved 1110016K
  class space    used 8915K, capacity 9544K, committed 9600K, reserved 1048576K
Event: 79245.608 GC heap after
Heap after GC invocations=110 (full 48):
 PSYoungGen      total 2691072K, used 249122K [0x0000000695580000, 0x000000075b180000, 0x00000007c0000000)
  eden space 2272768K, 10% used [0x0000000695580000,0x00000006a48c8b48,0x0000000720100000)
  from space 418304K, 0% used [0x000000073c400000,0x000000073c400000,0x0000000755c80000)
  to   space 461824K, 0% used [0x0000000720100000,0x0000000720100000,0x000000073c400000)
 ParOldGen       total 6488576K, used 6488268K [0x0000000440000000, 0x00000005cc080000, 0x0000000695580000)
  object space 6488576K, 99% used [0x0000000440000000,0x00000005cc033320,0x00000005cc080000)
 Metaspace       used 64773K, capacity 70888K, committed 71040K, reserved 1110016K
  class space    used 8914K, capacity 9543K, committed 9600K, reserved 1048576K
}
Event: 81034.440 GC heap before
{Heap before GC invocations=111 (full 49):
 PSYoungGen      total 2691072K, used 787306K [0x0000000695580000, 0x000000075b180000, 0x00000007c0000000)
  eden space 2272768K, 34% used [0x0000000695580000,0x00000006c565abb8,0x0000000720100000)
  from space 418304K, 0% used [0x000000073c400000,0x000000073c400000,0x0000000755c80000)
  to   space 461824K, 0% used [0x0000000720100000,0x0000000720100000,0x000000073c400000)
 ParOldGen       total 6488576K, used 6488268K [0x0000000440000000, 0x00000005cc080000, 0x0000000695580000)
  object space 6488576K, 99% used [0x0000000440000000,0x00000005cc033320,0x00000005cc080000)
 Metaspace       used 64773K, capacity 70888K, committed 71040K, reserved 1110016K
  class space    used 8914K, capacity 9543K, committed 9600K, reserved 1048576K
Event: 81044.043 GC heap after
Heap after GC invocations=111 (full 49):
 PSYoungGen      total 2691072K, used 289339K [0x0000000695580000, 0x000000075b180000, 0x00000007c0000000)
  eden space 2272768K, 12% used [0x0000000695580000,0x00000006a700ed70,0x0000000720100000)
  from space 418304K, 0% used [0x000000073c400000,0x000000073c400000,0x0000000755c80000)
  to   space 461824K, 0% used [0x0000000720100000,0x0000000720100000,0x000000073c400000)
 ParOldGen       total 6488576K, used 6488268K [0x0000000440000000, 0x00000005cc080000, 0x0000000695580000)
  object space 6488576K, 99% used [0x0000000440000000,0x00000005cc033150,0x00000005cc080000)
 Metaspace       used 64773K, capacity 70888K, committed 71040K, reserved 1110016K
  class space    used 8914K, capacity 9543K, committed 9600K, reserved 1048576K
}
Event: 82834.442 GC heap before
{Heap before GC invocations=112 (full 50):
 PSYoungGen      total 2691072K, used 794844K [0x0000000695580000, 0x000000075b180000, 0x00000007c0000000)
  eden space 2272768K, 34% used [0x0000000695580000,0x00000006c5db7018,0x0000000720100000)
  from space 418304K, 0% used [0x000000073c400000,0x000000073c400000,0x0000000755c80000)
  to   space 461824K, 0% used [0x0000000720100000,0x0000000720100000,0x000000073c400000)
 ParOldGen       total 6488576K, used 6488268K [0x0000000440000000, 0x00000005cc080000, 0x0000000695580000)
  object space 6488576K, 99% used [0x0000000440000000,0x00000005cc033150,0x00000005cc080000)
 Metaspace       used 64773K, capacity 70888K, committed 71040K, reserved 1110016K
  class space    used 8914K, capacity 9543K, committed 9600K, reserved 1048576K
Event: 82845.736 GC heap after
Heap after GC invocations=112 (full 50):
 PSYoungGen      total 2691072K, used 324635K [0x0000000695580000, 0x000000075b180000, 0x00000007c0000000)
  eden space 2272768K, 14% used [0x0000000695580000,0x00000006a9286ff0,0x0000000720100000)
  from space 418304K, 0% used [0x000000073c400000,0x000000073c400000,0x0000000755c80000)
  to   space 461824K, 0% used [0x0000000720100000,0x0000000720100000,0x000000073c400000)
 ParOldGen       total 6488576K, used 6488268K [0x0000000440000000, 0x00000005cc080000, 0x0000000695580000)
  object space 6488576K, 99% used [0x0000000440000000,0x00000005cc0330c0,0x00000005cc080000)
 Metaspace       used 64773K, capacity 70888K, committed 71040K, reserved 1110016K
  class space    used 8914K, capacity 9543K, committed 9600K, reserved 1048576K
}
Event: 84634.449 GC heap before
{Heap before GC invocations=113 (full 51):
 PSYoungGen      total 2691072K, used 846298K [0x0000000695580000, 0x000000075b180000, 0x00000007c0000000)
  eden space 2272768K, 37% used [0x0000000695580000,0x00000006c8ff6980,0x0000000720100000)
  from space 418304K, 0% used [0x000000073c400000,0x000000073c400000,0x0000000755c80000)
  to   space 461824K, 0% used [0x0000000720100000,0x0000000720100000,0x000000073c400000)
 ParOldGen       total 6488576K, used 6488268K [0x0000000440000000, 0x00000005cc080000, 0x0000000695580000)
  object space 6488576K, 99% used [0x0000000440000000,0x00000005cc0330c0,0x00000005cc080000)
 Metaspace       used 64773K, capacity 70888K, committed 71040K, reserved 1110016K
  class space    used 8914K, capacity 9543K, committed 9600K, reserved 1048576K
Event: 84644.218 GC heap after
Heap after GC invocations=113 (full 51):
 PSYoungGen      total 2691072K, used 361003K [0x0000000695580000, 0x000000075b180000, 0x00000007c0000000)
  eden space 2272768K, 15% used [0x0000000695580000,0x00000006ab60afc8,0x0000000720100000)
  from space 418304K, 0% used [0x000000073c400000,0x000000073c400000,0x0000000755c80000)
  to   space 461824K, 0% used [0x0000000720100000,0x0000000720100000,0x000000073c400000)
 ParOldGen       total 6488576K, used 6488268K [0x0000000440000000, 0x00000005cc080000, 0x0000000695580000)
  object space 6488576K, 99% used [0x0000000440000000,0x00000005cc0330c0,0x00000005cc080000)
 Metaspace       used 64773K, capacity 70888K, committed 71040K, reserved 1110016K
  class space    used 8914K, capacity 9543K, committed 9600K, reserved 1048576K
}
Event: 86434.456 GC heap before
{Heap before GC invocations=114 (full 52):
 PSYoungGen      total 2691072K, used 833610K [0x0000000695580000, 0x000000075b180000, 0x00000007c0000000)
  eden space 2272768K, 36% used [0x0000000695580000,0x00000006c8392908,0x0000000720100000)
  from space 418304K, 0% used [0x000000073c400000,0x000000073c400000,0x0000000755c80000)
  to   space 461824K, 0% used [0x0000000720100000,0x0000000720100000,0x000000073c400000)
 ParOldGen       total 6488576K, used 6488268K [0x0000000440000000, 0x00000005cc080000, 0x0000000695580000)
  object space 6488576K, 99% used [0x0000000440000000,0x00000005cc0330c0,0x00000005cc080000)
 Metaspace       used 64773K, capacity 70888K, committed 71040K, reserved 1110016K
  class space    used 8914K, capacity 9543K, committed 9600K, reserved 1048576K
Event: 86443.852 GC heap after
Heap after GC invocations=114 (full 52):
 PSYoungGen      total 2691072K, used 388835K [0x0000000695580000, 0x000000075b180000, 0x00000007c0000000)
  eden space 2272768K, 17% used [0x0000000695580000,0x00000006ad138fb8,0x0000000720100000)
  from space 418304K, 0% used [0x000000073c400000,0x000000073c400000,0x0000000755c80000)
  to   space 461824K, 0% used [0x0000000720100000,0x0000000720100000,0x000000073c400000)
 ParOldGen       total 6488576K, used 6488187K [0x0000000440000000, 0x00000005cc080000, 0x0000000695580000)
  object space 6488576K, 99% used [0x0000000440000000,0x00000005cc01ed50,0x00000005cc080000)
 Metaspace       used 64655K, capacity 70702K, committed 71040K, reserved 1110016K
  class space    used 8897K, capacity 9512K, committed 9600K, reserved 1048576K
}
Event: 88234.441 GC heap before
{Heap before GC invocations=115 (full 53):
 PSYoungGen      total 2691072K, used 861218K [0x0000000695580000, 0x000000075b180000, 0x00000007c0000000)
  eden space 2272768K, 37% used [0x0000000695580000,0x00000006c9e88b68,0x0000000720100000)
  from space 418304K, 0% used [0x000000073c400000,0x000000073c400000,0x0000000755c80000)
  to   space 461824K, 0% used [0x0000000720100000,0x0000000720100000,0x000000073c400000)
 ParOldGen       total 6488576K, used 6488187K [0x0000000440000000, 0x00000005cc080000, 0x0000000695580000)
  object space 6488576K, 99% used [0x0000000440000000,0x00000005cc01ed50,0x00000005cc080000)
 Metaspace       used 64655K, capacity 70702K, committed 71040K, reserved 1110016K
  class space    used 8897K, capacity 9512K, committed 9600K, reserved 1048576K
Event: 88243.884 GC heap after
Heap after GC invocations=115 (full 53):
 PSYoungGen      total 2691072K, used 413502K [0x0000000695580000, 0x000000075b180000, 0x00000007c0000000)
  eden space 2272768K, 18% used [0x0000000695580000,0x00000006ae94fa10,0x0000000720100000)
  from space 418304K, 0% used [0x000000073c400000,0x000000073c400000,0x0000000755c80000)
  to   space 461824K, 0% used [0x0000000720100000,0x0000000720100000,0x000000073c400000)
 ParOldGen       total 6488576K, used 6488175K [0x0000000440000000, 0x00000005cc080000, 0x0000000695580000)
  object space 6488576K, 99% used [0x0000000440000000,0x00000005cc01bc28,0x00000005cc080000)
 Metaspace       used 64626K, capacity 70656K, committed 71040K, reserved 1110016K
  class space    used 8891K, capacity 9501K, committed 9600K, reserved 1048576K
}
Event: 90034.448 GC heap before
{Heap before GC invocations=116 (full 54):
 PSYoungGen      total 2691072K, used 886119K [0x0000000695580000, 0x000000075b180000, 0x00000007c0000000)
  eden space 2272768K, 38% used [0x0000000695580000,0x00000006cb6d9de0,0x0000000720100000)
  from space 418304K, 0% used [0x000000073c400000,0x000000073c400000,0x0000000755c80000)
  to   space 461824K, 0% used [0x0000000720100000,0x0000000720100000,0x000000073c400000)
 ParOldGen       total 6488576K, used 6488175K [0x0000000440000000, 0x00000005cc080000, 0x0000000695580000)
  object space 6488576K, 99% used [0x0000000440000000,0x00000005cc01bc28,0x00000005cc080000)
 Metaspace       used 64626K, capacity 70656K, committed 71040K, reserved 1110016K
  class space    used 8891K, capacity 9501K, committed 9600K, reserved 1048576K
Event: 90044.179 GC heap after
Heap after GC invocations=116 (full 54):
 PSYoungGen      total 2691072K, used 435805K [0x0000000695580000, 0x000000075b180000, 0x00000007c0000000)
  eden space 2272768K, 19% used [0x0000000695580000,0x00000006aff17428,0x0000000720100000)
  from space 418304K, 0% used [0x000000073c400000,0x000000073c400000,0x0000000755c80000)
  to   space 461824K, 0% used [0x0000000720100000,0x0000000720100000,0x000000073c400000)
 ParOldGen       total 6488576K, used 6488175K [0x0000000440000000, 0x00000005cc080000, 0x0000000695580000)
  object space 6488576K, 99% used [0x0000000440000000,0x00000005cc01bc28,0x00000005cc080000)
 Metaspace       used 64626K, capacity 70656K, committed 71040K, reserved 1110016K
  class space    used 8891K, capacity 9501K, committed 9600K, reserved 1048576K
}
Event: 91834.445 GC heap before
{Heap before GC invocations=117 (full 55):
 PSYoungGen      total 2691072K, used 908185K [0x0000000695580000, 0x000000075b180000, 0x00000007c0000000)
  eden space 2272768K, 39% used [0x0000000695580000,0x00000006ccc66768,0x0000000720100000)
  from space 418304K, 0% used [0x000000073c400000,0x000000073c400000,0x0000000755c80000)
  to   space 461824K, 0% used [0x0000000720100000,0x0000000720100000,0x000000073c400000)
 ParOldGen       total 6488576K, used 6488175K [0x0000000440000000, 0x00000005cc080000, 0x0000000695580000)
  object space 6488576K, 99% used [0x0000000440000000,0x00000005cc01bc28,0x00000005cc080000)
 Metaspace       used 64626K, capacity 70656K, committed 71040K, reserved 1110016K
  class space    used 8891K, capacity 9501K, committed 9600K, reserved 1048576K
Event: 91843.691 GC heap after
Heap after GC invocations=117 (full 55):
 PSYoungGen      total 2691072K, used 455675K [0x0000000695580000, 0x000000075b180000, 0x00000007c0000000)
  eden space 2272768K, 20% used [0x0000000695580000,0x00000006b127ec48,0x0000000720100000)
  from space 418304K, 0% used [0x000000073c400000,0x000000073c400000,0x0000000755c80000)
  to   space 461824K, 0% used [0x0000000720100000,0x0000000720100000,0x000000073c400000)
 ParOldGen       total 6488576K, used 6488175K [0x0000000440000000, 0x00000005cc080000, 0x0000000695580000)
  object space 6488576K, 99% used [0x0000000440000000,0x00000005cc01bc08,0x00000005cc080000)
 Metaspace       used 64626K, capacity 70656K, committed 71040K, reserved 1110016K
  class space    used 8891K, capacity 9501K, committed 9600K, reserved 1048576K
}
Event: 93634.441 GC heap before
{Heap before GC invocations=118 (full 56):
 PSYoungGen      total 2691072K, used 961198K [0x0000000695580000, 0x000000075b180000, 0x00000007c0000000)
  eden space 2272768K, 42% used [0x0000000695580000,0x00000006d002b890,0x0000000720100000)
  from space 418304K, 0% used [0x000000073c400000,0x000000073c400000,0x0000000755c80000)
  to   space 461824K, 0% used [0x0000000720100000,0x0000000720100000,0x000000073c400000)
 ParOldGen       total 6488576K, used 6488175K [0x0000000440000000, 0x00000005cc080000, 0x0000000695580000)
  object space 6488576K, 99% used [0x0000000440000000,0x00000005cc01bc08,0x00000005cc080000)
 Metaspace       used 64626K, capacity 70656K, committed 71040K, reserved 1110016K
  class space    used 8891K, capacity 9501K, committed 9600K, reserved 1048576K
Event: 93644.130 GC heap after
Heap after GC invocations=118 (full 56):
 PSYoungGen      total 2691072K, used 474006K [0x0000000695580000, 0x000000075b180000, 0x00000007c0000000)
  eden space 2272768K, 20% used [0x0000000695580000,0x00000006b2465908,0x0000000720100000)
  from space 418304K, 0% used [0x000000073c400000,0x000000073c400000,0x0000000755c80000)
  to   space 461824K, 0% used [0x0000000720100000,0x0000000720100000,0x000000073c400000)
 ParOldGen       total 6488576K, used 6488174K [0x0000000440000000, 0x00000005cc080000, 0x0000000695580000)
  object space 6488576K, 99% used [0x0000000440000000,0x00000005cc01bbc8,0x00000005cc080000)
 Metaspace       used 64626K, capacity 70656K, committed 71040K, reserved 1110016K
  class space    used 8891K, capacity 9501K, committed 9600K, reserved 1048576K
}
Event: 95434.451 GC heap before
{Heap before GC invocations=119 (full 57):
 PSYoungGen      total 2691072K, used 979286K [0x0000000695580000, 0x000000075b180000, 0x00000007c0000000)
  eden space 2272768K, 43% used [0x0000000695580000,0x00000006d11d5ae0,0x0000000720100000)
  from space 418304K, 0% used [0x000000073c400000,0x000000073c400000,0x0000000755c80000)
  to   space 461824K, 0% used [0x0000000720100000,0x0000000720100000,0x000000073c400000)
 ParOldGen       total 6488576K, used 6488174K [0x0000000440000000, 0x00000005cc080000, 0x0000000695580000)
  object space 6488576K, 99% used [0x0000000440000000,0x00000005cc01bbc8,0x00000005cc080000)
 Metaspace       used 64626K, capacity 70656K, committed 71040K, reserved 1110016K
  class space    used 8891K, capacity 9501K, committed 9600K, reserved 1048576K
Event: 95444.231 GC heap after
Heap after GC invocations=119 (full 57):
 PSYoungGen      total 2691072K, used 493115K [0x0000000695580000, 0x000000075b180000, 0x00000007c0000000)
  eden space 2272768K, 21% used [0x0000000695580000,0x00000006b370ecc0,0x0000000720100000)
  from space 418304K, 0% used [0x000000073c400000,0x000000073c400000,0x0000000755c80000)
  to   space 461824K, 0% used [0x0000000720100000,0x0000000720100000,0x000000073c400000)
 ParOldGen       total 6488576K, used 6488174K [0x0000000440000000, 0x00000005cc080000, 0x0000000695580000)
  object space 6488576K, 99% used [0x0000000440000000,0x00000005cc01bbc8,0x00000005cc080000)
 Metaspace       used 64626K, capacity 70656K, committed 71040K, reserved 1110016K
  class space    used 8891K, capacity 9501K, committed 9600K, reserved 1048576K
}
Event: 97234.447 GC heap before
{Heap before GC invocations=120 (full 58):
 PSYoungGen      total 2691072K, used 998623K [0x0000000695580000, 0x000000075b180000, 0x00000007c0000000)
  eden space 2272768K, 43% used [0x0000000695580000,0x00000006d24b7c20,0x0000000720100000)
  from space 418304K, 0% used [0x000000073c400000,0x000000073c400000,0x0000000755c80000)
  to   space 461824K, 0% used [0x0000000720100000,0x0000000720100000,0x000000073c400000)
 ParOldGen       total 6488576K, used 6488174K [0x0000000440000000, 0x00000005cc080000, 0x0000000695580000)
  object space 6488576K, 99% used [0x0000000440000000,0x00000005cc01bbc8,0x00000005cc080000)
 Metaspace       used 64626K, capacity 70656K, committed 71040K, reserved 1110016K
  class space    used 8891K, capacity 9501K, committed 9600K, reserved 1048576K
Event: 97244.635 GC heap after
Heap after GC invocations=120 (full 58):
 PSYoungGen      total 2691072K, used 513181K [0x0000000695580000, 0x000000075b180000, 0x00000007c0000000)
  eden space 2272768K, 22% used [0x0000000695580000,0x00000006b4aa77e8,0x0000000720100000)
  from space 418304K, 0% used [0x000000073c400000,0x000000073c400000,0x0000000755c80000)
  to   space 461824K, 0% used [0x0000000720100000,0x0000000720100000,0x000000073c400000)
 ParOldGen       total 6488576K, used 6488174K [0x0000000440000000, 0x00000005cc080000, 0x0000000695580000)
  object space 6488576K, 99% used [0x0000000440000000,0x00000005cc01bbc8,0x00000005cc080000)
 Metaspace       used 64626K, capacity 70656K, committed 71040K, reserved 1110016K
  class space    used 8891K, capacity 9501K, committed 9600K, reserved 1048576K
}
Event: 99034.439 GC heap before
{Heap before GC invocations=121 (full 59):
 PSYoungGen      total 2691072K, used 1084246K [0x0000000695580000, 0x000000075b180000, 0x00000007c0000000)
  eden space 2272768K, 47% used [0x0000000695580000,0x00000006d7855bc0,0x0000000720100000)
  from space 418304K, 0% used [0x000000073c400000,0x000000073c400000,0x0000000755c80000)
  to   space 461824K, 0% used [0x0000000720100000,0x0000000720100000,0x000000073c400000)
 ParOldGen       total 6488576K, used 6488174K [0x0000000440000000, 0x00000005cc080000, 0x0000000695580000)
  object space 6488576K, 99% used [0x0000000440000000,0x00000005cc01bbc8,0x00000005cc080000)
 Metaspace       used 64626K, capacity 70656K, committed 71040K, reserved 1110016K
  class space    used 8891K, capacity 9501K, committed 9600K, reserved 1048576K
Event: 99045.149 GC heap after
Heap after GC invocations=121 (full 59):
 PSYoungGen      total 2691072K, used 541947K [0x0000000695580000, 0x000000075b180000, 0x00000007c0000000)
  eden space 2272768K, 23% used [0x0000000695580000,0x00000006b66befa0,0x0000000720100000)
  from space 418304K, 0% used [0x000000073c400000,0x000000073c400000,0x0000000755c80000)
  to   space 461824K, 0% used [0x0000000720100000,0x0000000720100000,0x000000073c400000)
 ParOldGen       total 6488576K, used 6488174K [0x0000000440000000, 0x00000005cc080000, 0x0000000695580000)
  object space 6488576K, 99% used [0x0000000440000000,0x00000005cc01bbc8,0x00000005cc080000)
 Metaspace       used 64626K, capacity 70656K, committed 71040K, reserved 1110016K
  class space    used 8891K, capacity 9501K, committed 9600K, reserved 1048576K
}
Event: 100834.445 GC heap before
{Heap before GC invocations=122 (full 60):
 PSYoungGen      total 2691072K, used 1146055K [0x0000000695580000, 0x000000075b180000, 0x00000007c0000000)
  eden space 2272768K, 50% used [0x0000000695580000,0x00000006db4b1d20,0x0000000720100000)
  from space 418304K, 0% used [0x000000073c400000,0x000000073c400000,0x0000000755c80000)
  to   space 461824K, 0% used [0x0000000720100000,0x0000000720100000,0x000000073c400000)
 ParOldGen       total 6488576K, used 6488174K [0x0000000440000000, 0x00000005cc080000, 0x0000000695580000)
  object space 6488576K, 99% used [0x0000000440000000,0x00000005cc01bbc8,0x00000005cc080000)
 Metaspace       used 64628K, capacity 70656K, committed 71040K, reserved 1110016K
  class space    used 8891K, capacity 9501K, committed 9600K, reserved 1048576K
Event: 100844.536 GC heap after
Heap after GC invocations=122 (full 60):
 PSYoungGen      total 2691072K, used 573047K [0x0000000695580000, 0x000000075b180000, 0x00000007c0000000)
  eden space 2272768K, 25% used [0x0000000695580000,0x00000006b851df50,0x0000000720100000)
  from space 418304K, 0% used [0x000000073c400000,0x000000073c400000,0x0000000755c80000)
  to   space 461824K, 0% used [0x0000000720100000,0x0000000720100000,0x000000073c400000)
 ParOldGen       total 6488576K, used 6488174K [0x0000000440000000, 0x00000005cc080000, 0x0000000695580000)
  object space 6488576K, 99% used [0x0000000440000000,0x00000005cc01bbc8,0x00000005cc080000)
 Metaspace       used 64628K, capacity 70656K, committed 71040K, reserved 1110016K
  class space    used 8891K, capacity 9501K, committed 9600K, reserved 1048576K
}
Event: 102634.442 GC heap before
{Heap before GC invocations=123 (full 61):
 PSYoungGen      total 2691072K, used 1222630K [0x0000000695580000, 0x000000075b180000, 0x00000007c0000000)
  eden space 2272768K, 53% used [0x0000000695580000,0x00000006dff799c8,0x0000000720100000)
  from space 418304K, 0% used [0x000000073c400000,0x000000073c400000,0x0000000755c80000)
  to   space 461824K, 0% used [0x0000000720100000,0x0000000720100000,0x000000073c400000)
 ParOldGen       total 6488576K, used 6488174K [0x0000000440000000, 0x00000005cc080000, 0x0000000695580000)
  object space 6488576K, 99% used [0x0000000440000000,0x00000005cc01bbc8,0x00000005cc080000)
 Metaspace       used 64628K, capacity 70656K, committed 71040K, reserved 1110016K
  class space    used 8891K, capacity 9501K, committed 9600K, reserved 1048576K
Event: 102644.860 GC heap after
Heap after GC invocations=123 (full 61):
 PSYoungGen      total 2691072K, used 613144K [0x0000000695580000, 0x000000075b180000, 0x00000007c0000000)
  eden space 2272768K, 26% used [0x0000000695580000,0x00000006bac463b0,0x0000000720100000)
  from space 418304K, 0% used [0x000000073c400000,0x000000073c400000,0x0000000755c80000)
  to   space 461824K, 0% used [0x0000000720100000,0x0000000720100000,0x000000073c400000)
 ParOldGen       total 6488576K, used 6488174K [0x0000000440000000, 0x00000005cc080000, 0x0000000695580000)
  object space 6488576K, 99% used [0x0000000440000000,0x00000005cc01bbc8,0x00000005cc080000)
 Metaspace       used 64628K, capacity 70656K, committed 71040K, reserved 1110016K
  class space    used 8891K, capacity 9501K, committed 9600K, reserved 1048576K
}
Event: 104434.444 GC heap before
{Heap before GC invocations=124 (full 62):
 PSYoungGen      total 2691072K, used 1313440K [0x0000000695580000, 0x000000075b180000, 0x00000007c0000000)
  eden space 2272768K, 57% used [0x0000000695580000,0x00000006e5828170,0x0000000720100000)
  from space 418304K, 0% used [0x000000073c400000,0x000000073c400000,0x0000000755c80000)
  to   space 461824K, 0% used [0x0000000720100000,0x0000000720100000,0x000000073c400000)
 ParOldGen       total 6488576K, used 6488174K [0x0000000440000000, 0x00000005cc080000, 0x0000000695580000)
  object space 6488576K, 99% used [0x0000000440000000,0x00000005cc01bbc8,0x00000005cc080000)
 Metaspace       used 64628K, capacity 70656K, committed 71040K, reserved 1110016K
  class space    used 8891K, capacity 9501K, committed 9600K, reserved 1048576K
Event: 104445.029 GC heap after
Heap after GC invocations=124 (full 62):
 PSYoungGen      total 2691072K, used 666331K [0x0000000695580000, 0x000000075b180000, 0x00000007c0000000)
  eden space 2272768K, 29% used [0x0000000695580000,0x00000006be036d10,0x0000000720100000)
  from space 418304K, 0% used [0x000000073c400000,0x000000073c400000,0x0000000755c80000)
  to   space 461824K, 0% used [0x0000000720100000,0x0000000720100000,0x000000073c400000)
 ParOldGen       total 6488576K, used 6488174K [0x0000000440000000, 0x00000005cc080000, 0x0000000695580000)
  object space 6488576K, 99% used [0x0000000440000000,0x00000005cc01bbc8,0x00000005cc080000)
 Metaspace       used 64628K, capacity 70656K, committed 71040K, reserved 1110016K
  class space    used 8891K, capacity 9501K, committed 9600K, reserved 1048576K
}
Event: 106234.443 GC heap before
{Heap before GC invocations=125 (full 63):
 PSYoungGen      total 2691072K, used 1426580K [0x0000000695580000, 0x000000075b180000, 0x00000007c0000000)
  eden space 2272768K, 62% used [0x0000000695580000,0x00000006ec6a5340,0x0000000720100000)
  from space 418304K, 0% used [0x000000073c400000,0x000000073c400000,0x0000000755c80000)
  to   space 461824K, 0% used [0x0000000720100000,0x0000000720100000,0x000000073c400000)
 ParOldGen       total 6488576K, used 6488174K [0x0000000440000000, 0x00000005cc080000, 0x0000000695580000)
  object space 6488576K, 99% used [0x0000000440000000,0x00000005cc01bbc8,0x00000005cc080000)
 Metaspace       used 64628K, capacity 70656K, committed 71040K, reserved 1110016K
  class space    used 8891K, capacity 9501K, committed 9600K, reserved 1048576K
Event: 106244.959 GC heap after
Heap after GC invocations=125 (full 63):
 PSYoungGen      total 2691072K, used 709680K [0x0000000695580000, 0x000000075b180000, 0x00000007c0000000)
  eden space 2272768K, 31% used [0x0000000695580000,0x00000006c0a8c058,0x0000000720100000)
  from space 418304K, 0% used [0x000000073c400000,0x000000073c400000,0x0000000755c80000)
  to   space 461824K, 0% used [0x0000000720100000,0x0000000720100000,0x000000073c400000)
 ParOldGen       total 6488576K, used 6488174K [0x0000000440000000, 0x00000005cc080000, 0x0000000695580000)
  object space 6488576K, 99% used [0x0000000440000000,0x00000005cc01bbc8,0x00000005cc080000)
 Metaspace       used 64628K, capacity 70656K, committed 71040K, reserved 1110016K
  class space    used 8891K, capacity 9501K, committed 9600K, reserved 1048576K
}
Event: 108034.439 GC heap before
{Heap before GC invocations=126 (full 64):
 PSYoungGen      total 2691072K, used 1971112K [0x0000000695580000, 0x000000075b180000, 0x00000007c0000000)
  eden space 2272768K, 86% used [0x0000000695580000,0x000000070da6a120,0x0000000720100000)
  from space 418304K, 0% used [0x000000073c400000,0x000000073c400000,0x0000000755c80000)
  to   space 461824K, 0% used [0x0000000720100000,0x0000000720100000,0x000000073c400000)
 ParOldGen       total 6488576K, used 6488174K [0x0000000440000000, 0x00000005cc080000, 0x0000000695580000)
  object space 6488576K, 99% used [0x0000000440000000,0x00000005cc01bbc8,0x00000005cc080000)
 Metaspace       used 64628K, capacity 70656K, committed 71040K, reserved 1110016K
  class space    used 8891K, capacity 9501K, committed 9600K, reserved 1048576K
Event: 108045.649 GC heap after
Heap after GC invocations=126 (full 64):
 PSYoungGen      total 2691072K, used 806160K [0x0000000695580000, 0x000000075b180000, 0x00000007c0000000)
  eden space 2272768K, 35% used [0x0000000695580000,0x00000006c68c40a0,0x0000000720100000)
  from space 418304K, 0% used [0x000000073c400000,0x000000073c400000,0x0000000755c80000)
  to   space 461824K, 0% used [0x0000000720100000,0x0000000720100000,0x000000073c400000)
 ParOldGen       total 6488576K, used 6488174K [0x0000000440000000, 0x00000005cc080000, 0x0000000695580000)
  object space 6488576K, 99% used [0x0000000440000000,0x00000005cc01bbc8,0x00000005cc080000)
 Metaspace       used 64628K, capacity 70656K, committed 71040K, reserved 1110016K
  class space    used 8891K, capacity 9501K, committed 9600K, reserved 1048576K
}
Event: 109834.445 GC heap before
{Heap before GC invocations=127 (full 65):
 PSYoungGen      total 2691072K, used 1788424K [0x0000000695580000, 0x000000075b180000, 0x00000007c0000000)
  eden space 2272768K, 78% used [0x0000000695580000,0x00000007028020d0,0x0000000720100000)
  from space 418304K, 0% used [0x000000073c400000,0x000000073c400000,0x0000000755c80000)
  to   space 461824K, 0% used [0x0000000720100000,0x0000000720100000,0x000000073c400000)
 ParOldGen       total 6488576K, used 6488174K [0x0000000440000000, 0x00000005cc080000, 0x0000000695580000)
  object space 6488576K, 99% used [0x0000000440000000,0x00000005cc01bbc8,0x00000005cc080000)
 Metaspace       used 64628K, capacity 70656K, committed 71040K, reserved 1110016K
  class space    used 8891K, capacity 9501K, committed 9600K, reserved 1048576K
Event: 109846.675 GC heap after
Heap after GC invocations=127 (full 65):
 PSYoungGen      total 2691072K, used 647545K [0x0000000695580000, 0x000000075b180000, 0x00000007c0000000)
  eden space 2272768K, 28% used [0x0000000695580000,0x00000006bcdde400,0x0000000720100000)
  from space 418304K, 0% used [0x000000073c400000,0x000000073c400000,0x0000000755c80000)
  to   space 461824K, 0% used [0x0000000720100000,0x0000000720100000,0x000000073c400000)
 ParOldGen       total 6488576K, used 6488558K [0x0000000440000000, 0x00000005cc080000, 0x0000000695580000)
  object space 6488576K, 99% used [0x0000000440000000,0x00000005cc07b988,0x00000005cc080000)
 Metaspace       used 64628K, capacity 70656K, committed 71040K, reserved 1110016K
  class space    used 8891K, capacity 9501K, committed 9600K, reserved 1048576K
}
Event: 111634.439 GC heap before
{Heap before GC invocations=128 (full 66):
 PSYoungGen      total 2691072K, used 1076549K [0x0000000695580000, 0x000000075b180000, 0x00000007c0000000)
  eden space 2272768K, 47% used [0x0000000695580000,0x00000006d70d1628,0x0000000720100000)
  from space 418304K, 0% used [0x000000073c400000,0x000000073c400000,0x0000000755c80000)
  to   space 461824K, 0% used [0x0000000720100000,0x0000000720100000,0x000000073c400000)
 ParOldGen       total 6488576K, used 6488558K [0x0000000440000000, 0x00000005cc080000, 0x0000000695580000)
  object space 6488576K, 99% used [0x0000000440000000,0x00000005cc07b988,0x00000005cc080000)
 Metaspace       used 64628K, capacity 70656K, committed 71040K, reserved 1110016K
  class space    used 8891K, capacity 9501K, committed 9600K, reserved 1048576K
Event: 111646.093 GC heap after
Heap after GC invocations=128 (full 66):
 PSYoungGen      total 2691072K, used 573442K [0x0000000695580000, 0x000000075b180000, 0x00000007c0000000)
  eden space 2272768K, 25% used [0x0000000695580000,0x00000006b8580b10,0x0000000720100000)
  from space 418304K, 0% used [0x000000073c400000,0x000000073c400000,0x0000000755c80000)
  to   space 461824K, 0% used [0x0000000720100000,0x0000000720100000,0x000000073c400000)
 ParOldGen       total 6488576K, used 6488313K [0x0000000440000000, 0x00000005cc080000, 0x0000000695580000)
  object space 6488576K, 99% used [0x0000000440000000,0x00000005cc03e6d8,0x00000005cc080000)
 Metaspace       used 64628K, capacity 70656K, committed 71040K, reserved 1110016K
  class space    used 8891K, capacity 9501K, committed 9600K, reserved 1048576K
}
Event: 113434.444 GC heap before
{Heap before GC invocations=129 (full 67):
 PSYoungGen      total 2691072K, used 967363K [0x0000000695580000, 0x000000075b180000, 0x00000007c0000000)
  eden space 2272768K, 42% used [0x0000000695580000,0x00000006d0630db8,0x0000000720100000)
  from space 418304K, 0% used [0x000000073c400000,0x000000073c400000,0x0000000755c80000)
  to   space 461824K, 0% used [0x0000000720100000,0x0000000720100000,0x000000073c400000)
 ParOldGen       total 6488576K, used 6488313K [0x0000000440000000, 0x00000005cc080000, 0x0000000695580000)
  object space 6488576K, 99% used [0x0000000440000000,0x00000005cc03e6d8,0x00000005cc080000)
 Metaspace       used 64628K, capacity 70656K, committed 71040K, reserved 1110016K
  class space    used 8891K, capacity 9501K, committed 9600K, reserved 1048576K
Event: 113445.520 GC heap after
Heap after GC invocations=129 (full 67):
 PSYoungGen      total 2691072K, used 521240K [0x0000000695580000, 0x000000075b180000, 0x00000007c0000000)
  eden space 2272768K, 22% used [0x0000000695580000,0x00000006b52862e0,0x0000000720100000)
  from space 418304K, 0% used [0x000000073c400000,0x000000073c400000,0x0000000755c80000)
  to   space 461824K, 0% used [0x0000000720100000,0x0000000720100000,0x000000073c400000)
 ParOldGen       total 6488576K, used 6488252K [0x0000000440000000, 0x00000005cc080000, 0x0000000695580000)
  object space 6488576K, 99% used [0x0000000440000000,0x00000005cc02f330,0x00000005cc080000)
 Metaspace       used 64628K, capacity 70656K, committed 71040K, reserved 1110016K
  class space    used 8891K, capacity 9501K, committed 9600K, reserved 1048576K
}
Event: 115234.442 GC heap before
{Heap before GC invocations=130 (full 68):
 PSYoungGen      total 2691072K, used 915460K [0x0000000695580000, 0x000000075b180000, 0x00000007c0000000)
  eden space 2272768K, 40% used [0x0000000695580000,0x00000006cd381128,0x0000000720100000)
  from space 418304K, 0% used [0x000000073c400000,0x000000073c400000,0x0000000755c80000)
  to   space 461824K, 0% used [0x0000000720100000,0x0000000720100000,0x000000073c400000)
 ParOldGen       total 6488576K, used 6488252K [0x0000000440000000, 0x00000005cc080000, 0x0000000695580000)
  object space 6488576K, 99% used [0x0000000440000000,0x00000005cc02f330,0x00000005cc080000)
 Metaspace       used 64628K, capacity 70656K, committed 71040K, reserved 1110016K
  class space    used 8891K, capacity 9501K, committed 9600K, reserved 1048576K
Event: 115245.683 GC heap after
Heap after GC invocations=130 (full 68):
 PSYoungGen      total 2691072K, used 477581K [0x0000000695580000, 0x000000075b180000, 0x00000007c0000000)
  eden space 2272768K, 21% used [0x0000000695580000,0x00000006b27e35e8,0x0000000720100000)
  from space 418304K, 0% used [0x000000073c400000,0x000000073c400000,0x0000000755c80000)
  to   space 461824K, 0% used [0x0000000720100000,0x0000000720100000,0x000000073c400000)
 ParOldGen       total 6488576K, used 6488477K [0x0000000440000000, 0x00000005cc080000, 0x0000000695580000)
  object space 6488576K, 99% used [0x0000000440000000,0x00000005cc067748,0x00000005cc080000)
 Metaspace       used 64628K, capacity 70656K, committed 71040K, reserved 1110016K
  class space    used 8891K, capacity 9501K, committed 9600K, reserved 1048576K
}
Event: 117034.460 GC heap before
{Heap before GC invocations=131 (full 69):
 PSYoungGen      total 2691072K, used 836737K [0x0000000695580000, 0x000000075b180000, 0x00000007c0000000)
  eden space 2272768K, 36% used [0x0000000695580000,0x00000006c86a05b8,0x0000000720100000)
  from space 418304K, 0% used [0x000000073c400000,0x000000073c400000,0x0000000755c80000)
  to   space 461824K, 0% used [0x0000000720100000,0x0000000720100000,0x000000073c400000)
 ParOldGen       total 6488576K, used 6488477K [0x0000000440000000, 0x00000005cc080000, 0x0000000695580000)
  object space 6488576K, 99% used [0x0000000440000000,0x00000005cc067748,0x00000005cc080000)
 Metaspace       used 64628K, capacity 70656K, committed 71040K, reserved 1110016K
  class space    used 8891K, capacity 9501K, committed 9600K, reserved 1048576K
Event: 117045.833 GC heap after
Heap after GC invocations=131 (full 69):
 PSYoungGen      total 2691072K, used 453409K [0x0000000695580000, 0x000000075b180000, 0x00000007c0000000)
  eden space 2272768K, 19% used [0x0000000695580000,0x00000006b1048570,0x0000000720100000)
  from space 418304K, 0% used [0x000000073c400000,0x000000073c400000,0x0000000755c80000)
  to   space 461824K, 0% used [0x0000000720100000,0x0000000720100000,0x000000073c400000)
 ParOldGen       total 6488576K, used 6488559K [0x0000000440000000, 0x00000005cc080000, 0x0000000695580000)
  object space 6488576K, 99% used [0x0000000440000000,0x00000005cc07bd90,0x00000005cc080000)
 Metaspace       used 64628K, capacity 70656K, committed 71040K, reserved 1110016K
  class space    used 8891K, capacity 9501K, committed 9600K, reserved 1048576K
}
Event: 118834.468 GC heap before
{Heap before GC invocations=132 (full 70):
 PSYoungGen      total 2691072K, used 812868K [0x0000000695580000, 0x000000075b180000, 0x00000007c0000000)
  eden space 2272768K, 35% used [0x0000000695580000,0x00000006c6f51180,0x0000000720100000)
  from space 418304K, 0% used [0x000000073c400000,0x000000073c400000,0x0000000755c80000)
  to   space 461824K, 0% used [0x0000000720100000,0x0000000720100000,0x000000073c400000)
 ParOldGen       total 6488576K, used 6488559K [0x0000000440000000, 0x00000005cc080000, 0x0000000695580000)
  object space 6488576K, 99% used [0x0000000440000000,0x00000005cc07bd90,0x00000005cc080000)
 Metaspace       used 64628K, capacity 70656K, committed 71040K, reserved 1110016K
  class space    used 8891K, capacity 9501K, committed 9600K, reserved 1048576K
Event: 118845.497 GC heap after
Heap after GC invocations=132 (full 70):
 PSYoungGen      total 2691072K, used 431640K [0x0000000695580000, 0x000000075b180000, 0x00000007c0000000)
  eden space 2272768K, 18% used [0x0000000695580000,0x00000006afb06230,0x0000000720100000)
  from space 418304K, 0% used [0x000000073c400000,0x000000073c400000,0x0000000755c80000)
  to   space 461824K, 0% used [0x0000000720100000,0x0000000720100000,0x000000073c400000)
 ParOldGen       total 6488576K, used 6488195K [0x0000000440000000, 0x00000005cc080000, 0x0000000695580000)
  object space 6488576K, 99% used [0x0000000440000000,0x00000005cc020e88,0x00000005cc080000)
 Metaspace       used 64628K, capacity 70656K, committed 71040K, reserved 1110016K
  class space    used 8891K, capacity 9501K, committed 9600K, reserved 1048576K
}
Event: 120634.453 GC heap before
{Heap before GC invocations=133 (full 71):
 PSYoungGen      total 2691072K, used 790876K [0x0000000695580000, 0x000000075b180000, 0x00000007c0000000)
  eden space 2272768K, 34% used [0x0000000695580000,0x00000006c59d7148,0x0000000720100000)
  from space 418304K, 0% used [0x000000073c400000,0x000000073c400000,0x0000000755c80000)
  to   space 461824K, 0% used [0x0000000720100000,0x0000000720100000,0x000000073c400000)
 ParOldGen       total 6488576K, used 6488195K [0x0000000440000000, 0x00000005cc080000, 0x0000000695580000)
  object space 6488576K, 99% used [0x0000000440000000,0x00000005cc020e88,0x00000005cc080000)
 Metaspace       used 64630K, capacity 70656K, committed 71040K, reserved 1110016K
  class space    used 8891K, capacity 9501K, committed 9600K, reserved 1048576K
Event: 120645.393 GC heap after
Heap after GC invocations=133 (full 71):
 PSYoungGen      total 2691072K, used 409374K [0x0000000695580000, 0x000000075b180000, 0x00000007c0000000)
  eden space 2272768K, 18% used [0x0000000695580000,0x00000006ae547b00,0x0000000720100000)
  from space 418304K, 0% used [0x000000073c400000,0x000000073c400000,0x0000000755c80000)
  to   space 461824K, 0% used [0x0000000720100000,0x0000000720100000,0x000000073c400000)
 ParOldGen       total 6488576K, used 6488104K [0x0000000440000000, 0x00000005cc080000, 0x0000000695580000)
  object space 6488576K, 99% used [0x0000000440000000,0x00000005cc00a1d8,0x00000005cc080000)
 Metaspace       used 64630K, capacity 70656K, committed 71040K, reserved 1110016K
  class space    used 8891K, capacity 9501K, committed 9600K, reserved 1048576K
}
Event: 122434.461 GC heap before
{Heap before GC invocations=134 (full 72):
 PSYoungGen      total 2691072K, used 768831K [0x0000000695580000, 0x000000075b180000, 0x00000007c0000000)
  eden space 2272768K, 33% used [0x0000000695580000,0x00000006c444fe80,0x0000000720100000)
  from space 418304K, 0% used [0x000000073c400000,0x000000073c400000,0x0000000755c80000)
  to   space 461824K, 0% used [0x0000000720100000,0x0000000720100000,0x000000073c400000)
 ParOldGen       total 6488576K, used 6488104K [0x0000000440000000, 0x00000005cc080000, 0x0000000695580000)
  object space 6488576K, 99% used [0x0000000440000000,0x00000005cc00a1d8,0x00000005cc080000)
 Metaspace       used 64630K, capacity 70656K, committed 71040K, reserved 1110016K
  class space    used 8891K, capacity 9501K, committed 9600K, reserved 1048576K
Event: 122445.510 GC heap after
Heap after GC invocations=134 (full 72):
 PSYoungGen      total 2691072K, used 385621K [0x0000000695580000, 0x000000075b180000, 0x00000007c0000000)
  eden space 2272768K, 16% used [0x0000000695580000,0x00000006ace15458,0x0000000720100000)
  from space 418304K, 0% used [0x000000073c400000,0x000000073c400000,0x0000000755c80000)
  to   space 461824K, 0% used [0x0000000720100000,0x0000000720100000,0x000000073c400000)
 ParOldGen       total 6488576K, used 6488478K [0x0000000440000000, 0x00000005cc080000, 0x0000000695580000)
  object space 6488576K, 99% used [0x0000000440000000,0x00000005cc067a70,0x00000005cc080000)
 Metaspace       used 64630K, capacity 70656K, committed 71040K, reserved 1110016K
  class space    used 8891K, capacity 9501K, committed 9600K, reserved 1048576K
}
Event: 124234.443 GC heap before
{Heap before GC invocations=135 (full 73):
 PSYoungGen      total 2691072K, used 744857K [0x0000000695580000, 0x000000075b180000, 0x00000007c0000000)
  eden space 2272768K, 32% used [0x0000000695580000,0x00000006c2ce6628,0x0000000720100000)
  from space 418304K, 0% used [0x000000073c400000,0x000000073c400000,0x0000000755c80000)
  to   space 461824K, 0% used [0x0000000720100000,0x0000000720100000,0x000000073c400000)
 ParOldGen       total 6488576K, used 6488478K [0x0000000440000000, 0x00000005cc080000, 0x0000000695580000)
  object space 6488576K, 99% used [0x0000000440000000,0x00000005cc067a70,0x00000005cc080000)
 Metaspace       used 64630K, capacity 70656K, committed 71040K, reserved 1110016K
  class space    used 8891K, capacity 9501K, committed 9600K, reserved 1048576K
Event: 124245.545 GC heap after
Heap after GC invocations=135 (full 73):
 PSYoungGen      total 2691072K, used 361401K [0x0000000695580000, 0x000000075b180000, 0x00000007c0000000)
  eden space 2272768K, 15% used [0x0000000695580000,0x00000006ab66e4b0,0x0000000720100000)
  from space 418304K, 0% used [0x000000073c400000,0x000000073c400000,0x0000000755c80000)
  to   space 461824K, 0% used [0x0000000720100000,0x0000000720100000,0x000000073c400000)
 ParOldGen       total 6488576K, used 6488560K [0x0000000440000000, 0x00000005cc080000, 0x0000000695580000)
  object space 6488576K, 99% used [0x0000000440000000,0x00000005cc07c130,0x00000005cc080000)
 Metaspace       used 64630K, capacity 70656K, committed 71040K, reserved 1110016K
  class space    used 8891K, capacity 9501K, committed 9600K, reserved 1048576K
}
Event: 126034.447 GC heap before
{Heap before GC invocations=136 (full 74):
 PSYoungGen      total 2691072K, used 720858K [0x0000000695580000, 0x000000075b180000, 0x00000007c0000000)
  eden space 2272768K, 31% used [0x0000000695580000,0x00000006c1576850,0x0000000720100000)
  from space 418304K, 0% used [0x000000073c400000,0x000000073c400000,0x0000000755c80000)
  to   space 461824K, 0% used [0x0000000720100000,0x0000000720100000,0x000000073c400000)
 ParOldGen       total 6488576K, used 6488560K [0x0000000440000000, 0x00000005cc080000, 0x0000000695580000)
  object space 6488576K, 99% used [0x0000000440000000,0x00000005cc07c130,0x00000005cc080000)
 Metaspace       used 64630K, capacity 70656K, committed 71040K, reserved 1110016K
  class space    used 8891K, capacity 9501K, committed 9600K, reserved 1048576K
Event: 126045.246 GC heap after
Heap after GC invocations=136 (full 74):
 PSYoungGen      total 2691072K, used 339080K [0x0000000695580000, 0x000000075b180000, 0x00000007c0000000)
  eden space 2272768K, 14% used [0x0000000695580000,0x00000006aa0a2160,0x0000000720100000)
  from space 418304K, 0% used [0x000000073c400000,0x000000073c400000,0x0000000755c80000)
  to   space 461824K, 0% used [0x0000000720100000,0x0000000720100000,0x000000073c400000)
 ParOldGen       total 6488576K, used 6488268K [0x0000000440000000, 0x00000005cc080000, 0x0000000695580000)
  object space 6488576K, 99% used [0x0000000440000000,0x00000005cc033110,0x00000005cc080000)
 Metaspace       used 64630K, capacity 70656K, committed 71040K, reserved 1110016K
  class space    used 8891K, capacity 9501K, committed 9600K, reserved 1048576K
}
Event: 127834.452 GC heap before
{Heap before GC invocations=137 (full 75):
 PSYoungGen      total 2691072K, used 698317K [0x0000000695580000, 0x000000075b180000, 0x00000007c0000000)
  eden space 2272768K, 30% used [0x0000000695580000,0x00000006bff736f8,0x0000000720100000)
  from space 418304K, 0% used [0x000000073c400000,0x000000073c400000,0x0000000755c80000)
  to   space 461824K, 0% used [0x0000000720100000,0x0000000720100000,0x000000073c400000)
 ParOldGen       total 6488576K, used 6488268K [0x0000000440000000, 0x00000005cc080000, 0x0000000695580000)
  object space 6488576K, 99% used [0x0000000440000000,0x00000005cc033110,0x00000005cc080000)
 Metaspace       used 64630K, capacity 70656K, committed 71040K, reserved 1110016K
  class space    used 8891K, capacity 9501K, committed 9600K, reserved 1048576K
Event: 127845.245 GC heap after
Heap after GC invocations=137 (full 75):
 PSYoungGen      total 2691072K, used 315342K [0x0000000695580000, 0x000000075b180000, 0x00000007c0000000)
  eden space 2272768K, 13% used [0x0000000695580000,0x00000006a8973a90,0x0000000720100000)
  from space 418304K, 0% used [0x000000073c400000,0x000000073c400000,0x0000000755c80000)
  to   space 461824K, 0% used [0x0000000720100000,0x0000000720100000,0x000000073c400000)
 ParOldGen       total 6488576K, used 6488184K [0x0000000440000000, 0x00000005cc080000, 0x0000000695580000)
  object space 6488576K, 99% used [0x0000000440000000,0x00000005cc01e118,0x00000005cc080000)
 Metaspace       used 64630K, capacity 70656K, committed 71040K, reserved 1110016K
  class space    used 8891K, capacity 9501K, committed 9600K, reserved 1048576K
}
Event: 129634.469 GC heap before
{Heap before GC invocations=138 (full 76):
 PSYoungGen      total 2691072K, used 674801K [0x0000000695580000, 0x000000075b180000, 0x00000007c0000000)
  eden space 2272768K, 29% used [0x0000000695580000,0x00000006be87c490,0x0000000720100000)
  from space 418304K, 0% used [0x000000073c400000,0x000000073c400000,0x0000000755c80000)
  to   space 461824K, 0% used [0x0000000720100000,0x0000000720100000,0x000000073c400000)
 ParOldGen       total 6488576K, used 6488184K [0x0000000440000000, 0x00000005cc080000, 0x0000000695580000)
  object space 6488576K, 99% used [0x0000000440000000,0x00000005cc01e118,0x00000005cc080000)
 Metaspace       used 64630K, capacity 70656K, committed 71040K, reserved 1110016K
  class space    used 8891K, capacity 9501K, committed 9600K, reserved 1048576K
Event: 129645.179 GC heap after
Heap after GC invocations=138 (full 76):
 PSYoungGen      total 2691072K, used 292516K [0x0000000695580000, 0x000000075b180000, 0x00000007c0000000)
  eden space 2272768K, 12% used [0x0000000695580000,0x00000006a73291c0,0x0000000720100000)
  from space 418304K, 0% used [0x000000073c400000,0x000000073c400000,0x0000000755c80000)
  to   space 461824K, 0% used [0x0000000720100000,0x0000000720100000,0x000000073c400000)
 ParOldGen       total 6488576K, used 6488471K [0x0000000440000000, 0x00000005cc080000, 0x0000000695580000)
  object space 6488576K, 99% used [0x0000000440000000,0x00000005cc065cb8,0x00000005cc080000)
 Metaspace       used 64630K, capacity 70656K, committed 71040K, reserved 1110016K
  class space    used 8891K, capacity 9501K, committed 9600K, reserved 1048576K
}
Event: 131434.451 GC heap before
{Heap before GC invocations=139 (full 77):
 PSYoungGen      total 2691072K, used 651746K [0x0000000695580000, 0x000000075b180000, 0x00000007c0000000)
  eden space 2272768K, 28% used [0x0000000695580000,0x00000006bd1f8948,0x0000000720100000)
  from space 418304K, 0% used [0x000000073c400000,0x000000073c400000,0x0000000755c80000)
  to   space 461824K, 0% used [0x0000000720100000,0x0000000720100000,0x000000073c400000)
 ParOldGen       total 6488576K, used 6488471K [0x0000000440000000, 0x00000005cc080000, 0x0000000695580000)
  object space 6488576K, 99% used [0x0000000440000000,0x00000005cc065cb8,0x00000005cc080000)
 Metaspace       used 64631K, capacity 70656K, committed 71040K, reserved 1110016K
  class space    used 8891K, capacity 9501K, committed 9600K, reserved 1048576K
Event: 131445.263 GC heap after
Heap after GC invocations=139 (full 77):
 PSYoungGen      total 2691072K, used 270150K [0x0000000695580000, 0x000000075b180000, 0x00000007c0000000)
  eden space 2272768K, 11% used [0x0000000695580000,0x00000006a5d51900,0x0000000720100000)
  from space 418304K, 0% used [0x000000073c400000,0x000000073c400000,0x0000000755c80000)
  to   space 461824K, 0% used [0x0000000720100000,0x0000000720100000,0x000000073c400000)
 ParOldGen       total 6488576K, used 6482305K [0x0000000440000000, 0x00000005cc080000, 0x0000000695580000)
  object space 6488576K, 99% used [0x0000000440000000,0x00000005cba60750,0x00000005cc080000)
 Metaspace       used 64631K, capacity 70656K, committed 71040K, reserved 1110016K
  class space    used 8891K, capacity 9501K, committed 9600K, reserved 1048576K
}
Event: 133234.457 GC heap before
{Heap before GC invocations=140 (full 78):
 PSYoungGen      total 2691072K, used 646985K [0x0000000695580000, 0x000000075b180000, 0x00000007c0000000)
  eden space 2272768K, 28% used [0x0000000695580000,0x00000006bcd52728,0x0000000720100000)
  from space 418304K, 0% used [0x000000073c400000,0x000000073c400000,0x0000000755c80000)
  to   space 461824K, 0% used [0x0000000720100000,0x0000000720100000,0x000000073c400000)
 ParOldGen       total 6488576K, used 6482305K [0x0000000440000000, 0x00000005cc080000, 0x0000000695580000)
  object space 6488576K, 99% used [0x0000000440000000,0x00000005cba60750,0x00000005cc080000)
 Metaspace       used 64631K, capacity 70656K, committed 71040K, reserved 1110016K
  class space    used 8891K, capacity 9501K, committed 9600K, reserved 1048576K
Event: 133244.689 GC heap after
Heap after GC invocations=140 (full 78):
 PSYoungGen      total 2691072K, used 232177K [0x0000000695580000, 0x000000075b180000, 0x00000007c0000000)
  eden space 2272768K, 10% used [0x0000000695580000,0x00000006a383c620,0x0000000720100000)
  from space 418304K, 0% used [0x000000073c400000,0x000000073c400000,0x0000000755c80000)
  to   space 461824K, 0% used [0x0000000720100000,0x0000000720100000,0x000000073c400000)
 ParOldGen       total 6488576K, used 6488239K [0x0000000440000000, 0x00000005cc080000, 0x0000000695580000)
  object space 6488576K, 99% used [0x0000000440000000,0x00000005cc02bc40,0x00000005cc080000)
 Metaspace       used 64631K, capacity 70656K, committed 71040K, reserved 1110016K
  class space    used 8891K, capacity 9501K, committed 9600K, reserved 1048576K
}
Event: 135034.444 GC heap before
{Heap before GC invocations=141 (full 79):
 PSYoungGen      total 2691072K, used 626175K [0x0000000695580000, 0x000000075b180000, 0x00000007c0000000)
  eden space 2272768K, 27% used [0x0000000695580000,0x00000006bb8ffe60,0x0000000720100000)
  from space 418304K, 0% used [0x000000073c400000,0x000000073c400000,0x0000000755c80000)
  to   space 461824K, 0% used [0x0000000720100000,0x0000000720100000,0x000000073c400000)
 ParOldGen       total 6488576K, used 6488239K [0x0000000440000000, 0x00000005cc080000, 0x0000000695580000)
  object space 6488576K, 99% used [0x0000000440000000,0x00000005cc02bc40,0x00000005cc080000)
 Metaspace       used 64631K, capacity 70656K, committed 71040K, reserved 1110016K
  class space    used 8891K, capacity 9501K, committed 9600K, reserved 1048576K
Event: 135044.857 GC heap after
Heap after GC invocations=141 (full 79):
 PSYoungGen      total 2691072K, used 187055K [0x0000000695580000, 0x000000075b180000, 0x00000007c0000000)
  eden space 2272768K, 8% used [0x0000000695580000,0x00000006a0c2bee8,0x0000000720100000)
  from space 418304K, 0% used [0x000000073c400000,0x000000073c400000,0x0000000755c80000)
  to   space 461824K, 0% used [0x0000000720100000,0x0000000720100000,0x000000073c400000)
 ParOldGen       total 6488576K, used 6488351K [0x0000000440000000, 0x00000005cc080000, 0x0000000695580000)
  object space 6488576K, 99% used [0x0000000440000000,0x00000005cc047cd8,0x00000005cc080000)
 Metaspace       used 64631K, capacity 70656K, committed 71040K, reserved 1110016K
  class space    used 8891K, capacity 9501K, committed 9600K, reserved 1048576K
}
Event: 136834.441 GC heap before
{Heap before GC invocations=142 (full 80):
 PSYoungGen      total 2691072K, used 615957K [0x0000000695580000, 0x000000075b180000, 0x00000007c0000000)
  eden space 2272768K, 27% used [0x0000000695580000,0x00000006baf054f0,0x0000000720100000)
  from space 418304K, 0% used [0x000000073c400000,0x000000073c400000,0x0000000755c80000)
  to   space 461824K, 0% used [0x0000000720100000,0x0000000720100000,0x000000073c400000)
 ParOldGen       total 6488576K, used 6488351K [0x0000000440000000, 0x00000005cc080000, 0x0000000695580000)
  object space 6488576K, 99% used [0x0000000440000000,0x00000005cc047cd8,0x00000005cc080000)
 Metaspace       used 64631K, capacity 70656K, committed 71040K, reserved 1110016K
  class space    used 8891K, capacity 9501K, committed 9600K, reserved 1048576K
Event: 136844.570 GC heap after
Heap after GC invocations=142 (full 80):
 PSYoungGen      total 2691072K, used 113389K [0x0000000695580000, 0x000000075b180000, 0x00000007c0000000)
  eden space 2272768K, 4% used [0x0000000695580000,0x000000069c43b720,0x0000000720100000)
  from space 418304K, 0% used [0x000000073c400000,0x000000073c400000,0x0000000755c80000)
  to   space 461824K, 0% used [0x0000000720100000,0x0000000720100000,0x000000073c400000)
 ParOldGen       total 6488576K, used 6488138K [0x0000000440000000, 0x00000005cc080000, 0x0000000695580000)
  object space 6488576K, 99% used [0x0000000440000000,0x00000005cc012be0,0x00000005cc080000)
 Metaspace       used 64631K, capacity 70656K, committed 71040K, reserved 1110016K
  class space    used 8891K, capacity 9501K, committed 9600K, reserved 1048576K
}
Event: 138634.439 GC heap before
{Heap before GC invocations=143 (full 81):
 PSYoungGen      total 2691072K, used 524775K [0x0000000695580000, 0x000000075b180000, 0x00000007c0000000)
  eden space 2272768K, 23% used [0x0000000695580000,0x00000006b55f9f18,0x0000000720100000)
  from space 418304K, 0% used [0x000000073c400000,0x000000073c400000,0x0000000755c80000)
  to   space 461824K, 0% used [0x0000000720100000,0x0000000720100000,0x000000073c400000)
 ParOldGen       total 6488576K, used 6488138K [0x0000000440000000, 0x00000005cc080000, 0x0000000695580000)
  object space 6488576K, 99% used [0x0000000440000000,0x00000005cc012be0,0x00000005cc080000)
 Metaspace       used 64631K, capacity 70656K, committed 71040K, reserved 1110016K
  class space    used 8891K, capacity 9501K, committed 9600K, reserved 1048576K
Event: 138644.438 GC heap after
Heap after GC invocations=143 (full 81):
 PSYoungGen      total 2691072K, used 50070K [0x0000000695580000, 0x000000075b180000, 0x00000007c0000000)
  eden space 2272768K, 2% used [0x0000000695580000,0x00000006986658c0,0x0000000720100000)
  from space 418304K, 0% used [0x000000073c400000,0x000000073c400000,0x0000000755c80000)
  to   space 461824K, 0% used [0x0000000720100000,0x0000000720100000,0x000000073c400000)
 ParOldGen       total 6488576K, used 6488433K [0x0000000440000000, 0x00000005cc080000, 0x0000000695580000)
  object space 6488576K, 99% used [0x0000000440000000,0x00000005cc05c518,0x00000005cc080000)
 Metaspace       used 64631K, capacity 70656K, committed 71040K, reserved 1110016K
  class space    used 8891K, capacity 9501K, committed 9600K, reserved 1048576K
}
Event: 140434.461 GC heap before
{Heap before GC invocations=144 (full 82):
 PSYoungGen      total 2691072K, used 426904K [0x0000000695580000, 0x000000075b180000, 0x00000007c0000000)
  eden space 2272768K, 18% used [0x0000000695580000,0x00000006af666020,0x0000000720100000)
  from space 418304K, 0% used [0x000000073c400000,0x000000073c400000,0x0000000755c80000)
  to   space 461824K, 0% used [0x0000000720100000,0x0000000720100000,0x000000073c400000)
 ParOldGen       total 6488576K, used 6488433K [0x0000000440000000, 0x00000005cc080000, 0x0000000695580000)
  object space 6488576K, 99% used [0x0000000440000000,0x00000005cc05c518,0x00000005cc080000)
 Metaspace       used 64631K, capacity 70656K, committed 71040K, reserved 1110016K
  class space    used 8891K, capacity 9501K, committed 9600K, reserved 1048576K
Event: 140444.792 GC heap after
Heap after GC invocations=144 (full 82):
 PSYoungGen      total 2691072K, used 19198K [0x0000000695580000, 0x000000075b180000, 0x00000007c0000000)
  eden space 2272768K, 0% used [0x0000000695580000,0x000000069683f948,0x0000000720100000)
  from space 418304K, 0% used [0x000000073c400000,0x000000073c400000,0x0000000755c80000)
  to   space 461824K, 0% used [0x0000000720100000,0x0000000720100000,0x000000073c400000)
 ParOldGen       total 6488576K, used 6488422K [0x0000000440000000, 0x00000005cc080000, 0x0000000695580000)
  object space 6488576K, 99% used [0x0000000440000000,0x00000005cc059838,0x00000005cc080000)
 Metaspace       used 64631K, capacity 70656K, committed 71040K, reserved 1110016K
  class space    used 8891K, capacity 9501K, committed 9600K, reserved 1048576K
}
Event: 142234.458 GC heap before
{Heap before GC invocations=145 (full 83):
 PSYoungGen      total 2691072K, used 378432K [0x0000000695580000, 0x000000075b180000, 0x00000007c0000000)
  eden space 2272768K, 16% used [0x0000000695580000,0x00000006ac710150,0x0000000720100000)
  from space 418304K, 0% used [0x000000073c400000,0x000000073c400000,0x0000000755c80000)
  to   space 461824K, 0% used [0x0000000720100000,0x0000000720100000,0x000000073c400000)
 ParOldGen       total 6488576K, used 6488422K [0x0000000440000000, 0x00000005cc080000, 0x0000000695580000)
  object space 6488576K, 99% used [0x0000000440000000,0x00000005cc059838,0x00000005cc080000)
 Metaspace       used 64631K, capacity 70656K, committed 71040K, reserved 1110016K
  class space    used 8891K, capacity 9501K, committed 9600K, reserved 1048576K
Event: 142244.906 GC heap after
Heap after GC invocations=145 (full 83):
 PSYoungGen      total 2691072K, used 0K [0x0000000695580000, 0x000000075b180000, 0x00000007c0000000)
  eden space 2272768K, 0% used [0x0000000695580000,0x0000000695580000,0x0000000720100000)
  from space 418304K, 0% used [0x000000073c400000,0x000000073c400000,0x0000000755c80000)
  to   space 461824K, 0% used [0x0000000720100000,0x0000000720100000,0x000000073c400000)
 ParOldGen       total 6488576K, used 6486740K [0x0000000440000000, 0x00000005cc080000, 0x0000000695580000)
  object space 6488576K, 99% used [0x0000000440000000,0x00000005cbeb50d0,0x00000005cc080000)
 Metaspace       used 64631K, capacity 70656K, committed 71040K, reserved 1110016K
  class space    used 8891K, capacity 9501K, committed 9600K, reserved 1048576K
}
Event: 144034.444 GC heap before
{Heap before GC invocations=146 (full 84):
 PSYoungGen      total 2691072K, used 359458K [0x0000000695580000, 0x000000075b180000, 0x00000007c0000000)
  eden space 2272768K, 15% used [0x0000000695580000,0x00000006ab488b98,0x0000000720100000)
  from space 418304K, 0% used [0x000000073c400000,0x000000073c400000,0x0000000755c80000)
  to   space 461824K, 0% used [0x0000000720100000,0x0000000720100000,0x000000073c400000)
 ParOldGen       total 6488576K, used 6486740K [0x0000000440000000, 0x00000005cc080000, 0x0000000695580000)
  object space 6488576K, 99% used [0x0000000440000000,0x00000005cbeb50d0,0x00000005cc080000)
 Metaspace       used 64631K, capacity 70656K, committed 71040K, reserved 1110016K
  class space    used 8891K, capacity 9501K, committed 9600K, reserved 1048576K
Event: 144044.791 GC heap after
Heap after GC invocations=146 (full 84):
 PSYoungGen      total 2691072K, used 0K [0x0000000695580000, 0x000000075b180000, 0x00000007c0000000)
  eden space 2272768K, 0% used [0x0000000695580000,0x0000000695580000,0x0000000720100000)
  from space 418304K, 0% used [0x000000073c400000,0x000000073c400000,0x0000000755c80000)
  to   space 461824K, 0% used [0x0000000720100000,0x0000000720100000,0x000000073c400000)
 ParOldGen       total 6488576K, used 6465480K [0x0000000440000000, 0x00000005cc080000, 0x0000000695580000)
  object space 6488576K, 99% used [0x0000000440000000,0x00000005ca9f22c0,0x00000005cc080000)
 Metaspace       used 64631K, capacity 70656K, committed 71040K, reserved 1110016K
  class space    used 8891K, capacity 9501K, committed 9600K, reserved 1048576K
}
Event: 145834.452 GC heap before
{Heap before GC invocations=147 (full 85):
 PSYoungGen      total 2691072K, used 359150K [0x0000000695580000, 0x000000075b180000, 0x00000007c0000000)
  eden space 2272768K, 15% used [0x0000000695580000,0x00000006ab43bae8,0x0000000720100000)
  from space 418304K, 0% used [0x000000073c400000,0x000000073c400000,0x0000000755c80000)
  to   space 461824K, 0% used [0x0000000720100000,0x0000000720100000,0x000000073c400000)
 ParOldGen       total 6488576K, used 6465480K [0x0000000440000000, 0x00000005cc080000, 0x0000000695580000)
  object space 6488576K, 99% used [0x0000000440000000,0x00000005ca9f22c0,0x00000005cc080000)
 Metaspace       used 64631K, capacity 70656K, committed 71040K, reserved 1110016K
  class space    used 8891K, capacity 9501K, committed 9600K, reserved 1048576K
Event: 145844.696 GC heap after
Heap after GC invocations=147 (full 85):
 PSYoungGen      total 2691072K, used 0K [0x0000000695580000, 0x000000075b180000, 0x00000007c0000000)
  eden space 2272768K, 0% used [0x0000000695580000,0x0000000695580000,0x0000000720100000)
  from space 418304K, 0% used [0x000000073c400000,0x000000073c400000,0x0000000755c80000)
  to   space 461824K, 0% used [0x0000000720100000,0x0000000720100000,0x000000073c400000)
 ParOldGen       total 6488576K, used 6443897K [0x0000000440000000, 0x00000005cc080000, 0x0000000695580000)
  object space 6488576K, 99% used [0x0000000440000000,0x00000005c94de450,0x00000005cc080000)
 Metaspace       used 64631K, capacity 70656K, committed 71040K, reserved 1110016K
  class space    used 8891K, capacity 9501K, committed 9600K, reserved 1048576K
}
Event: 147634.445 GC heap before
{Heap before GC invocations=148 (full 86):
 PSYoungGen      total 2691072K, used 376836K [0x0000000695580000, 0x000000075b180000, 0x00000007c0000000)
  eden space 2272768K, 16% used [0x0000000695580000,0x00000006ac581370,0x0000000720100000)
  from space 418304K, 0% used [0x000000073c400000,0x000000073c400000,0x0000000755c80000)
  to   space 461824K, 0% used [0x0000000720100000,0x0000000720100000,0x000000073c400000)
 ParOldGen       total 6488576K, used 6443897K [0x0000000440000000, 0x00000005cc080000, 0x0000000695580000)
  object space 6488576K, 99% used [0x0000000440000000,0x00000005c94de450,0x00000005cc080000)
 Metaspace       used 64631K, capacity 70656K, committed 71040K, reserved 1110016K
  class space    used 8891K, capacity 9501K, committed 9600K, reserved 1048576K
Event: 147644.643 GC heap after
Heap after GC invocations=148 (full 86):
 PSYoungGen      total 2691072K, used 0K [0x0000000695580000, 0x000000075b180000, 0x00000007c0000000)
  eden space 2272768K, 0% used [0x0000000695580000,0x0000000695580000,0x0000000720100000)
  from space 418304K, 0% used [0x000000073c400000,0x000000073c400000,0x0000000755c80000)
  to   space 461824K, 0% used [0x0000000720100000,0x0000000720100000,0x000000073c400000)
 ParOldGen       total 6488576K, used 6421836K [0x0000000440000000, 0x00000005cc080000, 0x0000000695580000)
  object space 6488576K, 98% used [0x0000000440000000,0x00000005c7f53350,0x00000005cc080000)
 Metaspace       used 64631K, capacity 70656K, committed 71040K, reserved 1110016K
  class space    used 8891K, capacity 9501K, committed 9600K, reserved 1048576K
}
Event: 149434.441 GC heap before
{Heap before GC invocations=149 (full 87):
 PSYoungGen      total 2691072K, used 376617K [0x0000000695580000, 0x000000075b180000, 0x00000007c0000000)
  eden space 2272768K, 16% used [0x0000000695580000,0x00000006ac54a608,0x0000000720100000)
  from space 418304K, 0% used [0x000000073c400000,0x000000073c400000,0x0000000755c80000)
  to   space 461824K, 0% used [0x0000000720100000,0x0000000720100000,0x000000073c400000)
 ParOldGen       total 6488576K, used 6421836K [0x0000000440000000, 0x00000005cc080000, 0x0000000695580000)
  object space 6488576K, 98% used [0x0000000440000000,0x00000005c7f53350,0x00000005cc080000)
 Metaspace       used 64631K, capacity 70656K, committed 71040K, reserved 1110016K
  class space    used 8891K, capacity 9501K, committed 9600K, reserved 1048576K
Event: 149444.509 GC heap after
Heap after GC invocations=149 (full 87):
 PSYoungGen      total 2691072K, used 0K [0x0000000695580000, 0x000000075b180000, 0x00000007c0000000)
  eden space 2272768K, 0% used [0x0000000695580000,0x0000000695580000,0x0000000720100000)
  from space 418304K, 0% used [0x000000073c400000,0x000000073c400000,0x0000000755c80000)
  to   space 461824K, 0% used [0x0000000720100000,0x0000000720100000,0x000000073c400000)
 ParOldGen       total 6488576K, used 6399287K [0x0000000440000000, 0x00000005cc080000, 0x0000000695580000)
  object space 6488576K, 98% used [0x0000000440000000,0x00000005c694df98,0x00000005cc080000)
 Metaspace       used 64631K, capacity 70656K, committed 71040K, reserved 1110016K
  class space    used 8891K, capacity 9501K, committed 9600K, reserved 1048576K
}
Event: 151234.451 GC heap before
{Heap before GC invocations=150 (full 88):
 PSYoungGen      total 2691072K, used 376843K [0x0000000695580000, 0x000000075b180000, 0x00000007c0000000)
  eden space 2272768K, 16% used [0x0000000695580000,0x00000006ac582f00,0x0000000720100000)
  from space 418304K, 0% used [0x000000073c400000,0x000000073c400000,0x0000000755c80000)
  to   space 461824K, 0% used [0x0000000720100000,0x0000000720100000,0x000000073c400000)
 ParOldGen       total 6488576K, used 6399287K [0x0000000440000000, 0x00000005cc080000, 0x0000000695580000)
  object space 6488576K, 98% used [0x0000000440000000,0x00000005c694df98,0x00000005cc080000)
 Metaspace       used 64631K, capacity 70656K, committed 71040K, reserved 1110016K
  class space    used 8891K, capacity 9501K, committed 9600K, reserved 1048576K
Event: 151244.572 GC heap after
Heap after GC invocations=150 (full 88):
 PSYoungGen      total 2691072K, used 0K [0x0000000695580000, 0x000000075b180000, 0x00000007c0000000)
  eden space 2272768K, 0% used [0x0000000695580000,0x0000000695580000,0x0000000720100000)
  from space 418304K, 0% used [0x000000073c400000,0x000000073c400000,0x0000000755c80000)
  to   space 461824K, 0% used [0x0000000720100000,0x0000000720100000,0x000000073c400000)
 ParOldGen       total 6488576K, used 6376114K [0x0000000440000000, 0x00000005cc080000, 0x0000000695580000)
  object space 6488576K, 98% used [0x0000000440000000,0x00000005c52aca98,0x00000005cc080000)
 Metaspace       used 64631K, capacity 70656K, committed 71040K, reserved 1110016K
  class space    used 8891K, capacity 9501K, committed 9600K, reserved 1048576K
}
Event: 153034.467 GC heap before
{Heap before GC invocations=151 (full 89):
 PSYoungGen      total 2691072K, used 359233K [0x0000000695580000, 0x000000075b180000, 0x00000007c0000000)
  eden space 2272768K, 15% used [0x0000000695580000,0x00000006ab4506a8,0x0000000720100000)
  from space 418304K, 0% used [0x000000073c400000,0x000000073c400000,0x0000000755c80000)
  to   space 461824K, 0% used [0x0000000720100000,0x0000000720100000,0x000000073c400000)
 ParOldGen       total 6488576K, used 6376114K [0x0000000440000000, 0x00000005cc080000, 0x0000000695580000)
  object space 6488576K, 98% used [0x0000000440000000,0x00000005c52aca98,0x00000005cc080000)
 Metaspace       used 64631K, capacity 70656K, committed 71040K, reserved 1110016K
  class space    used 8891K, capacity 9501K, committed 9600K, reserved 1048576K
Event: 153044.797 GC heap after
Heap after GC invocations=151 (full 89):
 PSYoungGen      total 2691072K, used 0K [0x0000000695580000, 0x000000075b180000, 0x00000007c0000000)
  eden space 2272768K, 0% used [0x0000000695580000,0x0000000695580000,0x0000000720100000)
  from space 418304K, 0% used [0x000000073c400000,0x000000073c400000,0x0000000755c80000)
  to   space 461824K, 0% used [0x0000000720100000,0x0000000720100000,0x000000073c400000)
 ParOldGen       total 6488576K, used 6352399K [0x0000000440000000, 0x00000005cc080000, 0x0000000695580000)
  object space 6488576K, 97% used [0x0000000440000000,0x00000005c3b83d28,0x00000005cc080000)
 Metaspace       used 64631K, capacity 70656K, committed 71040K, reserved 1110016K
  class space    used 8891K, capacity 9501K, committed 9600K, reserved 1048576K
}
Event: 154834.449 GC heap before
{Heap before GC invocations=152 (full 90):
 PSYoungGen      total 2691072K, used 359451K [0x0000000695580000, 0x000000075b180000, 0x00000007c0000000)
  eden space 2272768K, 15% used [0x0000000695580000,0x00000006ab486c20,0x0000000720100000)
  from space 418304K, 0% used [0x000000073c400000,0x000000073c400000,0x0000000755c80000)
  to   space 461824K, 0% used [0x0000000720100000,0x0000000720100000,0x000000073c400000)
 ParOldGen       total 6488576K, used 6352399K [0x0000000440000000, 0x00000005cc080000, 0x0000000695580000)
  object space 6488576K, 97% used [0x0000000440000000,0x00000005c3b83d28,0x00000005cc080000)
 Metaspace       used 64631K, capacity 70656K, committed 71040K, reserved 1110016K
  class space    used 8891K, capacity 9501K, committed 9600K, reserved 1048576K
Event: 154844.560 GC heap after
Heap after GC invocations=152 (full 90):
 PSYoungGen      total 2691072K, used 0K [0x0000000695580000, 0x000000075b180000, 0x00000007c0000000)
  eden space 2272768K, 0% used [0x0000000695580000,0x0000000695580000,0x0000000720100000)
  from space 418304K, 0% used [0x000000073c400000,0x000000073c400000,0x0000000755c80000)
  to   space 461824K, 0% used [0x0000000720100000,0x0000000720100000,0x000000073c400000)
 ParOldGen       total 6488576K, used 6328140K [0x0000000440000000, 0x00000005cc080000, 0x0000000695580000)
  object space 6488576K, 97% used [0x0000000440000000,0x00000005c23d33c0,0x00000005cc080000)
 Metaspace       used 64631K, capacity 70656K, committed 71040K, reserved 1110016K
  class space    used 8891K, capacity 9501K, committed 9600K, reserved 1048576K
}
Event: 156634.452 GC heap before
{Heap before GC invocations=153 (full 91):
 PSYoungGen      total 2691072K, used 359232K [0x0000000695580000, 0x000000075b180000, 0x00000007c0000000)
  eden space 2272768K, 15% used [0x0000000695580000,0x00000006ab4502e8,0x0000000720100000)
  from space 418304K, 0% used [0x000000073c400000,0x000000073c400000,0x0000000755c80000)
  to   space 461824K, 0% used [0x0000000720100000,0x0000000720100000,0x000000073c400000)
 ParOldGen       total 6488576K, used 6328140K [0x0000000440000000, 0x00000005cc080000, 0x0000000695580000)
  object space 6488576K, 97% used [0x0000000440000000,0x00000005c23d33c0,0x00000005cc080000)
 Metaspace       used 64631K, capacity 70656K, committed 71040K, reserved 1110016K
  class space    used 8891K, capacity 9501K, committed 9600K, reserved 1048576K
Event: 156644.745 GC heap after
Heap after GC invocations=153 (full 91):
 PSYoungGen      total 2691072K, used 0K [0x0000000695580000, 0x000000075b180000, 0x00000007c0000000)
  eden space 2272768K, 0% used [0x0000000695580000,0x0000000695580000,0x0000000720100000)
  from space 418304K, 0% used [0x000000073c400000,0x000000073c400000,0x0000000755c80000)
  to   space 461824K, 0% used [0x0000000720100000,0x0000000720100000,0x000000073c400000)
 ParOldGen       total 6488576K, used 6303160K [0x0000000440000000, 0x00000005cc080000, 0x0000000695580000)
  object space 6488576K, 97% used [0x0000000440000000,0x00000005c0b6e108,0x00000005cc080000)
 Metaspace       used 64631K, capacity 70656K, committed 71040K, reserved 1110016K
  class space    used 8891K, capacity 9501K, committed 9600K, reserved 1048576K
}
Event: 158434.458 GC heap before
{Heap before GC invocations=154 (full 92):
 PSYoungGen      total 2691072K, used 376839K [0x0000000695580000, 0x000000075b180000, 0x00000007c0000000)
  eden space 2272768K, 16% used [0x0000000695580000,0x00000006ac581c10,0x0000000720100000)
  from space 418304K, 0% used [0x000000073c400000,0x000000073c400000,0x0000000755c80000)
  to   space 461824K, 0% used [0x0000000720100000,0x0000000720100000,0x000000073c400000)
 ParOldGen       total 6488576K, used 6303160K [0x0000000440000000, 0x00000005cc080000, 0x0000000695580000)
  object space 6488576K, 97% used [0x0000000440000000,0x00000005c0b6e108,0x00000005cc080000)
 Metaspace       used 64631K, capacity 70656K, committed 71040K, reserved 1110016K
  class space    used 8891K, capacity 9501K, committed 9600K, reserved 1048576K
Event: 158444.478 GC heap after
Heap after GC invocations=154 (full 92):
 PSYoungGen      total 2691072K, used 0K [0x0000000695580000, 0x000000075b180000, 0x00000007c0000000)
  eden space 2272768K, 0% used [0x0000000695580000,0x0000000695580000,0x0000000720100000)
  from space 418304K, 0% used [0x000000073c400000,0x000000073c400000,0x0000000755c80000)
  to   space 461824K, 0% used [0x0000000720100000,0x0000000720100000,0x000000073c400000)
 ParOldGen       total 6488576K, used 6277475K [0x0000000440000000, 0x00000005cc080000, 0x0000000695580000)
  object space 6488576K, 96% used [0x0000000440000000,0x00000005bf258de8,0x00000005cc080000)
 Metaspace       used 64631K, capacity 70656K, committed 71040K, reserved 1110016K
  class space    used 8891K, capacity 9501K, committed 9600K, reserved 1048576K
}
Event: 160234.455 GC heap before
{Heap before GC invocations=155 (full 93):
 PSYoungGen      total 2691072K, used 376624K [0x0000000695580000, 0x000000075b180000, 0x00000007c0000000)
  eden space 2272768K, 16% used [0x0000000695580000,0x00000006ac54c230,0x0000000720100000)
  from space 418304K, 0% used [0x000000073c400000,0x000000073c400000,0x0000000755c80000)
  to   space 461824K, 0% used [0x0000000720100000,0x0000000720100000,0x000000073c400000)
 ParOldGen       total 6488576K, used 6277475K [0x0000000440000000, 0x00000005cc080000, 0x0000000695580000)
  object space 6488576K, 96% used [0x0000000440000000,0x00000005bf258de8,0x00000005cc080000)
 Metaspace       used 64631K, capacity 70656K, committed 71040K, reserved 1110016K
  class space    used 8891K, capacity 9501K, committed 9600K, reserved 1048576K
Event: 160244.238 GC heap after
Heap after GC invocations=155 (full 93):
 PSYoungGen      total 2691072K, used 0K [0x0000000695580000, 0x000000075b180000, 0x00000007c0000000)
  eden space 2272768K, 0% used [0x0000000695580000,0x0000000695580000,0x0000000720100000)
  from space 418304K, 0% used [0x000000073c400000,0x000000073c400000,0x0000000755c80000)
  to   space 461824K, 0% used [0x0000000720100000,0x0000000720100000,0x000000073c400000)
 ParOldGen       total 6488576K, used 6250711K [0x0000000440000000, 0x00000005cc080000, 0x0000000695580000)
  object space 6488576K, 96% used [0x0000000440000000,0x00000005bd835d58,0x00000005cc080000)
 Metaspace       used 64631K, capacity 70656K, committed 71040K, reserved 1110016K
  class space    used 8891K, capacity 9501K, committed 9600K, reserved 1048576K
}
Event: 162034.461 GC heap before
{Heap before GC invocations=156 (full 93):
 PSYoungGen      total 2691072K, used 376836K [0x0000000695580000, 0x000000075b180000, 0x00000007c0000000)
  eden space 2272768K, 16% used [0x0000000695580000,0x00000006ac5813f8,0x0000000720100000)
  from space 418304K, 0% used [0x000000073c400000,0x000000073c400000,0x0000000755c80000)
  to   space 461824K, 0% used [0x0000000720100000,0x0000000720100000,0x000000073c400000)
 ParOldGen       total 6488576K, used 6250711K [0x0000000440000000, 0x00000005cc080000, 0x0000000695580000)
  object space 6488576K, 96% used [0x0000000440000000,0x00000005bd835d58,0x00000005cc080000)
 Metaspace       used 64631K, capacity 70656K, committed 71040K, reserved 1110016K
  class space    used 8891K, capacity 9501K, committed 9600K, reserved 1048576K
Event: 162034.494 GC heap after
Heap after GC invocations=156 (full 93):
 PSYoungGen      total 2734592K, used 6208K [0x0000000695580000, 0x0000000759880000, 0x00000007c0000000)
  eden space 2272768K, 0% used [0x0000000695580000,0x0000000695580000,0x0000000720100000)
  from space 461824K, 1% used [0x0000000720100000,0x0000000720710000,0x000000073c400000)
  to   space 449024K, 0% used [0x000000073e200000,0x000000073e200000,0x0000000759880000)
 ParOldGen       total 6488576K, used 6250711K [0x0000000440000000, 0x00000005cc080000, 0x0000000695580000)
  object space 6488576K, 96% used [0x0000000440000000,0x00000005bd835d58,0x00000005cc080000)
 Metaspace       used 64631K, capacity 70656K, committed 71040K, reserved 1110016K
  class space    used 8891K, capacity 9501K, committed 9600K, reserved 1048576K
}
Event: 162034.494 GC heap before
{Heap before GC invocations=157 (full 94):
 PSYoungGen      total 2734592K, used 6208K [0x0000000695580000, 0x0000000759880000, 0x00000007c0000000)
  eden space 2272768K, 0% used [0x0000000695580000,0x0000000695580000,0x0000000720100000)
  from space 461824K, 1% used [0x0000000720100000,0x0000000720710000,0x000000073c400000)
  to   space 449024K, 0% used [0x000000073e200000,0x000000073e200000,0x0000000759880000)
 ParOldGen       total 6488576K, used 6250711K [0x0000000440000000, 0x00000005cc080000, 0x0000000695580000)
  object space 6488576K, 96% used [0x0000000440000000,0x00000005bd835d58,0x00000005cc080000)
 Metaspace       used 64631K, capacity 70656K, committed 71040K, reserved 1110016K
  class space    used 8891K, capacity 9501K, committed 9600K, reserved 1048576K
Event: 162044.360 GC heap after
Heap after GC invocations=157 (full 94):
 PSYoungGen      total 2734592K, used 0K [0x0000000695580000, 0x0000000759880000, 0x00000007c0000000)
  eden space 2272768K, 0% used [0x0000000695580000,0x0000000695580000,0x0000000720100000)
  from space 461824K, 0% used [0x0000000720100000,0x0000000720100000,0x000000073c400000)
  to   space 449024K, 0% used [0x000000073e200000,0x000000073e200000,0x0000000759880000)
 ParOldGen       total 6488576K, used 6223426K [0x0000000440000000, 0x00000005cc080000, 0x0000000695580000)
  object space 6488576K, 95% used [0x0000000440000000,0x00000005bbd909e0,0x00000005cc080000)
 Metaspace       used 64631K, capacity 70656K, committed 71040K, reserved 1110016K
  class space    used 8891K, capacity 9501K, committed 9600K, reserved 1048576K
}
Event: 163834.462 GC heap before
{Heap before GC invocations=158 (full 94):
 PSYoungGen      total 2734592K, used 376621K [0x0000000695580000, 0x0000000759880000, 0x00000007c0000000)
  eden space 2272768K, 16% used [0x0000000695580000,0x00000006ac54b780,0x0000000720100000)
  from space 461824K, 0% used [0x0000000720100000,0x0000000720100000,0x000000073c400000)
  to   space 449024K, 0% used [0x000000073e200000,0x000000073e200000,0x0000000759880000)
 ParOldGen       total 6488576K, used 6223426K [0x0000000440000000, 0x00000005cc080000, 0x0000000695580000)
  object space 6488576K, 95% used [0x0000000440000000,0x00000005bbd909e0,0x00000005cc080000)
 Metaspace       used 64631K, capacity 70656K, committed 71040K, reserved 1110016K
  class space    used 8891K, capacity 9501K, committed 9600K, reserved 1048576K
Event: 163834.494 GC heap after
Heap after GC invocations=158 (full 94):
 PSYoungGen      total 2735616K, used 5824K [0x0000000695580000, 0x0000000757b80000, 0x00000007c0000000)
  eden space 2316288K, 0% used [0x0000000695580000,0x0000000695580000,0x0000000722b80000)
  from space 419328K, 1% used [0x000000073e200000,0x000000073e7b0000,0x0000000757b80000)
  to   space 434176K, 0% used [0x0000000722b80000,0x0000000722b80000,0x000000073d380000)
 ParOldGen       total 6488576K, used 6223426K [0x0000000440000000, 0x00000005cc080000, 0x0000000695580000)
  object space 6488576K, 95% used [0x0000000440000000,0x00000005bbd909e0,0x00000005cc080000)
 Metaspace       used 64631K, capacity 70656K, committed 71040K, reserved 1110016K
  class space    used 8891K, capacity 9501K, committed 9600K, reserved 1048576K
}
Event: 163834.494 GC heap before
{Heap before GC invocations=159 (full 95):
 PSYoungGen      total 2735616K, used 5824K [0x0000000695580000, 0x0000000757b80000, 0x00000007c0000000)
  eden space 2316288K, 0% used [0x0000000695580000,0x0000000695580000,0x0000000722b80000)
  from space 419328K, 1% used [0x000000073e200000,0x000000073e7b0000,0x0000000757b80000)
  to   space 434176K, 0% used [0x0000000722b80000,0x0000000722b80000,0x000000073d380000)
 ParOldGen       total 6488576K, used 6223426K [0x0000000440000000, 0x00000005cc080000, 0x0000000695580000)
  object space 6488576K, 95% used [0x0000000440000000,0x00000005bbd909e0,0x00000005cc080000)
 Metaspace       used 64631K, capacity 70656K, committed 71040K, reserved 1110016K
  class space    used 8891K, capacity 9501K, committed 9600K, reserved 1048576K
Event: 163844.438 GC heap after
Heap after GC invocations=159 (full 95):
 PSYoungGen      total 2735616K, used 0K [0x0000000695580000, 0x0000000757b80000, 0x00000007c0000000)
  eden space 2316288K, 0% used [0x0000000695580000,0x0000000695580000,0x0000000722b80000)
  from space 419328K, 0% used [0x000000073e200000,0x000000073e200000,0x0000000757b80000)
  to   space 434176K, 0% used [0x0000000722b80000,0x0000000722b80000,0x000000073d380000)
 ParOldGen       total 6488576K, used 6196489K [0x0000000440000000, 0x00000005cc080000, 0x0000000695580000)
  object space 6488576K, 95% used [0x0000000440000000,0x00000005ba3425f8,0x00000005cc080000)
 Metaspace       used 64631K, capacity 70656K, committed 71040K, reserved 1110016K
  class space    used 8891K, capacity 9501K, committed 9600K, reserved 1048576K
}
Event: 165634.456 GC heap before
{Heap before GC invocations=160 (full 95):
 PSYoungGen      total 2735616K, used 373738K [0x0000000695580000, 0x0000000757b80000, 0x00000007c0000000)
  eden space 2316288K, 16% used [0x0000000695580000,0x00000006ac27a8a0,0x0000000722b80000)
  from space 419328K, 0% used [0x000000073e200000,0x000000073e200000,0x0000000757b80000)
  to   space 434176K, 0% used [0x0000000722b80000,0x0000000722b80000,0x000000073d380000)
 ParOldGen       total 6488576K, used 6196489K [0x0000000440000000, 0x00000005cc080000, 0x0000000695580000)
  object space 6488576K, 95% used [0x0000000440000000,0x00000005ba3425f8,0x00000005cc080000)
 Metaspace       used 64631K, capacity 70656K, committed 71040K, reserved 1110016K
  class space    used 8891K, capacity 9501K, committed 9600K, reserved 1048576K
Event: 165634.489 GC heap after
Heap after GC invocations=160 (full 95):
 PSYoungGen      total 2322432K, used 6144K [0x0000000695580000, 0x0000000755c80000, 0x00000007c0000000)
  eden space 2316288K, 0% used [0x0000000695580000,0x0000000695580000,0x0000000722b80000)
  from space 6144K, 100% used [0x0000000722b80000,0x0000000723180000,0x0000000723180000)
  to   space 418304K, 0% used [0x000000073c400000,0x000000073c400000,0x0000000755c80000)
 ParOldGen       total 6488576K, used 6196489K [0x0000000440000000, 0x00000005cc080000, 0x0000000695580000)
  object space 6488576K, 95% used [0x0000000440000000,0x00000005ba3425f8,0x00000005cc080000)
 Metaspace       used 64631K, capacity 70656K, committed 71040K, reserved 1110016K
  class space    used 8891K, capacity 9501K, committed 9600K, reserved 1048576K
}
Event: 165634.489 GC heap before
{Heap before GC invocations=161 (full 96):
 PSYoungGen      total 2322432K, used 6144K [0x0000000695580000, 0x0000000755c80000, 0x00000007c0000000)
  eden space 2316288K, 0% used [0x0000000695580000,0x0000000695580000,0x0000000722b80000)
  from space 6144K, 100% used [0x0000000722b80000,0x0000000723180000,0x0000000723180000)
  to   space 418304K, 0% used [0x000000073c400000,0x000000073c400000,0x0000000755c80000)
 ParOldGen       total 6488576K, used 6196489K [0x0000000440000000, 0x00000005cc080000, 0x0000000695580000)
  object space 6488576K, 95% used [0x0000000440000000,0x00000005ba3425f8,0x00000005cc080000)
 Metaspace       used 64631K, capacity 70656K, committed 71040K, reserved 1110016K
  class space    used 8891K, capacity 9501K, committed 9600K, reserved 1048576K
Event: 165644.460 GC heap after
Heap after GC invocations=161 (full 96):
 PSYoungGen      total 2322432K, used 0K [0x0000000695580000, 0x0000000755c80000, 0x00000007c0000000)
  eden space 2316288K, 0% used [0x0000000695580000,0x0000000695580000,0x0000000722b80000)
  from space 6144K, 0% used [0x0000000722b80000,0x0000000722b80000,0x0000000723180000)
  to   space 418304K, 0% used [0x000000073c400000,0x000000073c400000,0x0000000755c80000)
 ParOldGen       total 6488576K, used 6168842K [0x0000000440000000, 0x00000005cc080000, 0x0000000695580000)
  object space 6488576K, 95% used [0x0000000440000000,0x00000005b8842a28,0x00000005cc080000)
 Metaspace       used 64631K, capacity 70656K, committed 71040K, reserved 1110016K
  class space    used 8891K, capacity 9501K, committed 9600K, reserved 1048576K
}
Event: 167434.445 GC heap before
{Heap before GC invocations=162 (full 96):
 PSYoungGen      total 2322432K, used 373401K [0x0000000695580000, 0x0000000755c80000, 0x00000007c0000000)
  eden space 2316288K, 16% used [0x0000000695580000,0x00000006ac2266d8,0x0000000722b80000)
  from space 6144K, 0% used [0x0000000722b80000,0x0000000722b80000,0x0000000723180000)
  to   space 418304K, 0% used [0x000000073c400000,0x000000073c400000,0x0000000755c80000)
 ParOldGen       total 6488576K, used 6168842K [0x0000000440000000, 0x00000005cc080000, 0x0000000695580000)
  object space 6488576K, 95% used [0x0000000440000000,0x00000005b8842a28,0x00000005cc080000)
 Metaspace       used 64631K, capacity 70656K, committed 71040K, reserved 1110016K
  class space    used 8891K, capacity 9501K, committed 9600K, reserved 1048576K
Event: 167434.483 GC heap after
Heap after GC invocations=162 (full 96):
 PSYoungGen      total 2699776K, used 5792K [0x0000000695580000, 0x0000000753a80000, 0x00000007c0000000)
  eden space 2316288K, 0% used [0x0000000695580000,0x0000000695580000,0x0000000722b80000)
  from space 383488K, 1% used [0x000000073c400000,0x000000073c9a8000,0x0000000753a80000)
  to   space 400896K, 0% used [0x0000000722b80000,0x0000000722b80000,0x000000073b300000)
 ParOldGen       total 6488576K, used 6168842K [0x0000000440000000, 0x00000005cc080000, 0x0000000695580000)
  object space 6488576K, 95% used [0x0000000440000000,0x00000005b8842a28,0x00000005cc080000)
 Metaspace       used 64631K, capacity 70656K, committed 71040K, reserved 1110016K
  class space    used 8891K, capacity 9501K, committed 9600K, reserved 1048576K
}
Event: 167434.483 GC heap before
{Heap before GC invocations=163 (full 97):
 PSYoungGen      total 2699776K, used 5792K [0x0000000695580000, 0x0000000753a80000, 0x00000007c0000000)
  eden space 2316288K, 0% used [0x0000000695580000,0x0000000695580000,0x0000000722b80000)
  from space 383488K, 1% used [0x000000073c400000,0x000000073c9a8000,0x0000000753a80000)
  to   space 400896K, 0% used [0x0000000722b80000,0x0000000722b80000,0x000000073b300000)
 ParOldGen       total 6488576K, used 6168842K [0x0000000440000000, 0x00000005cc080000, 0x0000000695580000)
  object space 6488576K, 95% used [0x0000000440000000,0x00000005b8842a28,0x00000005cc080000)
 Metaspace       used 64631K, capacity 70656K, committed 71040K, reserved 1110016K
  class space    used 8891K, capacity 9501K, committed 9600K, reserved 1048576K
Event: 167444.379 GC heap after
Heap after GC invocations=163 (full 97):
 PSYoungGen      total 2699776K, used 0K [0x0000000695580000, 0x0000000753a80000, 0x00000007c0000000)
  eden space 2316288K, 0% used [0x0000000695580000,0x0000000695580000,0x0000000722b80000)
  from space 383488K, 0% used [0x000000073c400000,0x000000073c400000,0x0000000753a80000)
  to   space 400896K, 0% used [0x0000000722b80000,0x0000000722b80000,0x000000073b300000)
 ParOldGen       total 6488576K, used 6142299K [0x0000000440000000, 0x00000005cc080000, 0x0000000695580000)
  object space 6488576K, 94% used [0x0000000440000000,0x00000005b6e56da8,0x00000005cc080000)
 Metaspace       used 64631K, capacity 70656K, committed 71040K, reserved 1110016K
  class space    used 8891K, capacity 9501K, committed 9600K, reserved 1048576K
}
Event: 169234.438 GC heap before
{Heap before GC invocations=164 (full 97):
 PSYoungGen      total 2699776K, used 356024K [0x0000000695580000, 0x0000000753a80000, 0x00000007c0000000)
  eden space 2316288K, 15% used [0x0000000695580000,0x00000006ab12e328,0x0000000722b80000)
  from space 383488K, 0% used [0x000000073c400000,0x000000073c400000,0x0000000753a80000)
  to   space 400896K, 0% used [0x0000000722b80000,0x0000000722b80000,0x000000073b300000)
 ParOldGen       total 6488576K, used 6142299K [0x0000000440000000, 0x00000005cc080000, 0x0000000695580000)
  object space 6488576K, 94% used [0x0000000440000000,0x00000005b6e56da8,0x00000005cc080000)
 Metaspace       used 64631K, capacity 70656K, committed 71040K, reserved 1110016K
  class space    used 8891K, capacity 9501K, committed 9600K, reserved 1048576K
Event: 169234.467 GC heap after
Heap after GC invocations=164 (full 97):
 PSYoungGen      total 2322432K, used 5984K [0x0000000695580000, 0x0000000751780000, 0x00000007c0000000)
  eden space 2316288K, 0% used [0x0000000695580000,0x0000000695580000,0x0000000722b80000)
  from space 6144K, 97% used [0x0000000722b80000,0x0000000723158000,0x0000000723180000)
  to   space 382976K, 0% used [0x000000073a180000,0x000000073a180000,0x0000000751780000)
 ParOldGen       total 6488576K, used 6142299K [0x0000000440000000, 0x00000005cc080000, 0x0000000695580000)
  object space 6488576K, 94% used [0x0000000440000000,0x00000005b6e56da8,0x00000005cc080000)
 Metaspace       used 64631K, capacity 70656K, committed 71040K, reserved 1110016K
  class space    used 8891K, capacity 9501K, committed 9600K, reserved 1048576K
}
Event: 169234.467 GC heap before
{Heap before GC invocations=165 (full 98):
 PSYoungGen      total 2322432K, used 5984K [0x0000000695580000, 0x0000000751780000, 0x00000007c0000000)
  eden space 2316288K, 0% used [0x0000000695580000,0x0000000695580000,0x0000000722b80000)
  from space 6144K, 97% used [0x0000000722b80000,0x0000000723158000,0x0000000723180000)
  to   space 382976K, 0% used [0x000000073a180000,0x000000073a180000,0x0000000751780000)
 ParOldGen       total 6488576K, used 6142299K [0x0000000440000000, 0x00000005cc080000, 0x0000000695580000)
  object space 6488576K, 94% used [0x0000000440000000,0x00000005b6e56da8,0x00000005cc080000)
 Metaspace       used 64631K, capacity 70656K, committed 71040K, reserved 1110016K
  class space    used 8891K, capacity 9501K, committed 9600K, reserved 1048576K
Event: 169243.912 GC heap after
Heap after GC invocations=165 (full 98):
 PSYoungGen      total 2322432K, used 0K [0x0000000695580000, 0x0000000751780000, 0x00000007c0000000)
  eden space 2316288K, 0% used [0x0000000695580000,0x0000000695580000,0x0000000722b80000)
  from space 6144K, 0% used [0x0000000722b80000,0x0000000722b80000,0x0000000723180000)
  to   space 382976K, 0% used [0x000000073a180000,0x000000073a180000,0x0000000751780000)
 ParOldGen       total 6488576K, used 6117364K [0x0000000440000000, 0x00000005cc080000, 0x0000000695580000)
  object space 6488576K, 94% used [0x0000000440000000,0x00000005b55fd2d8,0x00000005cc080000)
 Metaspace       used 64631K, capacity 70656K, committed 71040K, reserved 1110016K
  class space    used 8891K, capacity 9501K, committed 9600K, reserved 1048576K
}
Event: 171034.442 GC heap before
{Heap before GC invocations=166 (full 98):
 PSYoungGen      total 2322432K, used 355683K [0x0000000695580000, 0x0000000751780000, 0x00000007c0000000)
  eden space 2316288K, 15% used [0x0000000695580000,0x00000006ab0d8fb8,0x0000000722b80000)
  from space 6144K, 0% used [0x0000000722b80000,0x0000000722b80000,0x0000000723180000)
  to   space 382976K, 0% used [0x000000073a180000,0x000000073a180000,0x0000000751780000)
 ParOldGen       total 6488576K, used 6117364K [0x0000000440000000, 0x00000005cc080000, 0x0000000695580000)
  object space 6488576K, 94% used [0x0000000440000000,0x00000005b55fd2d8,0x00000005cc080000)
 Metaspace       used 64631K, capacity 70656K, committed 71040K, reserved 1110016K
  class space    used 8891K, capacity 9501K, committed 9600K, reserved 1048576K
Event: 171034.471 GC heap after
Heap after GC invocations=166 (full 98):
 PSYoungGen      total 2663424K, used 5536K [0x0000000695580000, 0x000000074f480000, 0x00000007c0000000)
  eden space 2316288K, 0% used [0x0000000695580000,0x0000000695580000,0x0000000722b80000)
  from space 347136K, 1% used [0x000000073a180000,0x000000073a6e8000,0x000000074f480000)
  to   space 365056K, 0% used [0x0000000722b80000,0x0000000722b80000,0x0000000739000000)
 ParOldGen       total 6488576K, used 6117364K [0x0000000440000000, 0x00000005cc080000, 0x0000000695580000)
  object space 6488576K, 94% used [0x0000000440000000,0x00000005b55fd2d8,0x00000005cc080000)
 Metaspace       used 64631K, capacity 70656K, committed 71040K, reserved 1110016K
  class space    used 8891K, capacity 9501K, committed 9600K, reserved 1048576K
}
Event: 171034.471 GC heap before
{Heap before GC invocations=167 (full 99):
 PSYoungGen      total 2663424K, used 5536K [0x0000000695580000, 0x000000074f480000, 0x00000007c0000000)
  eden space 2316288K, 0% used [0x0000000695580000,0x0000000695580000,0x0000000722b80000)
  from space 347136K, 1% used [0x000000073a180000,0x000000073a6e8000,0x000000074f480000)
  to   space 365056K, 0% used [0x0000000722b80000,0x0000000722b80000,0x0000000739000000)
 ParOldGen       total 6488576K, used 6117364K [0x0000000440000000, 0x00000005cc080000, 0x0000000695580000)
  object space 6488576K, 94% used [0x0000000440000000,0x00000005b55fd2d8,0x00000005cc080000)
 Metaspace       used 64631K, capacity 70656K, committed 71040K, reserved 1110016K
  class space    used 8891K, capacity 9501K, committed 9600K, reserved 1048576K
Event: 171044.399 GC heap after
Heap after GC invocations=167 (full 99):
 PSYoungGen      total 2663424K, used 0K [0x0000000695580000, 0x000000074f480000, 0x00000007c0000000)
  eden space 2316288K, 0% used [0x0000000695580000,0x0000000695580000,0x0000000722b80000)
  from space 347136K, 0% used [0x000000073a180000,0x000000073a180000,0x000000074f480000)
  to   space 365056K, 0% used [0x0000000722b80000,0x0000000722b80000,0x0000000739000000)
 ParOldGen       total 6488576K, used 6094807K [0x0000000440000000, 0x00000005cc080000, 0x0000000695580000)
  object space 6488576K, 93% used [0x0000000440000000,0x00000005b3ff5e60,0x00000005cc080000)
 Metaspace       used 64631K, capacity 70656K, committed 71040K, reserved 1110016K
  class space    used 8891K, capacity 9501K, committed 9600K, reserved 1048576K
}

