# JRE version: OpenJDK Runtime Environment (8.0_342-b07) (build 1.8.0_342-b07)
# Java VM: OpenJDK 64-Bit Server VM (25.342-b07 mixed mode linux-amd64 compressed oops)
Heap:
 PSYoungGen      total 247808K, used 68886K [0x00000000eab00000, 0x00000000fb600000, 0x0000000100000000)
  eden space 246784K, 27% used [0x00000000eab00000,0x00000000eed7d7c8,0x00000000f9c00000)
  from space 1024K, 78% used [0x00000000f9f00000,0x00000000f9fc80e0,0x00000000fa000000)
  to   space 13312K, 0% used [0x00000000fa900000,0x00000000fa900000,0x00000000fb600000)
 ParOldGen       total 696832K, used 8491K [0x00000000c0000000, 0x00000000ea880000, 0x00000000eab00000)
  object space 696832K, 1% used [0x00000000c0000000,0x00000000c084ae40,0x00000000ea880000)
 Metaspace       used 35115K, capacity 36782K, committed 36992K, reserved 1081344K
  class space    used 4716K, capacity 4933K, committed 4992K, reserved 1048576K
GC Heap History (30 events):
Event: 1.671 GC heap before
{Heap before GC invocations=1 (full 0):
 PSYoungGen      total 305664K, used 131153K [0x00000000eab00000, 0x0000000100000000, 0x0000000100000000)
  eden space 262144K, 50% used [0x00000000eab00000,0x00000000f2b146b0,0x00000000fab00000)
  from space 43520K, 0% used [0x00000000fd580000,0x00000000fd580000,0x0000000100000000)
  to   space 43520K, 0% used [0x00000000fab00000,0x00000000fab00000,0x00000000fd580000)
 ParOldGen       total 699392K, used 0K [0x00000000c0000000, 0x00000000eab00000, 0x00000000eab00000)
  object space 699392K, 0% used [0x00000000c0000000,0x00000000c0000000,0x00000000eab00000)
 Metaspace       used 20413K, capacity 21262K, committed 21296K, reserved 1067008K
  class space    used 2799K, capacity 2922K, committed 2944K, reserved 1048576K
Event: 1.686 GC heap after
Heap after GC invocations=1 (full 0):
 PSYoungGen      total 305664K, used 14482K [0x00000000eab00000, 0x0000000100000000, 0x0000000100000000)
  eden space 262144K, 0% used [0x00000000eab00000,0x00000000eab00000,0x00000000fab00000)
  from space 43520K, 33% used [0x00000000fab00000,0x00000000fb924a20,0x00000000fd580000)
  to   space 43520K, 0% used [0x00000000fd580000,0x00000000fd580000,0x0000000100000000)
 ParOldGen       total 699392K, used 88K [0x00000000c0000000, 0x00000000eab00000, 0x00000000eab00000)
  object space 699392K, 0% used [0x00000000c0000000,0x00000000c0016028,0x00000000eab00000)
 Metaspace       used 20413K, capacity 21262K, committed 21296K, reserved 1067008K
  class space    used 2799K, capacity 2922K, committed 2944K, reserved 1048576K
}
Event: 1.686 GC heap before
{Heap before GC invocations=2 (full 1):
 PSYoungGen      total 305664K, used 14482K [0x00000000eab00000, 0x0000000100000000, 0x0000000100000000)
  eden space 262144K, 0% used [0x00000000eab00000,0x00000000eab00000,0x00000000fab00000)
  from space 43520K, 33% used [0x00000000fab00000,0x00000000fb924a20,0x00000000fd580000)
  to   space 43520K, 0% used [0x00000000fd580000,0x00000000fd580000,0x0000000100000000)
 ParOldGen       total 699392K, used 88K [0x00000000c0000000, 0x00000000eab00000, 0x00000000eab00000)
  object space 699392K, 0% used [0x00000000c0000000,0x00000000c0016028,0x00000000eab00000)
 Metaspace       used 20413K, capacity 21262K, committed 21296K, reserved 1067008K
  class space    used 2799K, capacity 2922K, committed 2944K, reserved 1048576K
Event: 1.722 GC heap after
Heap after GC invocations=2 (full 1):
 PSYoungGen      total 305664K, used 0K [0x00000000eab00000, 0x0000000100000000, 0x0000000100000000)
  eden space 262144K, 0% used [0x00000000eab00000,0x00000000eab00000,0x00000000fab00000)
  from space 43520K, 0% used [0x00000000fab00000,0x00000000fab00000,0x00000000fd580000)
  to   space 43520K, 0% used [0x00000000fd580000,0x00000000fd580000,0x0000000100000000)
 ParOldGen       total 462848K, used 13897K [0x00000000c0000000, 0x00000000dc400000, 0x00000000eab00000)
  object space 462848K, 3% used [0x00000000c0000000,0x00000000c0d927e8,0x00000000dc400000)
 Metaspace       used 20413K, capacity 21262K, committed 21296K, reserved 1067008K
  class space    used 2799K, capacity 2922K, committed 2944K, reserved 1048576K
}
Event: 8579.217 GC heap before
{Heap before GC invocations=3 (full 1):
 PSYoungGen      total 305664K, used 262144K [0x00000000eab00000, 0x0000000100000000, 0x0000000100000000)
  eden space 262144K, 100% used [0x00000000eab00000,0x00000000fab00000,0x00000000fab00000)
  from space 43520K, 0% used [0x00000000fab00000,0x00000000fab00000,0x00000000fd580000)
  to   space 43520K, 0% used [0x00000000fd580000,0x00000000fd580000,0x0000000100000000)
 ParOldGen       total 462848K, used 13897K [0x00000000c0000000, 0x00000000dc400000, 0x00000000eab00000)
  object space 462848K, 3% used [0x00000000c0000000,0x00000000c0d927e8,0x00000000dc400000)
 Metaspace       used 33164K, capacity 34722K, committed 34816K, reserved 1079296K
  class space    used 4348K, capacity 4568K, committed 4608K, reserved 1048576K
Event: 8579.229 GC heap after
Heap after GC invocations=3 (full 1):
 PSYoungGen      total 305664K, used 11615K [0x00000000eab00000, 0x0000000100000000, 0x0000000100000000)
  eden space 262144K, 0% used [0x00000000eab00000,0x00000000eab00000,0x00000000fab00000)
  from space 43520K, 26% used [0x00000000fd580000,0x00000000fe0d7ca8,0x0000000100000000)
  to   space 43520K, 0% used [0x00000000fab00000,0x00000000fab00000,0x00000000fd580000)
 ParOldGen       total 462848K, used 13905K [0x00000000c0000000, 0x00000000dc400000, 0x00000000eab00000)
  object space 462848K, 3% used [0x00000000c0000000,0x00000000c0d947e8,0x00000000dc400000)
 Metaspace       used 33164K, capacity 34722K, committed 34816K, reserved 1079296K
  class space    used 4348K, capacity 4568K, committed 4608K, reserved 1048576K
}
Event: 8804.861 GC heap before
{Heap before GC invocations=4 (full 1):
 PSYoungGen      total 305664K, used 34272K [0x00000000eab00000, 0x0000000100000000, 0x0000000100000000)
  eden space 262144K, 8% used [0x00000000eab00000,0x00000000ec1203e8,0x00000000fab00000)
  from space 43520K, 26% used [0x00000000fd580000,0x00000000fe0d7ca8,0x0000000100000000)
  to   space 43520K, 0% used [0x00000000fab00000,0x00000000fab00000,0x00000000fd580000)
 ParOldGen       total 462848K, used 13905K [0x00000000c0000000, 0x00000000dc400000, 0x00000000eab00000)
  object space 462848K, 3% used [0x00000000c0000000,0x00000000c0d947e8,0x00000000dc400000)
 Metaspace       used 33772K, capacity 35312K, committed 35456K, reserved 1079296K
  class space    used 4420K, capacity 4635K, committed 4736K, reserved 1048576K
Event: 8804.866 GC heap after
Heap after GC invocations=4 (full 1):
 PSYoungGen      total 305664K, used 3994K [0x00000000eab00000, 0x0000000100000000, 0x0000000100000000)
  eden space 262144K, 0% used [0x00000000eab00000,0x00000000eab00000,0x00000000fab00000)
  from space 43520K, 9% used [0x00000000fab00000,0x00000000faee6bb8,0x00000000fd580000)
  to   space 43520K, 0% used [0x00000000fd580000,0x00000000fd580000,0x0000000100000000)
 ParOldGen       total 462848K, used 13913K [0x00000000c0000000, 0x00000000dc400000, 0x00000000eab00000)
  object space 462848K, 3% used [0x00000000c0000000,0x00000000c0d967e8,0x00000000dc400000)
 Metaspace       used 33772K, capacity 35312K, committed 35456K, reserved 1079296K
  class space    used 4420K, capacity 4635K, committed 4736K, reserved 1048576K
}
Event: 8804.866 GC heap before
{Heap before GC invocations=5 (full 2):
 PSYoungGen      total 305664K, used 3994K [0x00000000eab00000, 0x0000000100000000, 0x0000000100000000)
  eden space 262144K, 0% used [0x00000000eab00000,0x00000000eab00000,0x00000000fab00000)
  from space 43520K, 9% used [0x00000000fab00000,0x00000000faee6bb8,0x00000000fd580000)
  to   space 43520K, 0% used [0x00000000fd580000,0x00000000fd580000,0x0000000100000000)
 ParOldGen       total 462848K, used 13913K [0x00000000c0000000, 0x00000000dc400000, 0x00000000eab00000)
  object space 462848K, 3% used [0x00000000c0000000,0x00000000c0d967e8,0x00000000dc400000)
 Metaspace       used 33772K, capacity 35312K, committed 35456K, reserved 1079296K
  class space    used 4420K, capacity 4635K, committed 4736K, reserved 1048576K
Event: 8804.905 GC heap after
Heap after GC invocations=5 (full 2):
 PSYoungGen      total 305664K, used 0K [0x00000000eab00000, 0x0000000100000000, 0x0000000100000000)
  eden space 262144K, 0% used [0x00000000eab00000,0x00000000eab00000,0x00000000fab00000)
  from space 43520K, 0% used [0x00000000fab00000,0x00000000fab00000,0x00000000fd580000)
  to   space 43520K, 0% used [0x00000000fd580000,0x00000000fd580000,0x0000000100000000)
 ParOldGen       total 696832K, used 8475K [0x00000000c0000000, 0x00000000ea880000, 0x00000000eab00000)
  object space 696832K, 1% used [0x00000000c0000000,0x00000000c0846e40,0x00000000ea880000)
 Metaspace       used 33594K, capacity 35006K, committed 35456K, reserved 1079296K
  class space    used 4388K, capacity 4576K, committed 4736K, reserved 1048576K
}
Event: 23549.215 GC heap before
{Heap before GC invocations=6 (full 2):
 PSYoungGen      total 305664K, used 262144K [0x00000000eab00000, 0x0000000100000000, 0x0000000100000000)
  eden space 262144K, 100% used [0x00000000eab00000,0x00000000fab00000,0x00000000fab00000)
  from space 43520K, 0% used [0x00000000fab00000,0x00000000fab00000,0x00000000fd580000)
  to   space 43520K, 0% used [0x00000000fd580000,0x00000000fd580000,0x0000000100000000)
 ParOldGen       total 696832K, used 8475K [0x00000000c0000000, 0x00000000ea880000, 0x00000000eab00000)
  object space 696832K, 1% used [0x00000000c0000000,0x00000000c0846e40,0x00000000ea880000)
 Metaspace       used 35062K, capacity 36782K, committed 36992K, reserved 1081344K
  class space    used 4716K, capacity 4933K, committed 4992K, reserved 1048576K
Event: 23549.220 GC heap after
Heap after GC invocations=6 (full 2):
 PSYoungGen      total 305664K, used 2201K [0x00000000eab00000, 0x0000000100000000, 0x0000000100000000)
  eden space 262144K, 0% used [0x00000000eab00000,0x00000000eab00000,0x00000000fab00000)
  from space 43520K, 5% used [0x00000000fd580000,0x00000000fd7a6618,0x0000000100000000)
  to   space 43520K, 0% used [0x00000000fab00000,0x00000000fab00000,0x00000000fd580000)
 ParOldGen       total 696832K, used 8483K [0x00000000c0000000, 0x00000000ea880000, 0x00000000eab00000)
  object space 696832K, 1% used [0x00000000c0000000,0x00000000c0848e40,0x00000000ea880000)
 Metaspace       used 35062K, capacity 36782K, committed 36992K, reserved 1081344K
  class space    used 4716K, capacity 4933K, committed 4992K, reserved 1048576K
}
Event: 39597.937 GC heap before
{Heap before GC invocations=7 (full 2):
 PSYoungGen      total 305664K, used 264345K [0x00000000eab00000, 0x0000000100000000, 0x0000000100000000)
  eden space 262144K, 100% used [0x00000000eab00000,0x00000000fab00000,0x00000000fab00000)
  from space 43520K, 5% used [0x00000000fd580000,0x00000000fd7a6618,0x0000000100000000)
  to   space 43520K, 0% used [0x00000000fab00000,0x00000000fab00000,0x00000000fd580000)
 ParOldGen       total 696832K, used 8483K [0x00000000c0000000, 0x00000000ea880000, 0x00000000eab00000)
  object space 696832K, 1% used [0x00000000c0000000,0x00000000c0848e40,0x00000000ea880000)
 Metaspace       used 35081K, capacity 36782K, committed 36992K, reserved 1081344K
  class space    used 4716K, capacity 4933K, committed 4992K, reserved 1048576K
Event: 39597.941 GC heap after
Heap after GC invocations=7 (full 2):
 PSYoungGen      total 263168K, used 960K [0x00000000eab00000, 0x00000000fd600000, 0x0000000100000000)
  eden space 262144K, 0% used [0x00000000eab00000,0x00000000eab00000,0x00000000fab00000)
  from space 1024K, 93% used [0x00000000fab00000,0x00000000fabf00f0,0x00000000fac00000)
  to   space 18432K, 0% used [0x00000000fc400000,0x00000000fc400000,0x00000000fd600000)
 ParOldGen       total 696832K, used 8491K [0x00000000c0000000, 0x00000000ea880000, 0x00000000eab00000)
  object space 696832K, 1% used [0x00000000c0000000,0x00000000c084ae40,0x00000000ea880000)
 Metaspace       used 35081K, capacity 36782K, committed 36992K, reserved 1081344K
  class space    used 4716K, capacity 4933K, committed 4992K, reserved 1048576K
}
Event: 55739.217 GC heap before
{Heap before GC invocations=8 (full 2):
 PSYoungGen      total 263168K, used 263104K [0x00000000eab00000, 0x00000000fd600000, 0x0000000100000000)
  eden space 262144K, 100% used [0x00000000eab00000,0x00000000fab00000,0x00000000fab00000)
  from space 1024K, 93% used [0x00000000fab00000,0x00000000fabf00f0,0x00000000fac00000)
  to   space 18432K, 0% used [0x00000000fc400000,0x00000000fc400000,0x00000000fd600000)
 ParOldGen       total 696832K, used 8491K [0x00000000c0000000, 0x00000000ea880000, 0x00000000eab00000)
  object space 696832K, 1% used [0x00000000c0000000,0x00000000c084ae40,0x00000000ea880000)
 Metaspace       used 35100K, capacity 36782K, committed 36992K, reserved 1081344K
  class space    used 4716K, capacity 4933K, committed 4992K, reserved 1048576K
Event: 55739.220 GC heap after
Heap after GC invocations=8 (full 2):
 PSYoungGen      total 288256K, used 784K [0x00000000eab00000, 0x00000000fe900000, 0x0000000100000000)
  eden space 269824K, 0% used [0x00000000eab00000,0x00000000eab00000,0x00000000fb280000)
  from space 18432K, 4% used [0x00000000fc400000,0x00000000fc4c40f0,0x00000000fd600000)
  to   space 17920K, 0% used [0x00000000fb280000,0x00000000fb280000,0x00000000fc400000)
 ParOldGen       total 696832K, used 8491K [0x00000000c0000000, 0x00000000ea880000, 0x00000000eab00000)
  object space 696832K, 1% used [0x00000000c0000000,0x00000000c084ae40,0x00000000ea880000)
 Metaspace       used 35100K, capacity 36782K, committed 36992K, reserved 1081344K
  class space    used 4716K, capacity 4933K, committed 4992K, reserved 1048576K
}
Event: 72507.943 GC heap before
{Heap before GC invocations=9 (full 2):
 PSYoungGen      total 288256K, used 270608K [0x00000000eab00000, 0x00000000fe900000, 0x0000000100000000)
  eden space 269824K, 100% used [0x00000000eab00000,0x00000000fb280000,0x00000000fb280000)
  from space 18432K, 4% used [0x00000000fc400000,0x00000000fc4c40f0,0x00000000fd600000)
  to   space 17920K, 0% used [0x00000000fb280000,0x00000000fb280000,0x00000000fc400000)
 ParOldGen       total 696832K, used 8491K [0x00000000c0000000, 0x00000000ea880000, 0x00000000eab00000)
  object space 696832K, 1% used [0x00000000c0000000,0x00000000c084ae40,0x00000000ea880000)
 Metaspace       used 35101K, capacity 36782K, committed 36992K, reserved 1081344K
  class space    used 4716K, capacity 4933K, committed 4992K, reserved 1048576K
Event: 72507.945 GC heap after
Heap after GC invocations=9 (full 2):
 PSYoungGen      total 267264K, used 848K [0x00000000eab00000, 0x00000000fd100000, 0x0000000100000000)
  eden space 266240K, 0% used [0x00000000eab00000,0x00000000eab00000,0x00000000faf00000)
  from space 1024K, 82% used [0x00000000fb280000,0x00000000fb354100,0x00000000fb380000)
  to   space 17408K, 0% used [0x00000000fc000000,0x00000000fc000000,0x00000000fd100000)
 ParOldGen       total 696832K, used 8491K [0x00000000c0000000, 0x00000000ea880000, 0x00000000eab00000)
  object space 696832K, 1% used [0x00000000c0000000,0x00000000c084ae40,0x00000000ea880000)
 Metaspace       used 35101K, capacity 36782K, committed 36992K, reserved 1081344K
  class space    used 4716K, capacity 4933K, committed 4992K, reserved 1048576K
}
Event: 89040.853 GC heap before
{Heap before GC invocations=10 (full 2):
 PSYoungGen      total 267264K, used 267088K [0x00000000eab00000, 0x00000000fd100000, 0x0000000100000000)
  eden space 266240K, 100% used [0x00000000eab00000,0x00000000faf00000,0x00000000faf00000)
  from space 1024K, 82% used [0x00000000fb280000,0x00000000fb354100,0x00000000fb380000)
  to   space 17408K, 0% used [0x00000000fc000000,0x00000000fc000000,0x00000000fd100000)
 ParOldGen       total 696832K, used 8491K [0x00000000c0000000, 0x00000000ea880000, 0x00000000eab00000)
  object space 696832K, 1% used [0x00000000c0000000,0x00000000c084ae40,0x00000000ea880000)
 Metaspace       used 35115K, capacity 36782K, committed 36992K, reserved 1081344K
  class space    used 4716K, capacity 4933K, committed 4992K, reserved 1048576K
Event: 89040.857 GC heap after
Heap after GC invocations=10 (full 2):
 PSYoungGen      total 275456K, used 800K [0x00000000eab00000, 0x00000000fcc80000, 0x0000000100000000)
  eden space 262656K, 0% used [0x00000000eab00000,0x00000000eab00000,0x00000000fab80000)
  from space 12800K, 6% used [0x00000000fc000000,0x00000000fc0c8100,0x00000000fcc80000)
  to   space 16896K, 0% used [0x00000000fab80000,0x00000000fab80000,0x00000000fbc00000)
 ParOldGen       total 696832K, used 8491K [0x00000000c0000000, 0x00000000ea880000, 0x00000000eab00000)
  object space 696832K, 1% used [0x00000000c0000000,0x00000000c084ae40,0x00000000ea880000)
 Metaspace       used 35115K, capacity 36782K, committed 36992K, reserved 1081344K
  class space    used 4716K, capacity 4933K, committed 4992K, reserved 1048576K
}
Event: 105406.881 GC heap before
{Heap before GC invocations=11 (full 2):
 PSYoungGen      total 275456K, used 263456K [0x00000000eab00000, 0x00000000fcc80000, 0x0000000100000000)
  eden space 262656K, 100% used [0x00000000eab00000,0x00000000fab80000,0x00000000fab80000)
  from space 12800K, 6% used [0x00000000fc000000,0x00000000fc0c8100,0x00000000fcc80000)
  to   space 16896K, 0% used [0x00000000fab80000,0x00000000fab80000,0x00000000fbc00000)
 ParOldGen       total 696832K, used 8491K [0x00000000c0000000, 0x00000000ea880000, 0x00000000eab00000)
  object space 696832K, 1% used [0x00000000c0000000,0x00000000c084ae40,0x00000000ea880000)
 Metaspace       used 35115K, capacity 36782K, committed 36992K, reserved 1081344K
  class space    used 4716K, capacity 4933K, committed 4992K, reserved 1048576K
Event: 105406.884 GC heap after
Heap after GC invocations=11 (full 2):
 PSYoungGen      total 260096K, used 832K [0x00000000eab00000, 0x00000000fc700000, 0x0000000100000000)
  eden space 259072K, 0% used [0x00000000eab00000,0x00000000eab00000,0x00000000fa800000)
  from space 1024K, 81% used [0x00000000fab80000,0x00000000fac50110,0x00000000fac80000)
  to   space 15872K, 0% used [0x00000000fb780000,0x00000000fb780000,0x00000000fc700000)
 ParOldGen       total 696832K, used 8491K [0x00000000c0000000, 0x00000000ea880000, 0x00000000eab00000)
  object space 696832K, 1% used [0x00000000c0000000,0x00000000c084ae40,0x00000000ea880000)
 Metaspace       used 35115K, capacity 36782K, committed 36992K, reserved 1081344K
  class space    used 4716K, capacity 4933K, committed 4992K, reserved 1048576K
}
Event: 121604.216 GC heap before
{Heap before GC invocations=12 (full 2):
 PSYoungGen      total 260096K, used 259904K [0x00000000eab00000, 0x00000000fc700000, 0x0000000100000000)
  eden space 259072K, 100% used [0x00000000eab00000,0x00000000fa800000,0x00000000fa800000)
  from space 1024K, 81% used [0x00000000fab80000,0x00000000fac50110,0x00000000fac80000)
  to   space 15872K, 0% used [0x00000000fb780000,0x00000000fb780000,0x00000000fc700000)
 ParOldGen       total 696832K, used 8491K [0x00000000c0000000, 0x00000000ea880000, 0x00000000eab00000)
  object space 696832K, 1% used [0x00000000c0000000,0x00000000c084ae40,0x00000000ea880000)
 Metaspace       used 35115K, capacity 36782K, committed 36992K, reserved 1081344K
  class space    used 4716K, capacity 4933K, committed 4992K, reserved 1048576K
Event: 121604.219 GC heap after
Heap after GC invocations=12 (full 2):
 PSYoungGen      total 267776K, used 800K [0x00000000eab00000, 0x00000000fc300000, 0x0000000100000000)
  eden space 256000K, 0% used [0x00000000eab00000,0x00000000eab00000,0x00000000fa500000)
  from space 11776K, 6% used [0x00000000fb780000,0x00000000fb8480e0,0x00000000fc300000)
  to   space 15360K, 0% used [0x00000000fa500000,0x00000000fa500000,0x00000000fb400000)
 ParOldGen       total 696832K, used 8491K [0x00000000c0000000, 0x00000000ea880000, 0x00000000eab00000)
  object space 696832K, 1% used [0x00000000c0000000,0x00000000c084ae40,0x00000000ea880000)
 Metaspace       used 35115K, capacity 36782K, committed 36992K, reserved 1081344K
  class space    used 4716K, capacity 4933K, committed 4992K, reserved 1048576K
}
Event: 137550.853 GC heap before
{Heap before GC invocations=13 (full 2):
 PSYoungGen      total 267776K, used 256800K [0x00000000eab00000, 0x00000000fc300000, 0x0000000100000000)
  eden space 256000K, 100% used [0x00000000eab00000,0x00000000fa500000,0x00000000fa500000)
  from space 11776K, 6% used [0x00000000fb780000,0x00000000fb8480e0,0x00000000fc300000)
  to   space 15360K, 0% used [0x00000000fa500000,0x00000000fa500000,0x00000000fb400000)
 ParOldGen       total 696832K, used 8491K [0x00000000c0000000, 0x00000000ea880000, 0x00000000eab00000)
  object space 696832K, 1% used [0x00000000c0000000,0x00000000c084ae40,0x00000000ea880000)
 Metaspace       used 35115K, capacity 36782K, committed 36992K, reserved 1081344K
  class space    used 4716K, capacity 4933K, committed 4992K, reserved 1048576K
Event: 137550.855 GC heap after
Heap after GC invocations=13 (full 2):
 PSYoungGen      total 253952K, used 816K [0x00000000eab00000, 0x00000000fbf00000, 0x0000000100000000)
  eden space 252928K, 0% used [0x00000000eab00000,0x00000000eab00000,0x00000000fa200000)
  from space 1024K, 79% used [0x00000000fa500000,0x00000000fa5cc0f0,0x00000000fa600000)
  to   space 14848K, 0% used [0x00000000fb080000,0x00000000fb080000,0x00000000fbf00000)
 ParOldGen       total 696832K, used 8491K [0x00000000c0000000, 0x00000000ea880000, 0x00000000eab00000)
  object space 696832K, 1% used [0x00000000c0000000,0x00000000c084ae40,0x00000000ea880000)
 Metaspace       used 35115K, capacity 36782K, committed 36992K, reserved 1081344K
  class space    used 4716K, capacity 4933K, committed 4992K, reserved 1048576K
}
Event: 153270.854 GC heap before
{Heap before GC invocations=14 (full 2):
 PSYoungGen      total 253952K, used 253744K [0x00000000eab00000, 0x00000000fbf00000, 0x0000000100000000)
  eden space 252928K, 100% used [0x00000000eab00000,0x00000000fa200000,0x00000000fa200000)
  from space 1024K, 79% used [0x00000000fa500000,0x00000000fa5cc0f0,0x00000000fa600000)
  to   space 14848K, 0% used [0x00000000fb080000,0x00000000fb080000,0x00000000fbf00000)
 ParOldGen       total 696832K, used 8491K [0x00000000c0000000, 0x00000000ea880000, 0x00000000eab00000)
  object space 696832K, 1% used [0x00000000c0000000,0x00000000c084ae40,0x00000000ea880000)
 Metaspace       used 35115K, capacity 36782K, committed 36992K, reserved 1081344K
  class space    used 4716K, capacity 4933K, committed 4992K, reserved 1048576K
Event: 153270.856 GC heap after
Heap after GC invocations=14 (full 2):
 PSYoungGen      total 260608K, used 768K [0x00000000eab00000, 0x00000000fbb00000, 0x0000000100000000)
  eden space 249856K, 0% used [0x00000000eab00000,0x00000000eab00000,0x00000000f9f00000)
  from space 10752K, 7% used [0x00000000fb080000,0x00000000fb1400e0,0x00000000fbb00000)
  to   space 14336K, 0% used [0x00000000f9f00000,0x00000000f9f00000,0x00000000fad00000)
 ParOldGen       total 696832K, used 8491K [0x00000000c0000000, 0x00000000ea880000, 0x00000000eab00000)
  object space 696832K, 1% used [0x00000000c0000000,0x00000000c084ae40,0x00000000ea880000)
 Metaspace       used 35115K, capacity 36782K, committed 36992K, reserved 1081344K
  class space    used 4716K, capacity 4933K, committed 4992K, reserved 1048576K
}
Event: 168705.626 GC heap before
{Heap before GC invocations=15 (full 2):
 PSYoungGen      total 260608K, used 250624K [0x00000000eab00000, 0x00000000fbb00000, 0x0000000100000000)
  eden space 249856K, 100% used [0x00000000eab00000,0x00000000f9f00000,0x00000000f9f00000)
  from space 10752K, 7% used [0x00000000fb080000,0x00000000fb1400e0,0x00000000fbb00000)
  to   space 14336K, 0% used [0x00000000f9f00000,0x00000000f9f00000,0x00000000fad00000)
 ParOldGen       total 696832K, used 8491K [0x00000000c0000000, 0x00000000ea880000, 0x00000000eab00000)
  object space 696832K, 1% used [0x00000000c0000000,0x00000000c084ae40,0x00000000ea880000)
 Metaspace       used 35115K, capacity 36782K, committed 36992K, reserved 1081344K
  class space    used 4716K, capacity 4933K, committed 4992K, reserved 1048576K
Event: 168705.628 GC heap after
Heap after GC invocations=15 (full 2):
 PSYoungGen      total 247808K, used 800K [0x00000000eab00000, 0x00000000fb600000, 0x0000000100000000)
  eden space 246784K, 0% used [0x00000000eab00000,0x00000000eab00000,0x00000000f9c00000)
  from space 1024K, 78% used [0x00000000f9f00000,0x00000000f9fc80e0,0x00000000fa000000)
  to   space 13312K, 0% used [0x00000000fa900000,0x00000000fa900000,0x00000000fb600000)
 ParOldGen       total 696832K, used 8491K [0x00000000c0000000, 0x00000000ea880000, 0x00000000eab00000)
  object space 696832K, 1% used [0x00000000c0000000,0x00000000c084ae40,0x00000000ea880000)
 Metaspace       used 35115K, capacity 36782K, committed 36992K, reserved 1081344K
  class space    used 4716K, capacity 4933K, committed 4992K, reserved 1048576K
}

