# JRE version: OpenJDK Runtime Environment (8.0_342-b07) (build 1.8.0_342-b07)
# Java VM: OpenJDK 64-Bit Server VM (25.342-b07 mixed mode linux-amd64 compressed oops)
Heap:
 PSYoungGen      total 305664K, used 168325K [0x00000000eab00000, 0x0000000100000000, 0x0000000100000000)
  eden space 262144K, 64% used [0x00000000eab00000,0x00000000f4f61798,0x00000000fab00000)
  from space 43520K, 0% used [0x00000000fd580000,0x00000000fd580000,0x0000000100000000)
  to   space 43520K, 0% used [0x00000000fab00000,0x00000000fab00000,0x00000000fd580000)
 ParOldGen       total 699392K, used 19316K [0x00000000c0000000, 0x00000000eab00000, 0x00000000eab00000)
  object space 699392K, 2% used [0x00000000c0000000,0x00000000c12dd248,0x00000000eab00000)
 Metaspace       used 34247K, capacity 35944K, committed 36392K, reserved 1081344K
  class space    used 4547K, capacity 4771K, committed 4904K, reserved 1048576K
GC Heap History (8 events):
Event: 1.136 GC heap before
{Heap before GC invocations=1 (full 0):
 PSYoungGen      total 305664K, used 146814K [0x00000000eab00000, 0x0000000100000000, 0x0000000100000000)
  eden space 262144K, 56% used [0x00000000eab00000,0x00000000f3a5faf8,0x00000000fab00000)
  from space 43520K, 0% used [0x00000000fd580000,0x00000000fd580000,0x0000000100000000)
  to   space 43520K, 0% used [0x00000000fab00000,0x00000000fab00000,0x00000000fd580000)
 ParOldGen       total 699392K, used 0K [0x00000000c0000000, 0x00000000eab00000, 0x00000000eab00000)
  object space 699392K, 0% used [0x00000000c0000000,0x00000000c0000000,0x00000000eab00000)
 Metaspace       used 20419K, capacity 21284K, committed 21296K, reserved 1067008K
  class space    used 2779K, capacity 2940K, committed 2944K, reserved 1048576K
Event: 1.155 GC heap after
Heap after GC invocations=1 (full 0):
 PSYoungGen      total 305664K, used 14175K [0x00000000eab00000, 0x0000000100000000, 0x0000000100000000)
  eden space 262144K, 0% used [0x00000000eab00000,0x00000000eab00000,0x00000000fab00000)
  from space 43520K, 32% used [0x00000000fab00000,0x00000000fb8d7fc0,0x00000000fd580000)
  to   space 43520K, 0% used [0x00000000fd580000,0x00000000fd580000,0x0000000100000000)
 ParOldGen       total 699392K, used 96K [0x00000000c0000000, 0x00000000eab00000, 0x00000000eab00000)
  object space 699392K, 0% used [0x00000000c0000000,0x00000000c0018028,0x00000000eab00000)
 Metaspace       used 20419K, capacity 21284K, committed 21296K, reserved 1067008K
  class space    used 2779K, capacity 2940K, committed 2944K, reserved 1048576K
}
Event: 1.155 GC heap before
{Heap before GC invocations=2 (full 1):
 PSYoungGen      total 305664K, used 14175K [0x00000000eab00000, 0x0000000100000000, 0x0000000100000000)
  eden space 262144K, 0% used [0x00000000eab00000,0x00000000eab00000,0x00000000fab00000)
  from space 43520K, 32% used [0x00000000fab00000,0x00000000fb8d7fc0,0x00000000fd580000)
  to   space 43520K, 0% used [0x00000000fd580000,0x00000000fd580000,0x0000000100000000)
 ParOldGen       total 699392K, used 96K [0x00000000c0000000, 0x00000000eab00000, 0x00000000eab00000)
  object space 699392K, 0% used [0x00000000c0000000,0x00000000c0018028,0x00000000eab00000)
 Metaspace       used 20419K, capacity 21284K, committed 21296K, reserved 1067008K
  class space    used 2779K, capacity 2940K, committed 2944K, reserved 1048576K
Event: 1.209 GC heap after
Heap after GC invocations=2 (full 1):
 PSYoungGen      total 305664K, used 0K [0x00000000eab00000, 0x0000000100000000, 0x0000000100000000)
  eden space 262144K, 0% used [0x00000000eab00000,0x00000000eab00000,0x00000000fab00000)
  from space 43520K, 0% used [0x00000000fab00000,0x00000000fab00000,0x00000000fd580000)
  to   space 43520K, 0% used [0x00000000fd580000,0x00000000fd580000,0x0000000100000000)
 ParOldGen       total 464896K, used 13418K [0x00000000c0000000, 0x00000000dc600000, 0x00000000eab00000)
  object space 464896K, 2% used [0x00000000c0000000,0x00000000c0d1aa18,0x00000000dc600000)
 Metaspace       used 20419K, capacity 21284K, committed 21296K, reserved 1067008K
  class space    used 2779K, capacity 2940K, committed 2944K, reserved 1048576K
}
Event: 34.049 GC heap before
{Heap before GC invocations=3 (full 1):
 PSYoungGen      total 305664K, used 196020K [0x00000000eab00000, 0x0000000100000000, 0x0000000100000000)
  eden space 262144K, 74% used [0x00000000eab00000,0x00000000f6a6d338,0x00000000fab00000)
  from space 43520K, 0% used [0x00000000fab00000,0x00000000fab00000,0x00000000fd580000)
  to   space 43520K, 0% used [0x00000000fd580000,0x00000000fd580000,0x0000000100000000)
 ParOldGen       total 464896K, used 13418K [0x00000000c0000000, 0x00000000dc600000, 0x00000000eab00000)
  object space 464896K, 2% used [0x00000000c0000000,0x00000000c0d1aa18,0x00000000dc600000)
 Metaspace       used 33713K, capacity 35454K, committed 35496K, reserved 1079296K
  class space    used 4549K, capacity 4760K, committed 4776K, reserved 1048576K
Event: 34.061 GC heap after
Heap after GC invocations=3 (full 1):
 PSYoungGen      total 305664K, used 16146K [0x00000000eab00000, 0x0000000100000000, 0x0000000100000000)
  eden space 262144K, 0% used [0x00000000eab00000,0x00000000eab00000,0x00000000fab00000)
  from space 43520K, 37% used [0x00000000fd580000,0x00000000fe5448d8,0x0000000100000000)
  to   space 43520K, 0% used [0x00000000fab00000,0x00000000fab00000,0x00000000fd580000)
 ParOldGen       total 464896K, used 13426K [0x00000000c0000000, 0x00000000dc600000, 0x00000000eab00000)
  object space 464896K, 2% used [0x00000000c0000000,0x00000000c0d1ca18,0x00000000dc600000)
 Metaspace       used 33713K, capacity 35454K, committed 35496K, reserved 1079296K
  class space    used 4549K, capacity 4760K, committed 4776K, reserved 1048576K
}
Event: 34.061 GC heap before
{Heap before GC invocations=4 (full 2):
 PSYoungGen      total 305664K, used 16146K [0x00000000eab00000, 0x0000000100000000, 0x0000000100000000)
  eden space 262144K, 0% used [0x00000000eab00000,0x00000000eab00000,0x00000000fab00000)
  from space 43520K, 37% used [0x00000000fd580000,0x00000000fe5448d8,0x0000000100000000)
  to   space 43520K, 0% used [0x00000000fab00000,0x00000000fab00000,0x00000000fd580000)
 ParOldGen       total 464896K, used 13426K [0x00000000c0000000, 0x00000000dc600000, 0x00000000eab00000)
  object space 464896K, 2% used [0x00000000c0000000,0x00000000c0d1ca18,0x00000000dc600000)
 Metaspace       used 33713K, capacity 35454K, committed 35496K, reserved 1079296K
  class space    used 4549K, capacity 4760K, committed 4776K, reserved 1048576K
Event: 34.090 GC heap after
Heap after GC invocations=4 (full 2):
 PSYoungGen      total 305664K, used 0K [0x00000000eab00000, 0x0000000100000000, 0x0000000100000000)
  eden space 262144K, 0% used [0x00000000eab00000,0x00000000eab00000,0x00000000fab00000)
  from space 43520K, 0% used [0x00000000fd580000,0x00000000fd580000,0x0000000100000000)
  to   space 43520K, 0% used [0x00000000fab00000,0x00000000fab00000,0x00000000fd580000)
 ParOldGen       total 699392K, used 19316K [0x00000000c0000000, 0x00000000eab00000, 0x00000000eab00000)
  object space 699392K, 2% used [0x00000000c0000000,0x00000000c12dd248,0x00000000eab00000)
 Metaspace       used 33582K, capacity 35166K, committed 35496K, reserved 1079296K
  class space    used 4508K, capacity 4712K, committed 4776K, reserved 1048576K
}

