# JRE version: OpenJDK Runtime Environment (8.0_342-b07) (build 1.8.0_342-b07)
# Java VM: OpenJDK 64-Bit Server VM (25.342-b07 mixed mode linux-amd64 compressed oops)
Heap:
 PSYoungGen      total 305664K, used 170927K [0x00000000eab00000, 0x0000000100000000, 0x0000000100000000)
  eden space 262144K, 65% used [0x00000000eab00000,0x00000000f51ebf20,0x00000000fab00000)
  from space 43520K, 0% used [0x00000000fd580000,0x00000000fd580000,0x0000000100000000)
  to   space 43520K, 0% used [0x00000000fab00000,0x00000000fab00000,0x00000000fd580000)
 ParOldGen       total 656896K, used 19197K [0x00000000c0000000, 0x00000000e8180000, 0x00000000eab00000)
  object space 656896K, 2% used [0x00000000c0000000,0x00000000c12bf468,0x00000000e8180000)
 Metaspace       used 34321K, capacity 36087K, committed 36352K, reserved 1081344K
  class space    used 4566K, capacity 4795K, committed 4864K, reserved 1048576K
GC Heap History (8 events):
Event: 1.074 GC heap before
{Heap before GC invocations=1 (full 0):
 PSYoungGen      total 305664K, used 146807K [0x00000000eab00000, 0x0000000100000000, 0x0000000100000000)
  eden space 262144K, 56% used [0x00000000eab00000,0x00000000f3a5dda8,0x00000000fab00000)
  from space 43520K, 0% used [0x00000000fd580000,0x00000000fd580000,0x0000000100000000)
  to   space 43520K, 0% used [0x00000000fab00000,0x00000000fab00000,0x00000000fd580000)
 ParOldGen       total 699392K, used 0K [0x00000000c0000000, 0x00000000eab00000, 0x00000000eab00000)
  object space 699392K, 0% used [0x00000000c0000000,0x00000000c0000000,0x00000000eab00000)
 Metaspace       used 20419K, capacity 21284K, committed 21296K, reserved 1067008K
  class space    used 2779K, capacity 2940K, committed 2944K, reserved 1048576K
Event: 1.092 GC heap after
Heap after GC invocations=1 (full 0):
 PSYoungGen      total 305664K, used 14155K [0x00000000eab00000, 0x0000000100000000, 0x0000000100000000)
  eden space 262144K, 0% used [0x00000000eab00000,0x00000000eab00000,0x00000000fab00000)
  from space 43520K, 32% used [0x00000000fab00000,0x00000000fb8d2dc8,0x00000000fd580000)
  to   space 43520K, 0% used [0x00000000fd580000,0x00000000fd580000,0x0000000100000000)
 ParOldGen       total 699392K, used 96K [0x00000000c0000000, 0x00000000eab00000, 0x00000000eab00000)
  object space 699392K, 0% used [0x00000000c0000000,0x00000000c0018028,0x00000000eab00000)
 Metaspace       used 20419K, capacity 21284K, committed 21296K, reserved 1067008K
  class space    used 2779K, capacity 2940K, committed 2944K, reserved 1048576K
}
Event: 1.092 GC heap before
{Heap before GC invocations=2 (full 1):
 PSYoungGen      total 305664K, used 14155K [0x00000000eab00000, 0x0000000100000000, 0x0000000100000000)
  eden space 262144K, 0% used [0x00000000eab00000,0x00000000eab00000,0x00000000fab00000)
  from space 43520K, 32% used [0x00000000fab00000,0x00000000fb8d2dc8,0x00000000fd580000)
  to   space 43520K, 0% used [0x00000000fd580000,0x00000000fd580000,0x0000000100000000)
 ParOldGen       total 699392K, used 96K [0x00000000c0000000, 0x00000000eab00000, 0x00000000eab00000)
  object space 699392K, 0% used [0x00000000c0000000,0x00000000c0018028,0x00000000eab00000)
 Metaspace       used 20419K, capacity 21284K, committed 21296K, reserved 1067008K
  class space    used 2779K, capacity 2940K, committed 2944K, reserved 1048576K
Event: 1.115 GC heap after
Heap after GC invocations=2 (full 1):
 PSYoungGen      total 305664K, used 0K [0x00000000eab00000, 0x0000000100000000, 0x0000000100000000)
  eden space 262144K, 0% used [0x00000000eab00000,0x00000000eab00000,0x00000000fab00000)
  from space 43520K, 0% used [0x00000000fab00000,0x00000000fab00000,0x00000000fd580000)
  to   space 43520K, 0% used [0x00000000fd580000,0x00000000fd580000,0x0000000100000000)
 ParOldGen       total 421888K, used 13418K [0x00000000c0000000, 0x00000000d9c00000, 0x00000000eab00000)
  object space 421888K, 3% used [0x00000000c0000000,0x00000000c0d1a818,0x00000000d9c00000)
 Metaspace       used 20419K, capacity 21284K, committed 21296K, reserved 1067008K
  class space    used 2779K, capacity 2940K, committed 2944K, reserved 1048576K
}
Event: 32.616 GC heap before
{Heap before GC invocations=3 (full 1):
 PSYoungGen      total 305664K, used 193937K [0x00000000eab00000, 0x0000000100000000, 0x0000000100000000)
  eden space 262144K, 73% used [0x00000000eab00000,0x00000000f6864580,0x00000000fab00000)
  from space 43520K, 0% used [0x00000000fab00000,0x00000000fab00000,0x00000000fd580000)
  to   space 43520K, 0% used [0x00000000fd580000,0x00000000fd580000,0x0000000100000000)
 ParOldGen       total 421888K, used 13418K [0x00000000c0000000, 0x00000000d9c00000, 0x00000000eab00000)
  object space 421888K, 3% used [0x00000000c0000000,0x00000000c0d1a818,0x00000000d9c00000)
 Metaspace       used 33613K, capacity 35395K, committed 35496K, reserved 1079296K
  class space    used 4538K, capacity 4763K, committed 4864K, reserved 1048576K
Event: 32.628 GC heap after
Heap after GC invocations=3 (full 1):
 PSYoungGen      total 305664K, used 16002K [0x00000000eab00000, 0x0000000100000000, 0x0000000100000000)
  eden space 262144K, 0% used [0x00000000eab00000,0x00000000eab00000,0x00000000fab00000)
  from space 43520K, 36% used [0x00000000fd580000,0x00000000fe520bf8,0x0000000100000000)
  to   space 43520K, 0% used [0x00000000fab00000,0x00000000fab00000,0x00000000fd580000)
 ParOldGen       total 421888K, used 13426K [0x00000000c0000000, 0x00000000d9c00000, 0x00000000eab00000)
  object space 421888K, 3% used [0x00000000c0000000,0x00000000c0d1c818,0x00000000d9c00000)
 Metaspace       used 33613K, capacity 35395K, committed 35496K, reserved 1079296K
  class space    used 4538K, capacity 4763K, committed 4864K, reserved 1048576K
}
Event: 32.628 GC heap before
{Heap before GC invocations=4 (full 2):
 PSYoungGen      total 305664K, used 16002K [0x00000000eab00000, 0x0000000100000000, 0x0000000100000000)
  eden space 262144K, 0% used [0x00000000eab00000,0x00000000eab00000,0x00000000fab00000)
  from space 43520K, 36% used [0x00000000fd580000,0x00000000fe520bf8,0x0000000100000000)
  to   space 43520K, 0% used [0x00000000fab00000,0x00000000fab00000,0x00000000fd580000)
 ParOldGen       total 421888K, used 13426K [0x00000000c0000000, 0x00000000d9c00000, 0x00000000eab00000)
  object space 421888K, 3% used [0x00000000c0000000,0x00000000c0d1c818,0x00000000d9c00000)
 Metaspace       used 33613K, capacity 35395K, committed 35496K, reserved 1079296K
  class space    used 4538K, capacity 4763K, committed 4864K, reserved 1048576K
Event: 32.656 GC heap after
Heap after GC invocations=4 (full 2):
 PSYoungGen      total 305664K, used 0K [0x00000000eab00000, 0x0000000100000000, 0x0000000100000000)
  eden space 262144K, 0% used [0x00000000eab00000,0x00000000eab00000,0x00000000fab00000)
  from space 43520K, 0% used [0x00000000fd580000,0x00000000fd580000,0x0000000100000000)
  to   space 43520K, 0% used [0x00000000fab00000,0x00000000fab00000,0x00000000fd580000)
 ParOldGen       total 656896K, used 19197K [0x00000000c0000000, 0x00000000e8180000, 0x00000000eab00000)
  object space 656896K, 2% used [0x00000000c0000000,0x00000000c12bf468,0x00000000e8180000)
 Metaspace       used 33461K, capacity 35077K, committed 35496K, reserved 1079296K
  class space    used 4490K, capacity 4710K, committed 4864K, reserved 1048576K
}

