# JRE version: OpenJDK Runtime Environment (8.0_342-b07) (build 1.8.0_342-b07)
# Java VM: OpenJDK 64-Bit Server VM (25.342-b07 mixed mode linux-amd64 compressed oops)
Heap:
 PSYoungGen      total 305664K, used 172017K [0x00000000eab00000, 0x0000000100000000, 0x0000000100000000)
  eden space 262144K, 65% used [0x00000000eab00000,0x00000000f52fc650,0x00000000fab00000)
  from space 43520K, 0% used [0x00000000fd580000,0x00000000fd580000,0x0000000100000000)
  to   space 43520K, 0% used [0x00000000fab00000,0x00000000fab00000,0x00000000fd580000)
 ParOldGen       total 699392K, used 19206K [0x00000000c0000000, 0x00000000eab00000, 0x00000000eab00000)
  object space 699392K, 2% used [0x00000000c0000000,0x00000000c12c1b68,0x00000000eab00000)
 Metaspace       used 34324K, capacity 36086K, committed 36392K, reserved 1081344K
  class space    used 4567K, capacity 4796K, committed 4904K, reserved 1048576K
GC Heap History (8 events):
Event: 1.725 GC heap before
{Heap before GC invocations=1 (full 0):
 PSYoungGen      total 305664K, used 146814K [0x00000000eab00000, 0x0000000100000000, 0x0000000100000000)
  eden space 262144K, 56% used [0x00000000eab00000,0x00000000f3a5faf0,0x00000000fab00000)
  from space 43520K, 0% used [0x00000000fd580000,0x00000000fd580000,0x0000000100000000)
  to   space 43520K, 0% used [0x00000000fab00000,0x00000000fab00000,0x00000000fd580000)
 ParOldGen       total 699392K, used 0K [0x00000000c0000000, 0x00000000eab00000, 0x00000000eab00000)
  object space 699392K, 0% used [0x00000000c0000000,0x00000000c0000000,0x00000000eab00000)
 Metaspace       used 20419K, capacity 21284K, committed 21296K, reserved 1067008K
  class space    used 2779K, capacity 2940K, committed 2944K, reserved 1048576K
Event: 1.743 GC heap after
Heap after GC invocations=1 (full 0):
 PSYoungGen      total 305664K, used 14179K [0x00000000eab00000, 0x0000000100000000, 0x0000000100000000)
  eden space 262144K, 0% used [0x00000000eab00000,0x00000000eab00000,0x00000000fab00000)
  from space 43520K, 32% used [0x00000000fab00000,0x00000000fb8d8d10,0x00000000fd580000)
  to   space 43520K, 0% used [0x00000000fd580000,0x00000000fd580000,0x0000000100000000)
 ParOldGen       total 699392K, used 88K [0x00000000c0000000, 0x00000000eab00000, 0x00000000eab00000)
  object space 699392K, 0% used [0x00000000c0000000,0x00000000c0016010,0x00000000eab00000)
 Metaspace       used 20419K, capacity 21284K, committed 21296K, reserved 1067008K
  class space    used 2779K, capacity 2940K, committed 2944K, reserved 1048576K
}
Event: 1.743 GC heap before
{Heap before GC invocations=2 (full 1):
 PSYoungGen      total 305664K, used 14179K [0x00000000eab00000, 0x0000000100000000, 0x0000000100000000)
  eden space 262144K, 0% used [0x00000000eab00000,0x00000000eab00000,0x00000000fab00000)
  from space 43520K, 32% used [0x00000000fab00000,0x00000000fb8d8d10,0x00000000fd580000)
  to   space 43520K, 0% used [0x00000000fd580000,0x00000000fd580000,0x0000000100000000)
 ParOldGen       total 699392K, used 88K [0x00000000c0000000, 0x00000000eab00000, 0x00000000eab00000)
  object space 699392K, 0% used [0x00000000c0000000,0x00000000c0016010,0x00000000eab00000)
 Metaspace       used 20419K, capacity 21284K, committed 21296K, reserved 1067008K
  class space    used 2779K, capacity 2940K, committed 2944K, reserved 1048576K
Event: 1.791 GC heap after
Heap after GC invocations=2 (full 1):
 PSYoungGen      total 305664K, used 0K [0x00000000eab00000, 0x0000000100000000, 0x0000000100000000)
  eden space 262144K, 0% used [0x00000000eab00000,0x00000000eab00000,0x00000000fab00000)
  from space 43520K, 0% used [0x00000000fab00000,0x00000000fab00000,0x00000000fd580000)
  to   space 43520K, 0% used [0x00000000fd580000,0x00000000fd580000,0x0000000100000000)
 ParOldGen       total 464384K, used 13418K [0x00000000c0000000, 0x00000000dc580000, 0x00000000eab00000)
  object space 464384K, 2% used [0x00000000c0000000,0x00000000c0d1ab80,0x00000000dc580000)
 Metaspace       used 20419K, capacity 21284K, committed 21296K, reserved 1067008K
  class space    used 2779K, capacity 2940K, committed 2944K, reserved 1048576K
}
Event: 30.833 GC heap before
{Heap before GC invocations=3 (full 1):
 PSYoungGen      total 305664K, used 193923K [0x00000000eab00000, 0x0000000100000000, 0x0000000100000000)
  eden space 262144K, 73% used [0x00000000eab00000,0x00000000f6860cf8,0x00000000fab00000)
  from space 43520K, 0% used [0x00000000fab00000,0x00000000fab00000,0x00000000fd580000)
  to   space 43520K, 0% used [0x00000000fd580000,0x00000000fd580000,0x0000000100000000)
 ParOldGen       total 464384K, used 13418K [0x00000000c0000000, 0x00000000dc580000, 0x00000000eab00000)
  object space 464384K, 2% used [0x00000000c0000000,0x00000000c0d1ab80,0x00000000dc580000)
 Metaspace       used 33658K, capacity 35462K, committed 35496K, reserved 1079296K
  class space    used 4547K, capacity 4772K, committed 4776K, reserved 1048576K
Event: 30.842 GC heap after
Heap after GC invocations=3 (full 1):
 PSYoungGen      total 305664K, used 16192K [0x00000000eab00000, 0x0000000100000000, 0x0000000100000000)
  eden space 262144K, 0% used [0x00000000eab00000,0x00000000eab00000,0x00000000fab00000)
  from space 43520K, 37% used [0x00000000fd580000,0x00000000fe550198,0x0000000100000000)
  to   space 43520K, 0% used [0x00000000fab00000,0x00000000fab00000,0x00000000fd580000)
 ParOldGen       total 464384K, used 13426K [0x00000000c0000000, 0x00000000dc580000, 0x00000000eab00000)
  object space 464384K, 2% used [0x00000000c0000000,0x00000000c0d1cb80,0x00000000dc580000)
 Metaspace       used 33658K, capacity 35462K, committed 35496K, reserved 1079296K
  class space    used 4547K, capacity 4772K, committed 4776K, reserved 1048576K
}
Event: 30.842 GC heap before
{Heap before GC invocations=4 (full 2):
 PSYoungGen      total 305664K, used 16192K [0x00000000eab00000, 0x0000000100000000, 0x0000000100000000)
  eden space 262144K, 0% used [0x00000000eab00000,0x00000000eab00000,0x00000000fab00000)
  from space 43520K, 37% used [0x00000000fd580000,0x00000000fe550198,0x0000000100000000)
  to   space 43520K, 0% used [0x00000000fab00000,0x00000000fab00000,0x00000000fd580000)
 ParOldGen       total 464384K, used 13426K [0x00000000c0000000, 0x00000000dc580000, 0x00000000eab00000)
  object space 464384K, 2% used [0x00000000c0000000,0x00000000c0d1cb80,0x00000000dc580000)
 Metaspace       used 33658K, capacity 35462K, committed 35496K, reserved 1079296K
  class space    used 4547K, capacity 4772K, committed 4776K, reserved 1048576K
Event: 30.892 GC heap after
Heap after GC invocations=4 (full 2):
 PSYoungGen      total 305664K, used 0K [0x00000000eab00000, 0x0000000100000000, 0x0000000100000000)
  eden space 262144K, 0% used [0x00000000eab00000,0x00000000eab00000,0x00000000fab00000)
  from space 43520K, 0% used [0x00000000fd580000,0x00000000fd580000,0x0000000100000000)
  to   space 43520K, 0% used [0x00000000fab00000,0x00000000fab00000,0x00000000fd580000)
 ParOldGen       total 699392K, used 19206K [0x00000000c0000000, 0x00000000eab00000, 0x00000000eab00000)
  object space 699392K, 2% used [0x00000000c0000000,0x00000000c12c1b68,0x00000000eab00000)
 Metaspace       used 33487K, capacity 35102K, committed 35496K, reserved 1079296K
  class space    used 4494K, capacity 4712K, committed 4776K, reserved 1048576K
}

