# JRE version: OpenJDK Runtime Environment (8.0_292-b10) (build 1.8.0_292-b10)
# Java VM: OpenJDK 64-Bit Server VM (25.292-b10 mixed mode linux-amd64 compressed oops)
Heap:
 PSYoungGen      total 305664K, used 136318K [0x00000000eab00000, 0x0000000100000000, 0x0000000100000000)
  eden space 262144K, 52% used [0x00000000eab00000,0x00000000f301fb58,0x00000000fab00000)
  from space 43520K, 0% used [0x00000000fab00000,0x00000000fab00000,0x00000000fd580000)
  to   space 43520K, 0% used [0x00000000fd580000,0x00000000fd580000,0x0000000100000000)
 ParOldGen       total 453120K, used 13734K [0x00000000c0000000, 0x00000000dba80000, 0x00000000eab00000)
  object space 453120K, 3% used [0x00000000c0000000,0x00000000c0d69a48,0x00000000dba80000)
 Metaspace       used 33205K, capacity 34826K, committed 34944K, reserved 1079296K
  class space    used 4398K, capacity 4624K, committed 4736K, reserved 1048576K
GC Heap History (4 events):
Event: 2.256 GC heap before
{Heap before GC invocations=1 (full 0):
 PSYoungGen      total 305664K, used 125853K [0x00000000eab00000, 0x0000000100000000, 0x0000000100000000)
  eden space 262144K, 48% used [0x00000000eab00000,0x00000000f25e75f8,0x00000000fab00000)
  from space 43520K, 0% used [0x00000000fd580000,0x00000000fd580000,0x0000000100000000)
  to   space 43520K, 0% used [0x00000000fab00000,0x00000000fab00000,0x00000000fd580000)
 ParOldGen       total 699392K, used 0K [0x00000000c0000000, 0x00000000eab00000, 0x00000000eab00000)
  object space 699392K, 0% used [0x00000000c0000000,0x00000000c0000000,0x00000000eab00000)
 Metaspace       used 20365K, capacity 21214K, committed 21296K, reserved 1067008K
  class space    used 2774K, capacity 2922K, committed 2944K, reserved 1048576K
Event: 2.278 GC heap after
Heap after GC invocations=1 (full 0):
 PSYoungGen      total 305664K, used 14216K [0x00000000eab00000, 0x0000000100000000, 0x0000000100000000)
  eden space 262144K, 0% used [0x00000000eab00000,0x00000000eab00000,0x00000000fab00000)
  from space 43520K, 32% used [0x00000000fab00000,0x00000000fb8e2318,0x00000000fd580000)
  to   space 43520K, 0% used [0x00000000fd580000,0x00000000fd580000,0x0000000100000000)
 ParOldGen       total 699392K, used 88K [0x00000000c0000000, 0x00000000eab00000, 0x00000000eab00000)
  object space 699392K, 0% used [0x00000000c0000000,0x00000000c0016028,0x00000000eab00000)
 Metaspace       used 20365K, capacity 21214K, committed 21296K, reserved 1067008K
  class space    used 2774K, capacity 2922K, committed 2944K, reserved 1048576K
}
Event: 2.278 GC heap before
{Heap before GC invocations=2 (full 1):
 PSYoungGen      total 305664K, used 14216K [0x00000000eab00000, 0x0000000100000000, 0x0000000100000000)
  eden space 262144K, 0% used [0x00000000eab00000,0x00000000eab00000,0x00000000fab00000)
  from space 43520K, 32% used [0x00000000fab00000,0x00000000fb8e2318,0x00000000fd580000)
  to   space 43520K, 0% used [0x00000000fd580000,0x00000000fd580000,0x0000000100000000)
 ParOldGen       total 699392K, used 88K [0x00000000c0000000, 0x00000000eab00000, 0x00000000eab00000)
  object space 699392K, 0% used [0x00000000c0000000,0x00000000c0016028,0x00000000eab00000)
 Metaspace       used 20365K, capacity 21214K, committed 21296K, reserved 1067008K
  class space    used 2774K, capacity 2922K, committed 2944K, reserved 1048576K
Event: 2.325 GC heap after
Heap after GC invocations=2 (full 1):
 PSYoungGen      total 305664K, used 0K [0x00000000eab00000, 0x0000000100000000, 0x0000000100000000)
  eden space 262144K, 0% used [0x00000000eab00000,0x00000000eab00000,0x00000000fab00000)
  from space 43520K, 0% used [0x00000000fab00000,0x00000000fab00000,0x00000000fd580000)
  to   space 43520K, 0% used [0x00000000fd580000,0x00000000fd580000,0x0000000100000000)
 ParOldGen       total 453120K, used 13734K [0x00000000c0000000, 0x00000000dba80000, 0x00000000eab00000)
  object space 453120K, 3% used [0x00000000c0000000,0x00000000c0d69a48,0x00000000dba80000)
 Metaspace       used 20365K, capacity 21214K, committed 21296K, reserved 1067008K
  class space    used 2774K, capacity 2922K, committed 2944K, reserved 1048576K
}

