# JRE version: OpenJDK Runtime Environment (8.0_275-b01) (build 1.8.0_275-b01)
# Java VM: OpenJDK 64-Bit Server VM (25.275-b01 mixed mode linux-amd64 compressed oops)
Heap:
 PSYoungGen      total 305664K, used 46512K [0x00000000eab00000, 0x0000000100000000, 0x0000000100000000)
  eden space 262144K, 17% used [0x00000000eab00000,0x00000000ed86c178,0x00000000fab00000)
  from space 43520K, 0% used [0x00000000fd580000,0x00000000fd580000,0x0000000100000000)
  to   space 43520K, 0% used [0x00000000fab00000,0x00000000fab00000,0x00000000fd580000)
 ParOldGen       total 699392K, used 19186K [0x00000000c0000000, 0x00000000eab00000, 0x00000000eab00000)
  object space 699392K, 2% used [0x00000000c0000000,0x00000000c12bc810,0x00000000eab00000)
 Metaspace       used 33760K, capacity 35590K, committed 35840K, reserved 1081344K
  class space    used 4559K, capacity 4798K, committed 4864K, reserved 1048576K
GC Heap History (8 events):
Event: 1.846 GC heap before
{Heap before GC invocations=1 (full 0):
 PSYoungGen      total 305664K, used 146822K [0x00000000eab00000, 0x0000000100000000, 0x0000000100000000)
  eden space 262144K, 56% used [0x00000000eab00000,0x00000000f3a61b78,0x00000000fab00000)
  from space 43520K, 0% used [0x00000000fd580000,0x00000000fd580000,0x0000000100000000)
  to   space 43520K, 0% used [0x00000000fab00000,0x00000000fab00000,0x00000000fd580000)
 ParOldGen       total 699392K, used 0K [0x00000000c0000000, 0x00000000eab00000, 0x00000000eab00000)
  object space 699392K, 0% used [0x00000000c0000000,0x00000000c0000000,0x00000000eab00000)
 Metaspace       used 20369K, capacity 21276K, committed 21296K, reserved 1067008K
  class space    used 2773K, capacity 2938K, committed 2944K, reserved 1048576K
Event: 1.857 GC heap after
Heap after GC invocations=1 (full 0):
 PSYoungGen      total 305664K, used 14551K [0x00000000eab00000, 0x0000000100000000, 0x0000000100000000)
  eden space 262144K, 0% used [0x00000000eab00000,0x00000000eab00000,0x00000000fab00000)
  from space 43520K, 33% used [0x00000000fab00000,0x00000000fb935fb0,0x00000000fd580000)
  to   space 43520K, 0% used [0x00000000fd580000,0x00000000fd580000,0x0000000100000000)
 ParOldGen       total 699392K, used 88K [0x00000000c0000000, 0x00000000eab00000, 0x00000000eab00000)
  object space 699392K, 0% used [0x00000000c0000000,0x00000000c0016010,0x00000000eab00000)
 Metaspace       used 20369K, capacity 21276K, committed 21296K, reserved 1067008K
  class space    used 2773K, capacity 2938K, committed 2944K, reserved 1048576K
}
Event: 1.857 GC heap before
{Heap before GC invocations=2 (full 1):
 PSYoungGen      total 305664K, used 14551K [0x00000000eab00000, 0x0000000100000000, 0x0000000100000000)
  eden space 262144K, 0% used [0x00000000eab00000,0x00000000eab00000,0x00000000fab00000)
  from space 43520K, 33% used [0x00000000fab00000,0x00000000fb935fb0,0x00000000fd580000)
  to   space 43520K, 0% used [0x00000000fd580000,0x00000000fd580000,0x0000000100000000)
 ParOldGen       total 699392K, used 88K [0x00000000c0000000, 0x00000000eab00000, 0x00000000eab00000)
  object space 699392K, 0% used [0x00000000c0000000,0x00000000c0016010,0x00000000eab00000)
 Metaspace       used 20369K, capacity 21276K, committed 21296K, reserved 1067008K
  class space    used 2773K, capacity 2938K, committed 2944K, reserved 1048576K
Event: 1.878 GC heap after
Heap after GC invocations=2 (full 1):
 PSYoungGen      total 305664K, used 0K [0x00000000eab00000, 0x0000000100000000, 0x0000000100000000)
  eden space 262144K, 0% used [0x00000000eab00000,0x00000000eab00000,0x00000000fab00000)
  from space 43520K, 0% used [0x00000000fab00000,0x00000000fab00000,0x00000000fd580000)
  to   space 43520K, 0% used [0x00000000fd580000,0x00000000fd580000,0x0000000100000000)
 ParOldGen       total 453120K, used 13443K [0x00000000c0000000, 0x00000000dba80000, 0x00000000eab00000)
  object space 453120K, 2% used [0x00000000c0000000,0x00000000c0d20db8,0x00000000dba80000)
 Metaspace       used 20369K, capacity 21276K, committed 21296K, reserved 1067008K
  class space    used 2773K, capacity 2938K, committed 2944K, reserved 1048576K
}
Event: 4.154 GC heap before
{Heap before GC invocations=3 (full 1):
 PSYoungGen      total 305664K, used 198154K [0x00000000eab00000, 0x0000000100000000, 0x0000000100000000)
  eden space 262144K, 75% used [0x00000000eab00000,0x00000000f6c82a18,0x00000000fab00000)
  from space 43520K, 0% used [0x00000000fab00000,0x00000000fab00000,0x00000000fd580000)
  to   space 43520K, 0% used [0x00000000fd580000,0x00000000fd580000,0x0000000100000000)
 ParOldGen       total 453120K, used 13443K [0x00000000c0000000, 0x00000000dba80000, 0x00000000eab00000)
  object space 453120K, 2% used [0x00000000c0000000,0x00000000c0d20db8,0x00000000dba80000)
 Metaspace       used 33569K, capacity 35342K, committed 35496K, reserved 1079296K
  class space    used 4533K, capacity 4762K, committed 4864K, reserved 1048576K
Event: 4.162 GC heap after
Heap after GC invocations=3 (full 1):
 PSYoungGen      total 305664K, used 16113K [0x00000000eab00000, 0x0000000100000000, 0x0000000100000000)
  eden space 262144K, 0% used [0x00000000eab00000,0x00000000eab00000,0x00000000fab00000)
  from space 43520K, 37% used [0x00000000fd580000,0x00000000fe53c6d0,0x0000000100000000)
  to   space 43520K, 0% used [0x00000000fab00000,0x00000000fab00000,0x00000000fd580000)
 ParOldGen       total 453120K, used 13451K [0x00000000c0000000, 0x00000000dba80000, 0x00000000eab00000)
  object space 453120K, 2% used [0x00000000c0000000,0x00000000c0d22db8,0x00000000dba80000)
 Metaspace       used 33569K, capacity 35342K, committed 35496K, reserved 1079296K
  class space    used 4533K, capacity 4762K, committed 4864K, reserved 1048576K
}
Event: 4.162 GC heap before
{Heap before GC invocations=4 (full 2):
 PSYoungGen      total 305664K, used 16113K [0x00000000eab00000, 0x0000000100000000, 0x0000000100000000)
  eden space 262144K, 0% used [0x00000000eab00000,0x00000000eab00000,0x00000000fab00000)
  from space 43520K, 37% used [0x00000000fd580000,0x00000000fe53c6d0,0x0000000100000000)
  to   space 43520K, 0% used [0x00000000fab00000,0x00000000fab00000,0x00000000fd580000)
 ParOldGen       total 453120K, used 13451K [0x00000000c0000000, 0x00000000dba80000, 0x00000000eab00000)
  object space 453120K, 2% used [0x00000000c0000000,0x00000000c0d22db8,0x00000000dba80000)
 Metaspace       used 33569K, capacity 35342K, committed 35496K, reserved 1079296K
  class space    used 4533K, capacity 4762K, committed 4864K, reserved 1048576K
Event: 4.187 GC heap after
Heap after GC invocations=4 (full 2):
 PSYoungGen      total 305664K, used 0K [0x00000000eab00000, 0x0000000100000000, 0x0000000100000000)
  eden space 262144K, 0% used [0x00000000eab00000,0x00000000eab00000,0x00000000fab00000)
  from space 43520K, 0% used [0x00000000fd580000,0x00000000fd580000,0x0000000100000000)
  to   space 43520K, 0% used [0x00000000fab00000,0x00000000fab00000,0x00000000fd580000)
 ParOldGen       total 699392K, used 19186K [0x00000000c0000000, 0x00000000eab00000, 0x00000000eab00000)
  object space 699392K, 2% used [0x00000000c0000000,0x00000000c12bc810,0x00000000eab00000)
 Metaspace       used 33415K, capacity 35012K, committed 35496K, reserved 1079296K
  class space    used 4485K, capacity 4707K, committed 4864K, reserved 1048576K
}

