# JRE version: OpenJDK Runtime Environment (8.0_275-b01) (build 1.8.0_275-b01)
# Java VM: OpenJDK 64-Bit Server VM (25.275-b01 mixed mode linux-amd64 compressed oops)
Heap:
 PSYoungGen      total 305664K, used 45752K [0x00000000eab00000, 0x0000000100000000, 0x0000000100000000)
  eden space 262144K, 17% used [0x00000000eab00000,0x00000000ed7ae388,0x00000000fab00000)
  from space 43520K, 0% used [0x00000000fd580000,0x00000000fd580000,0x0000000100000000)
  to   space 43520K, 0% used [0x00000000fab00000,0x00000000fab00000,0x00000000fd580000)
 ParOldGen       total 699392K, used 19210K [0x00000000c0000000, 0x00000000eab00000, 0x00000000eab00000)
  object space 699392K, 2% used [0x00000000c0000000,0x00000000c12c2818,0x00000000eab00000)
 Metaspace       used 33775K, capacity 35656K, committed 35840K, reserved 1081344K
  class space    used 4563K, capacity 4801K, committed 4864K, reserved 1048576K
GC Heap History (8 events):
Event: 1.713 GC heap before
{Heap before GC invocations=1 (full 0):
 PSYoungGen      total 305664K, used 146823K [0x00000000eab00000, 0x0000000100000000, 0x0000000100000000)
  eden space 262144K, 56% used [0x00000000eab00000,0x00000000f3a61c40,0x00000000fab00000)
  from space 43520K, 0% used [0x00000000fd580000,0x00000000fd580000,0x0000000100000000)
  to   space 43520K, 0% used [0x00000000fab00000,0x00000000fab00000,0x00000000fd580000)
 ParOldGen       total 699392K, used 0K [0x00000000c0000000, 0x00000000eab00000, 0x00000000eab00000)
  object space 699392K, 0% used [0x00000000c0000000,0x00000000c0000000,0x00000000eab00000)
 Metaspace       used 20352K, capacity 21268K, committed 21296K, reserved 1067008K
  class space    used 2772K, capacity 2938K, committed 2944K, reserved 1048576K
Event: 1.721 GC heap after
Heap after GC invocations=1 (full 0):
 PSYoungGen      total 305664K, used 14522K [0x00000000eab00000, 0x0000000100000000, 0x0000000100000000)
  eden space 262144K, 0% used [0x00000000eab00000,0x00000000eab00000,0x00000000fab00000)
  from space 43520K, 33% used [0x00000000fab00000,0x00000000fb92ea88,0x00000000fd580000)
  to   space 43520K, 0% used [0x00000000fd580000,0x00000000fd580000,0x0000000100000000)
 ParOldGen       total 699392K, used 96K [0x00000000c0000000, 0x00000000eab00000, 0x00000000eab00000)
  object space 699392K, 0% used [0x00000000c0000000,0x00000000c0018028,0x00000000eab00000)
 Metaspace       used 20352K, capacity 21268K, committed 21296K, reserved 1067008K
  class space    used 2772K, capacity 2938K, committed 2944K, reserved 1048576K
}
Event: 1.721 GC heap before
{Heap before GC invocations=2 (full 1):
 PSYoungGen      total 305664K, used 14522K [0x00000000eab00000, 0x0000000100000000, 0x0000000100000000)
  eden space 262144K, 0% used [0x00000000eab00000,0x00000000eab00000,0x00000000fab00000)
  from space 43520K, 33% used [0x00000000fab00000,0x00000000fb92ea88,0x00000000fd580000)
  to   space 43520K, 0% used [0x00000000fd580000,0x00000000fd580000,0x0000000100000000)
 ParOldGen       total 699392K, used 96K [0x00000000c0000000, 0x00000000eab00000, 0x00000000eab00000)
  object space 699392K, 0% used [0x00000000c0000000,0x00000000c0018028,0x00000000eab00000)
 Metaspace       used 20352K, capacity 21268K, committed 21296K, reserved 1067008K
  class space    used 2772K, capacity 2938K, committed 2944K, reserved 1048576K
Event: 1.740 GC heap after
Heap after GC invocations=2 (full 1):
 PSYoungGen      total 305664K, used 0K [0x00000000eab00000, 0x0000000100000000, 0x0000000100000000)
  eden space 262144K, 0% used [0x00000000eab00000,0x00000000eab00000,0x00000000fab00000)
  from space 43520K, 0% used [0x00000000fab00000,0x00000000fab00000,0x00000000fd580000)
  to   space 43520K, 0% used [0x00000000fd580000,0x00000000fd580000,0x0000000100000000)
 ParOldGen       total 459264K, used 13438K [0x00000000c0000000, 0x00000000dc080000, 0x00000000eab00000)
  object space 459264K, 2% used [0x00000000c0000000,0x00000000c0d1f9d0,0x00000000dc080000)
 Metaspace       used 20352K, capacity 21268K, committed 21296K, reserved 1067008K
  class space    used 2772K, capacity 2938K, committed 2944K, reserved 1048576K
}
Event: 4.607 GC heap before
{Heap before GC invocations=3 (full 1):
 PSYoungGen      total 305664K, used 195940K [0x00000000eab00000, 0x0000000100000000, 0x0000000100000000)
  eden space 262144K, 74% used [0x00000000eab00000,0x00000000f6a59058,0x00000000fab00000)
  from space 43520K, 0% used [0x00000000fab00000,0x00000000fab00000,0x00000000fd580000)
  to   space 43520K, 0% used [0x00000000fd580000,0x00000000fd580000,0x0000000100000000)
 ParOldGen       total 459264K, used 13438K [0x00000000c0000000, 0x00000000dc080000, 0x00000000eab00000)
  object space 459264K, 2% used [0x00000000c0000000,0x00000000c0d1f9d0,0x00000000dc080000)
 Metaspace       used 33597K, capacity 35394K, committed 35496K, reserved 1079296K
  class space    used 4542K, capacity 4772K, committed 4864K, reserved 1048576K
Event: 4.616 GC heap after
Heap after GC invocations=3 (full 1):
 PSYoungGen      total 305664K, used 16085K [0x00000000eab00000, 0x0000000100000000, 0x0000000100000000)
  eden space 262144K, 0% used [0x00000000eab00000,0x00000000eab00000,0x00000000fab00000)
  from space 43520K, 36% used [0x00000000fd580000,0x00000000fe535728,0x0000000100000000)
  to   space 43520K, 0% used [0x00000000fab00000,0x00000000fab00000,0x00000000fd580000)
 ParOldGen       total 459264K, used 13446K [0x00000000c0000000, 0x00000000dc080000, 0x00000000eab00000)
  object space 459264K, 2% used [0x00000000c0000000,0x00000000c0d219d0,0x00000000dc080000)
 Metaspace       used 33597K, capacity 35394K, committed 35496K, reserved 1079296K
  class space    used 4542K, capacity 4772K, committed 4864K, reserved 1048576K
}
Event: 4.616 GC heap before
{Heap before GC invocations=4 (full 2):
 PSYoungGen      total 305664K, used 16085K [0x00000000eab00000, 0x0000000100000000, 0x0000000100000000)
  eden space 262144K, 0% used [0x00000000eab00000,0x00000000eab00000,0x00000000fab00000)
  from space 43520K, 36% used [0x00000000fd580000,0x00000000fe535728,0x0000000100000000)
  to   space 43520K, 0% used [0x00000000fab00000,0x00000000fab00000,0x00000000fd580000)
 ParOldGen       total 459264K, used 13446K [0x00000000c0000000, 0x00000000dc080000, 0x00000000eab00000)
  object space 459264K, 2% used [0x00000000c0000000,0x00000000c0d219d0,0x00000000dc080000)
 Metaspace       used 33597K, capacity 35394K, committed 35496K, reserved 1079296K
  class space    used 4542K, capacity 4772K, committed 4864K, reserved 1048576K
Event: 4.640 GC heap after
Heap after GC invocations=4 (full 2):
 PSYoungGen      total 305664K, used 0K [0x00000000eab00000, 0x0000000100000000, 0x0000000100000000)
  eden space 262144K, 0% used [0x00000000eab00000,0x00000000eab00000,0x00000000fab00000)
  from space 43520K, 0% used [0x00000000fd580000,0x00000000fd580000,0x0000000100000000)
  to   space 43520K, 0% used [0x00000000fab00000,0x00000000fab00000,0x00000000fd580000)
 ParOldGen       total 699392K, used 19210K [0x00000000c0000000, 0x00000000eab00000, 0x00000000eab00000)
  object space 699392K, 2% used [0x00000000c0000000,0x00000000c12c2818,0x00000000eab00000)
 Metaspace       used 33418K, capacity 35016K, committed 35496K, reserved 1079296K
  class space    used 4486K, capacity 4709K, committed 4864K, reserved 1048576K
}

