# JRE version: OpenJDK Runtime Environment (8.0_275-b01) (build 1.8.0_275-b01)
# Java VM: OpenJDK 64-Bit Server VM (25.275-b01 mixed mode linux-amd64 compressed oops)
Heap:
 PSYoungGen      total 305664K, used 51254K [0x00000000eab00000, 0x0000000100000000, 0x0000000100000000)
  eden space 262144K, 19% used [0x00000000eab00000,0x00000000edd0d888,0x00000000fab00000)
  from space 43520K, 0% used [0x00000000fd580000,0x00000000fd580000,0x0000000100000000)
  to   space 43520K, 0% used [0x00000000fab00000,0x00000000fab00000,0x00000000fd580000)
 ParOldGen       total 677376K, used 19241K [0x00000000c0000000, 0x00000000e9580000, 0x00000000eab00000)
  object space 677376K, 2% used [0x00000000c0000000,0x00000000c12ca640,0x00000000e9580000)
 Metaspace       used 33727K, capacity 35572K, committed 35840K, reserved 1081344K
  class space    used 4550K, capacity 4785K, committed 4864K, reserved 1048576K
GC Heap History (8 events):
Event: 1.680 GC heap before
{Heap before GC invocations=1 (full 0):
 PSYoungGen      total 305664K, used 146823K [0x00000000eab00000, 0x0000000100000000, 0x0000000100000000)
  eden space 262144K, 56% used [0x00000000eab00000,0x00000000f3a61c88,0x00000000fab00000)
  from space 43520K, 0% used [0x00000000fd580000,0x00000000fd580000,0x0000000100000000)
  to   space 43520K, 0% used [0x00000000fab00000,0x00000000fab00000,0x00000000fd580000)
 ParOldGen       total 699392K, used 0K [0x00000000c0000000, 0x00000000eab00000, 0x00000000eab00000)
  object space 699392K, 0% used [0x00000000c0000000,0x00000000c0000000,0x00000000eab00000)
 Metaspace       used 20352K, capacity 21272K, committed 21296K, reserved 1067008K
  class space    used 2772K, capacity 2938K, committed 2944K, reserved 1048576K
Event: 1.700 GC heap after
Heap after GC invocations=1 (full 0):
 PSYoungGen      total 305664K, used 14151K [0x00000000eab00000, 0x0000000100000000, 0x0000000100000000)
  eden space 262144K, 0% used [0x00000000eab00000,0x00000000eab00000,0x00000000fab00000)
  from space 43520K, 32% used [0x00000000fab00000,0x00000000fb8d1e40,0x00000000fd580000)
  to   space 43520K, 0% used [0x00000000fd580000,0x00000000fd580000,0x0000000100000000)
 ParOldGen       total 699392K, used 88K [0x00000000c0000000, 0x00000000eab00000, 0x00000000eab00000)
  object space 699392K, 0% used [0x00000000c0000000,0x00000000c0016010,0x00000000eab00000)
 Metaspace       used 20352K, capacity 21272K, committed 21296K, reserved 1067008K
  class space    used 2772K, capacity 2938K, committed 2944K, reserved 1048576K
}
Event: 1.700 GC heap before
{Heap before GC invocations=2 (full 1):
 PSYoungGen      total 305664K, used 14151K [0x00000000eab00000, 0x0000000100000000, 0x0000000100000000)
  eden space 262144K, 0% used [0x00000000eab00000,0x00000000eab00000,0x00000000fab00000)
  from space 43520K, 32% used [0x00000000fab00000,0x00000000fb8d1e40,0x00000000fd580000)
  to   space 43520K, 0% used [0x00000000fd580000,0x00000000fd580000,0x0000000100000000)
 ParOldGen       total 699392K, used 88K [0x00000000c0000000, 0x00000000eab00000, 0x00000000eab00000)
  object space 699392K, 0% used [0x00000000c0000000,0x00000000c0016010,0x00000000eab00000)
 Metaspace       used 20352K, capacity 21272K, committed 21296K, reserved 1067008K
  class space    used 2772K, capacity 2938K, committed 2944K, reserved 1048576K
Event: 1.724 GC heap after
Heap after GC invocations=2 (full 1):
 PSYoungGen      total 305664K, used 0K [0x00000000eab00000, 0x0000000100000000, 0x0000000100000000)
  eden space 262144K, 0% used [0x00000000eab00000,0x00000000eab00000,0x00000000fab00000)
  from space 43520K, 0% used [0x00000000fab00000,0x00000000fab00000,0x00000000fd580000)
  to   space 43520K, 0% used [0x00000000fd580000,0x00000000fd580000,0x0000000100000000)
 ParOldGen       total 420352K, used 13438K [0x00000000c0000000, 0x00000000d9a80000, 0x00000000eab00000)
  object space 420352K, 3% used [0x00000000c0000000,0x00000000c0d1f920,0x00000000d9a80000)
 Metaspace       used 20352K, capacity 21272K, committed 21296K, reserved 1067008K
  class space    used 2772K, capacity 2938K, committed 2944K, reserved 1048576K
}
Event: 4.637 GC heap before
{Heap before GC invocations=3 (full 1):
 PSYoungGen      total 305664K, used 199187K [0x00000000eab00000, 0x0000000100000000, 0x0000000100000000)
  eden space 262144K, 75% used [0x00000000eab00000,0x00000000f6d84c38,0x00000000fab00000)
  from space 43520K, 0% used [0x00000000fab00000,0x00000000fab00000,0x00000000fd580000)
  to   space 43520K, 0% used [0x00000000fd580000,0x00000000fd580000,0x0000000100000000)
 ParOldGen       total 420352K, used 13438K [0x00000000c0000000, 0x00000000d9a80000, 0x00000000eab00000)
  object space 420352K, 3% used [0x00000000c0000000,0x00000000c0d1f920,0x00000000d9a80000)
 Metaspace       used 33598K, capacity 35406K, committed 35496K, reserved 1079296K
  class space    used 4541K, capacity 4776K, committed 4864K, reserved 1048576K
Event: 4.645 GC heap after
Heap after GC invocations=3 (full 1):
 PSYoungGen      total 305664K, used 16182K [0x00000000eab00000, 0x0000000100000000, 0x0000000100000000)
  eden space 262144K, 0% used [0x00000000eab00000,0x00000000eab00000,0x00000000fab00000)
  from space 43520K, 37% used [0x00000000fd580000,0x00000000fe54d938,0x0000000100000000)
  to   space 43520K, 0% used [0x00000000fab00000,0x00000000fab00000,0x00000000fd580000)
 ParOldGen       total 420352K, used 13446K [0x00000000c0000000, 0x00000000d9a80000, 0x00000000eab00000)
  object space 420352K, 3% used [0x00000000c0000000,0x00000000c0d21920,0x00000000d9a80000)
 Metaspace       used 33598K, capacity 35406K, committed 35496K, reserved 1079296K
  class space    used 4541K, capacity 4776K, committed 4864K, reserved 1048576K
}
Event: 4.645 GC heap before
{Heap before GC invocations=4 (full 2):
 PSYoungGen      total 305664K, used 16182K [0x00000000eab00000, 0x0000000100000000, 0x0000000100000000)
  eden space 262144K, 0% used [0x00000000eab00000,0x00000000eab00000,0x00000000fab00000)
  from space 43520K, 37% used [0x00000000fd580000,0x00000000fe54d938,0x0000000100000000)
  to   space 43520K, 0% used [0x00000000fab00000,0x00000000fab00000,0x00000000fd580000)
 ParOldGen       total 420352K, used 13446K [0x00000000c0000000, 0x00000000d9a80000, 0x00000000eab00000)
  object space 420352K, 3% used [0x00000000c0000000,0x00000000c0d21920,0x00000000d9a80000)
 Metaspace       used 33598K, capacity 35406K, committed 35496K, reserved 1079296K
  class space    used 4541K, capacity 4776K, committed 4864K, reserved 1048576K
Event: 4.673 GC heap after
Heap after GC invocations=4 (full 2):
 PSYoungGen      total 305664K, used 0K [0x00000000eab00000, 0x0000000100000000, 0x0000000100000000)
  eden space 262144K, 0% used [0x00000000eab00000,0x00000000eab00000,0x00000000fab00000)
  from space 43520K, 0% used [0x00000000fd580000,0x00000000fd580000,0x0000000100000000)
  to   space 43520K, 0% used [0x00000000fab00000,0x00000000fab00000,0x00000000fd580000)
 ParOldGen       total 677376K, used 19241K [0x00000000c0000000, 0x00000000e9580000, 0x00000000eab00000)
  object space 677376K, 2% used [0x00000000c0000000,0x00000000c12ca640,0x00000000e9580000)
 Metaspace       used 33426K, capacity 35034K, committed 35496K, reserved 1079296K
  class space    used 4487K, capacity 4714K, committed 4864K, reserved 1048576K
}

