# JRE version: OpenJDK Runtime Environment (8.0_275-b01) (build 1.8.0_275-b01)
# Java VM: OpenJDK 64-Bit Server VM (25.275-b01 mixed mode linux-amd64 compressed oops)
Heap:
 PSYoungGen      total 305664K, used 44011K [0x00000000eab00000, 0x0000000100000000, 0x0000000100000000)
  eden space 262144K, 16% used [0x00000000eab00000,0x00000000ed5facc0,0x00000000fab00000)
  from space 43520K, 0% used [0x00000000fd580000,0x00000000fd580000,0x0000000100000000)
  to   space 43520K, 0% used [0x00000000fab00000,0x00000000fab00000,0x00000000fd580000)
 ParOldGen       total 699392K, used 19206K [0x00000000c0000000, 0x00000000eab00000, 0x00000000eab00000)
  object space 699392K, 2% used [0x00000000c0000000,0x00000000c12c18f8,0x00000000eab00000)
 Metaspace       used 33761K, capacity 35578K, committed 35840K, reserved 1081344K
  class space    used 4560K, capacity 4796K, committed 4864K, reserved 1048576K
GC Heap History (8 events):
Event: 1.960 GC heap before
{Heap before GC invocations=1 (full 0):
 PSYoungGen      total 305664K, used 146823K [0x00000000eab00000, 0x0000000100000000, 0x0000000100000000)
  eden space 262144K, 56% used [0x00000000eab00000,0x00000000f3a61c28,0x00000000fab00000)
  from space 43520K, 0% used [0x00000000fd580000,0x00000000fd580000,0x0000000100000000)
  to   space 43520K, 0% used [0x00000000fab00000,0x00000000fab00000,0x00000000fd580000)
 ParOldGen       total 699392K, used 0K [0x00000000c0000000, 0x00000000eab00000, 0x00000000eab00000)
  object space 699392K, 0% used [0x00000000c0000000,0x00000000c0000000,0x00000000eab00000)
 Metaspace       used 20369K, capacity 21276K, committed 21296K, reserved 1067008K
  class space    used 2774K, capacity 2938K, committed 2944K, reserved 1048576K
Event: 1.970 GC heap after
Heap after GC invocations=1 (full 0):
 PSYoungGen      total 305664K, used 14478K [0x00000000eab00000, 0x0000000100000000, 0x0000000100000000)
  eden space 262144K, 0% used [0x00000000eab00000,0x00000000eab00000,0x00000000fab00000)
  from space 43520K, 33% used [0x00000000fab00000,0x00000000fb923a00,0x00000000fd580000)
  to   space 43520K, 0% used [0x00000000fd580000,0x00000000fd580000,0x0000000100000000)
 ParOldGen       total 699392K, used 96K [0x00000000c0000000, 0x00000000eab00000, 0x00000000eab00000)
  object space 699392K, 0% used [0x00000000c0000000,0x00000000c0018028,0x00000000eab00000)
 Metaspace       used 20369K, capacity 21276K, committed 21296K, reserved 1067008K
  class space    used 2774K, capacity 2938K, committed 2944K, reserved 1048576K
}
Event: 1.970 GC heap before
{Heap before GC invocations=2 (full 1):
 PSYoungGen      total 305664K, used 14478K [0x00000000eab00000, 0x0000000100000000, 0x0000000100000000)
  eden space 262144K, 0% used [0x00000000eab00000,0x00000000eab00000,0x00000000fab00000)
  from space 43520K, 33% used [0x00000000fab00000,0x00000000fb923a00,0x00000000fd580000)
  to   space 43520K, 0% used [0x00000000fd580000,0x00000000fd580000,0x0000000100000000)
 ParOldGen       total 699392K, used 96K [0x00000000c0000000, 0x00000000eab00000, 0x00000000eab00000)
  object space 699392K, 0% used [0x00000000c0000000,0x00000000c0018028,0x00000000eab00000)
 Metaspace       used 20369K, capacity 21276K, committed 21296K, reserved 1067008K
  class space    used 2774K, capacity 2938K, committed 2944K, reserved 1048576K
Event: 1.990 GC heap after
Heap after GC invocations=2 (full 1):
 PSYoungGen      total 305664K, used 0K [0x00000000eab00000, 0x0000000100000000, 0x0000000100000000)
  eden space 262144K, 0% used [0x00000000eab00000,0x00000000eab00000,0x00000000fab00000)
  from space 43520K, 0% used [0x00000000fab00000,0x00000000fab00000,0x00000000fd580000)
  to   space 43520K, 0% used [0x00000000fd580000,0x00000000fd580000,0x0000000100000000)
 ParOldGen       total 454144K, used 13443K [0x00000000c0000000, 0x00000000dbb80000, 0x00000000eab00000)
  object space 454144K, 2% used [0x00000000c0000000,0x00000000c0d20e10,0x00000000dbb80000)
 Metaspace       used 20369K, capacity 21276K, committed 21296K, reserved 1067008K
  class space    used 2774K, capacity 2938K, committed 2944K, reserved 1048576K
}
Event: 4.704 GC heap before
{Heap before GC invocations=3 (full 1):
 PSYoungGen      total 305664K, used 196061K [0x00000000eab00000, 0x0000000100000000, 0x0000000100000000)
  eden space 262144K, 74% used [0x00000000eab00000,0x00000000f6a777b0,0x00000000fab00000)
  from space 43520K, 0% used [0x00000000fab00000,0x00000000fab00000,0x00000000fd580000)
  to   space 43520K, 0% used [0x00000000fd580000,0x00000000fd580000,0x0000000100000000)
 ParOldGen       total 454144K, used 13443K [0x00000000c0000000, 0x00000000dbb80000, 0x00000000eab00000)
  object space 454144K, 2% used [0x00000000c0000000,0x00000000c0d20e10,0x00000000dbb80000)
 Metaspace       used 33571K, capacity 35342K, committed 35496K, reserved 1079296K
  class space    used 4534K, capacity 4762K, committed 4864K, reserved 1048576K
Event: 4.712 GC heap after
Heap after GC invocations=3 (full 1):
 PSYoungGen      total 305664K, used 16114K [0x00000000eab00000, 0x0000000100000000, 0x0000000100000000)
  eden space 262144K, 0% used [0x00000000eab00000,0x00000000eab00000,0x00000000fab00000)
  from space 43520K, 37% used [0x00000000fd580000,0x00000000fe53c8d0,0x0000000100000000)
  to   space 43520K, 0% used [0x00000000fab00000,0x00000000fab00000,0x00000000fd580000)
 ParOldGen       total 454144K, used 13451K [0x00000000c0000000, 0x00000000dbb80000, 0x00000000eab00000)
  object space 454144K, 2% used [0x00000000c0000000,0x00000000c0d22e10,0x00000000dbb80000)
 Metaspace       used 33571K, capacity 35342K, committed 35496K, reserved 1079296K
  class space    used 4534K, capacity 4762K, committed 4864K, reserved 1048576K
}
Event: 4.712 GC heap before
{Heap before GC invocations=4 (full 2):
 PSYoungGen      total 305664K, used 16114K [0x00000000eab00000, 0x0000000100000000, 0x0000000100000000)
  eden space 262144K, 0% used [0x00000000eab00000,0x00000000eab00000,0x00000000fab00000)
  from space 43520K, 37% used [0x00000000fd580000,0x00000000fe53c8d0,0x0000000100000000)
  to   space 43520K, 0% used [0x00000000fab00000,0x00000000fab00000,0x00000000fd580000)
 ParOldGen       total 454144K, used 13451K [0x00000000c0000000, 0x00000000dbb80000, 0x00000000eab00000)
  object space 454144K, 2% used [0x00000000c0000000,0x00000000c0d22e10,0x00000000dbb80000)
 Metaspace       used 33571K, capacity 35342K, committed 35496K, reserved 1079296K
  class space    used 4534K, capacity 4762K, committed 4864K, reserved 1048576K
Event: 4.735 GC heap after
Heap after GC invocations=4 (full 2):
 PSYoungGen      total 305664K, used 0K [0x00000000eab00000, 0x0000000100000000, 0x0000000100000000)
  eden space 262144K, 0% used [0x00000000eab00000,0x00000000eab00000,0x00000000fab00000)
  from space 43520K, 0% used [0x00000000fd580000,0x00000000fd580000,0x0000000100000000)
  to   space 43520K, 0% used [0x00000000fab00000,0x00000000fab00000,0x00000000fd580000)
 ParOldGen       total 699392K, used 19206K [0x00000000c0000000, 0x00000000eab00000, 0x00000000eab00000)
  object space 699392K, 2% used [0x00000000c0000000,0x00000000c12c18f8,0x00000000eab00000)
 Metaspace       used 33420K, capacity 35024K, committed 35496K, reserved 1079296K
  class space    used 4486K, capacity 4709K, committed 4864K, reserved 1048576K
}

