# JRE version: OpenJDK Runtime Environment (8.0_275-b01) (build 1.8.0_275-b01)
# Java VM: OpenJDK 64-Bit Server VM (25.275-b01 mixed mode linux-amd64 compressed oops)
Heap:
 PSYoungGen      total 305664K, used 47837K [0x00000000eab00000, 0x0000000100000000, 0x0000000100000000)
  eden space 262144K, 18% used [0x00000000eab00000,0x00000000ed9b7580,0x00000000fab00000)
  from space 43520K, 0% used [0x00000000fd580000,0x00000000fd580000,0x0000000100000000)
  to   space 43520K, 0% used [0x00000000fab00000,0x00000000fab00000,0x00000000fd580000)
 ParOldGen       total 699392K, used 19219K [0x00000000c0000000, 0x00000000eab00000, 0x00000000eab00000)
  object space 699392K, 2% used [0x00000000c0000000,0x00000000c12c4f78,0x00000000eab00000)
 Metaspace       used 33745K, capacity 35608K, committed 35840K, reserved 1081344K
  class space    used 4554K, capacity 4791K, committed 4864K, reserved 1048576K
GC Heap History (8 events):
Event: 1.764 GC heap before
{Heap before GC invocations=1 (full 0):
 PSYoungGen      total 305664K, used 146823K [0x00000000eab00000, 0x0000000100000000, 0x0000000100000000)
  eden space 262144K, 56% used [0x00000000eab00000,0x00000000f3a61c10,0x00000000fab00000)
  from space 43520K, 0% used [0x00000000fd580000,0x00000000fd580000,0x0000000100000000)
  to   space 43520K, 0% used [0x00000000fab00000,0x00000000fab00000,0x00000000fd580000)
 ParOldGen       total 699392K, used 0K [0x00000000c0000000, 0x00000000eab00000, 0x00000000eab00000)
  object space 699392K, 0% used [0x00000000c0000000,0x00000000c0000000,0x00000000eab00000)
 Metaspace       used 20351K, capacity 21272K, committed 21296K, reserved 1067008K
  class space    used 2773K, capacity 2938K, committed 2944K, reserved 1048576K
Event: 1.773 GC heap after
Heap after GC invocations=1 (full 0):
 PSYoungGen      total 305664K, used 14426K [0x00000000eab00000, 0x0000000100000000, 0x0000000100000000)
  eden space 262144K, 0% used [0x00000000eab00000,0x00000000eab00000,0x00000000fab00000)
  from space 43520K, 33% used [0x00000000fab00000,0x00000000fb916a28,0x00000000fd580000)
  to   space 43520K, 0% used [0x00000000fd580000,0x00000000fd580000,0x0000000100000000)
 ParOldGen       total 699392K, used 88K [0x00000000c0000000, 0x00000000eab00000, 0x00000000eab00000)
  object space 699392K, 0% used [0x00000000c0000000,0x00000000c0016010,0x00000000eab00000)
 Metaspace       used 20351K, capacity 21272K, committed 21296K, reserved 1067008K
  class space    used 2773K, capacity 2938K, committed 2944K, reserved 1048576K
}
Event: 1.773 GC heap before
{Heap before GC invocations=2 (full 1):
 PSYoungGen      total 305664K, used 14426K [0x00000000eab00000, 0x0000000100000000, 0x0000000100000000)
  eden space 262144K, 0% used [0x00000000eab00000,0x00000000eab00000,0x00000000fab00000)
  from space 43520K, 33% used [0x00000000fab00000,0x00000000fb916a28,0x00000000fd580000)
  to   space 43520K, 0% used [0x00000000fd580000,0x00000000fd580000,0x0000000100000000)
 ParOldGen       total 699392K, used 88K [0x00000000c0000000, 0x00000000eab00000, 0x00000000eab00000)
  object space 699392K, 0% used [0x00000000c0000000,0x00000000c0016010,0x00000000eab00000)
 Metaspace       used 20351K, capacity 21272K, committed 21296K, reserved 1067008K
  class space    used 2773K, capacity 2938K, committed 2944K, reserved 1048576K
Event: 1.792 GC heap after
Heap after GC invocations=2 (full 1):
 PSYoungGen      total 305664K, used 0K [0x00000000eab00000, 0x0000000100000000, 0x0000000100000000)
  eden space 262144K, 0% used [0x00000000eab00000,0x00000000eab00000,0x00000000fab00000)
  from space 43520K, 0% used [0x00000000fab00000,0x00000000fab00000,0x00000000fd580000)
  to   space 43520K, 0% used [0x00000000fd580000,0x00000000fd580000,0x0000000100000000)
 ParOldGen       total 459264K, used 13438K [0x00000000c0000000, 0x00000000dc080000, 0x00000000eab00000)
  object space 459264K, 2% used [0x00000000c0000000,0x00000000c0d1f890,0x00000000dc080000)
 Metaspace       used 20351K, capacity 21272K, committed 21296K, reserved 1067008K
  class space    used 2773K, capacity 2938K, committed 2944K, reserved 1048576K
}
Event: 4.434 GC heap before
{Heap before GC invocations=3 (full 1):
 PSYoungGen      total 305664K, used 198161K [0x00000000eab00000, 0x0000000100000000, 0x0000000100000000)
  eden space 262144K, 75% used [0x00000000eab00000,0x00000000f6c84560,0x00000000fab00000)
  from space 43520K, 0% used [0x00000000fab00000,0x00000000fab00000,0x00000000fd580000)
  to   space 43520K, 0% used [0x00000000fd580000,0x00000000fd580000,0x0000000100000000)
 ParOldGen       total 459264K, used 13438K [0x00000000c0000000, 0x00000000dc080000, 0x00000000eab00000)
  object space 459264K, 2% used [0x00000000c0000000,0x00000000c0d1f890,0x00000000dc080000)
 Metaspace       used 33591K, capacity 35386K, committed 35496K, reserved 1079296K
  class space    used 4540K, capacity 4770K, committed 4864K, reserved 1048576K
Event: 4.443 GC heap after
Heap after GC invocations=3 (full 1):
 PSYoungGen      total 305664K, used 16089K [0x00000000eab00000, 0x0000000100000000, 0x0000000100000000)
  eden space 262144K, 0% used [0x00000000eab00000,0x00000000eab00000,0x00000000fab00000)
  from space 43520K, 36% used [0x00000000fd580000,0x00000000fe536590,0x0000000100000000)
  to   space 43520K, 0% used [0x00000000fab00000,0x00000000fab00000,0x00000000fd580000)
 ParOldGen       total 459264K, used 13446K [0x00000000c0000000, 0x00000000dc080000, 0x00000000eab00000)
  object space 459264K, 2% used [0x00000000c0000000,0x00000000c0d21890,0x00000000dc080000)
 Metaspace       used 33591K, capacity 35386K, committed 35496K, reserved 1079296K
  class space    used 4540K, capacity 4770K, committed 4864K, reserved 1048576K
}
Event: 4.443 GC heap before
{Heap before GC invocations=4 (full 2):
 PSYoungGen      total 305664K, used 16089K [0x00000000eab00000, 0x0000000100000000, 0x0000000100000000)
  eden space 262144K, 0% used [0x00000000eab00000,0x00000000eab00000,0x00000000fab00000)
  from space 43520K, 36% used [0x00000000fd580000,0x00000000fe536590,0x0000000100000000)
  to   space 43520K, 0% used [0x00000000fab00000,0x00000000fab00000,0x00000000fd580000)
 ParOldGen       total 459264K, used 13446K [0x00000000c0000000, 0x00000000dc080000, 0x00000000eab00000)
  object space 459264K, 2% used [0x00000000c0000000,0x00000000c0d21890,0x00000000dc080000)
 Metaspace       used 33591K, capacity 35386K, committed 35496K, reserved 1079296K
  class space    used 4540K, capacity 4770K, committed 4864K, reserved 1048576K
Event: 4.465 GC heap after
Heap after GC invocations=4 (full 2):
 PSYoungGen      total 305664K, used 0K [0x00000000eab00000, 0x0000000100000000, 0x0000000100000000)
  eden space 262144K, 0% used [0x00000000eab00000,0x00000000eab00000,0x00000000fab00000)
  from space 43520K, 0% used [0x00000000fd580000,0x00000000fd580000,0x0000000100000000)
  to   space 43520K, 0% used [0x00000000fab00000,0x00000000fab00000,0x00000000fd580000)
 ParOldGen       total 699392K, used 19219K [0x00000000c0000000, 0x00000000eab00000, 0x00000000eab00000)
  object space 699392K, 2% used [0x00000000c0000000,0x00000000c12c4f78,0x00000000eab00000)
 Metaspace       used 33422K, capacity 35026K, committed 35496K, reserved 1079296K
  class space    used 4487K, capacity 4710K, committed 4864K, reserved 1048576K
}

