# JRE version: OpenJDK Runtime Environment (8.0_275-b01) (build 1.8.0_275-b01)
# Java VM: OpenJDK 64-Bit Server VM (25.275-b01 mixed mode linux-amd64 compressed oops)
Heap:
 PSYoungGen      total 305664K, used 43498K [0x00000000eab00000, 0x0000000100000000, 0x0000000100000000)
  eden space 262144K, 16% used [0x00000000eab00000,0x00000000ed57a938,0x00000000fab00000)
  from space 43520K, 0% used [0x00000000fd580000,0x00000000fd580000,0x0000000100000000)
  to   space 43520K, 0% used [0x00000000fab00000,0x00000000fab00000,0x00000000fd580000)
 ParOldGen       total 699392K, used 19234K [0x00000000c0000000, 0x00000000eab00000, 0x00000000eab00000)
  object space 699392K, 2% used [0x00000000c0000000,0x00000000c12c8890,0x00000000eab00000)
 Metaspace       used 33745K, capacity 35602K, committed 35840K, reserved 1081344K
  class space    used 4555K, capacity 4790K, committed 4864K, reserved 1048576K
GC Heap History (8 events):
Event: 2.219 GC heap before
{Heap before GC invocations=1 (full 0):
 PSYoungGen      total 305664K, used 146822K [0x00000000eab00000, 0x0000000100000000, 0x0000000100000000)
  eden space 262144K, 56% used [0x00000000eab00000,0x00000000f3a61bc8,0x00000000fab00000)
  from space 43520K, 0% used [0x00000000fd580000,0x00000000fd580000,0x0000000100000000)
  to   space 43520K, 0% used [0x00000000fab00000,0x00000000fab00000,0x00000000fd580000)
 ParOldGen       total 699392K, used 0K [0x00000000c0000000, 0x00000000eab00000, 0x00000000eab00000)
  object space 699392K, 0% used [0x00000000c0000000,0x00000000c0000000,0x00000000eab00000)
 Metaspace       used 20352K, capacity 21272K, committed 21296K, reserved 1067008K
  class space    used 2773K, capacity 2938K, committed 2944K, reserved 1048576K
Event: 2.229 GC heap after
Heap after GC invocations=1 (full 0):
 PSYoungGen      total 305664K, used 14523K [0x00000000eab00000, 0x0000000100000000, 0x0000000100000000)
  eden space 262144K, 0% used [0x00000000eab00000,0x00000000eab00000,0x00000000fab00000)
  from space 43520K, 33% used [0x00000000fab00000,0x00000000fb92ef80,0x00000000fd580000)
  to   space 43520K, 0% used [0x00000000fd580000,0x00000000fd580000,0x0000000100000000)
 ParOldGen       total 699392K, used 88K [0x00000000c0000000, 0x00000000eab00000, 0x00000000eab00000)
  object space 699392K, 0% used [0x00000000c0000000,0x00000000c0016010,0x00000000eab00000)
 Metaspace       used 20352K, capacity 21272K, committed 21296K, reserved 1067008K
  class space    used 2773K, capacity 2938K, committed 2944K, reserved 1048576K
}
Event: 2.229 GC heap before
{Heap before GC invocations=2 (full 1):
 PSYoungGen      total 305664K, used 14523K [0x00000000eab00000, 0x0000000100000000, 0x0000000100000000)
  eden space 262144K, 0% used [0x00000000eab00000,0x00000000eab00000,0x00000000fab00000)
  from space 43520K, 33% used [0x00000000fab00000,0x00000000fb92ef80,0x00000000fd580000)
  to   space 43520K, 0% used [0x00000000fd580000,0x00000000fd580000,0x0000000100000000)
 ParOldGen       total 699392K, used 88K [0x00000000c0000000, 0x00000000eab00000, 0x00000000eab00000)
  object space 699392K, 0% used [0x00000000c0000000,0x00000000c0016010,0x00000000eab00000)
 Metaspace       used 20352K, capacity 21272K, committed 21296K, reserved 1067008K
  class space    used 2773K, capacity 2938K, committed 2944K, reserved 1048576K
Event: 2.252 GC heap after
Heap after GC invocations=2 (full 1):
 PSYoungGen      total 305664K, used 0K [0x00000000eab00000, 0x0000000100000000, 0x0000000100000000)
  eden space 262144K, 0% used [0x00000000eab00000,0x00000000eab00000,0x00000000fab00000)
  from space 43520K, 0% used [0x00000000fab00000,0x00000000fab00000,0x00000000fd580000)
  to   space 43520K, 0% used [0x00000000fd580000,0x00000000fd580000,0x0000000100000000)
 ParOldGen       total 458240K, used 13437K [0x00000000c0000000, 0x00000000dbf80000, 0x00000000eab00000)
  object space 458240K, 2% used [0x00000000c0000000,0x00000000c0d1f7d8,0x00000000dbf80000)
 Metaspace       used 20352K, capacity 21272K, committed 21296K, reserved 1067008K
  class space    used 2773K, capacity 2938K, committed 2944K, reserved 1048576K
}
Event: 3.725 GC heap before
{Heap before GC invocations=3 (full 1):
 PSYoungGen      total 305664K, used 198045K [0x00000000eab00000, 0x0000000100000000, 0x0000000100000000)
  eden space 262144K, 75% used [0x00000000eab00000,0x00000000f6c67620,0x00000000fab00000)
  from space 43520K, 0% used [0x00000000fab00000,0x00000000fab00000,0x00000000fd580000)
  to   space 43520K, 0% used [0x00000000fd580000,0x00000000fd580000,0x0000000100000000)
 ParOldGen       total 458240K, used 13437K [0x00000000c0000000, 0x00000000dbf80000, 0x00000000eab00000)
  object space 458240K, 2% used [0x00000000c0000000,0x00000000c0d1f7d8,0x00000000dbf80000)
 Metaspace       used 33588K, capacity 35380K, committed 35496K, reserved 1079296K
  class space    used 4539K, capacity 4769K, committed 4864K, reserved 1048576K
Event: 3.734 GC heap after
Heap after GC invocations=3 (full 1):
 PSYoungGen      total 305664K, used 16169K [0x00000000eab00000, 0x0000000100000000, 0x0000000100000000)
  eden space 262144K, 0% used [0x00000000eab00000,0x00000000eab00000,0x00000000fab00000)
  from space 43520K, 37% used [0x00000000fd580000,0x00000000fe54a6e0,0x0000000100000000)
  to   space 43520K, 0% used [0x00000000fab00000,0x00000000fab00000,0x00000000fd580000)
 ParOldGen       total 458240K, used 13445K [0x00000000c0000000, 0x00000000dbf80000, 0x00000000eab00000)
  object space 458240K, 2% used [0x00000000c0000000,0x00000000c0d217d8,0x00000000dbf80000)
 Metaspace       used 33588K, capacity 35380K, committed 35496K, reserved 1079296K
  class space    used 4539K, capacity 4769K, committed 4864K, reserved 1048576K
}
Event: 3.734 GC heap before
{Heap before GC invocations=4 (full 2):
 PSYoungGen      total 305664K, used 16169K [0x00000000eab00000, 0x0000000100000000, 0x0000000100000000)
  eden space 262144K, 0% used [0x00000000eab00000,0x00000000eab00000,0x00000000fab00000)
  from space 43520K, 37% used [0x00000000fd580000,0x00000000fe54a6e0,0x0000000100000000)
  to   space 43520K, 0% used [0x00000000fab00000,0x00000000fab00000,0x00000000fd580000)
 ParOldGen       total 458240K, used 13445K [0x00000000c0000000, 0x00000000dbf80000, 0x00000000eab00000)
  object space 458240K, 2% used [0x00000000c0000000,0x00000000c0d217d8,0x00000000dbf80000)
 Metaspace       used 33588K, capacity 35380K, committed 35496K, reserved 1079296K
  class space    used 4539K, capacity 4769K, committed 4864K, reserved 1048576K
Event: 3.758 GC heap after
Heap after GC invocations=4 (full 2):
 PSYoungGen      total 305664K, used 0K [0x00000000eab00000, 0x0000000100000000, 0x0000000100000000)
  eden space 262144K, 0% used [0x00000000eab00000,0x00000000eab00000,0x00000000fab00000)
  from space 43520K, 0% used [0x00000000fd580000,0x00000000fd580000,0x0000000100000000)
  to   space 43520K, 0% used [0x00000000fab00000,0x00000000fab00000,0x00000000fd580000)
 ParOldGen       total 699392K, used 19234K [0x00000000c0000000, 0x00000000eab00000, 0x00000000eab00000)
  object space 699392K, 2% used [0x00000000c0000000,0x00000000c12c8890,0x00000000eab00000)
 Metaspace       used 33419K, capacity 35014K, committed 35496K, reserved 1079296K
  class space    used 4486K, capacity 4708K, committed 4864K, reserved 1048576K
}

