# JRE version: OpenJDK Runtime Environment (8.0_275-b01) (build 1.8.0_275-b01)
# Java VM: OpenJDK 64-Bit Server VM (25.275-b01 mixed mode linux-amd64 compressed oops)
Heap:
 PSYoungGen      total 305664K, used 43979K [0x00000000eab00000, 0x0000000100000000, 0x0000000100000000)
  eden space 262144K, 16% used [0x00000000eab00000,0x00000000ed5f2f00,0x00000000fab00000)
  from space 43520K, 0% used [0x00000000fd580000,0x00000000fd580000,0x0000000100000000)
  to   space 43520K, 0% used [0x00000000fab00000,0x00000000fab00000,0x00000000fd580000)
 ParOldGen       total 699392K, used 19233K [0x00000000c0000000, 0x00000000eab00000, 0x00000000eab00000)
  object space 699392K, 2% used [0x00000000c0000000,0x00000000c12c8638,0x00000000eab00000)
 Metaspace       used 33736K, capacity 35511K, committed 35840K, reserved 1081344K
  class space    used 4551K, capacity 4785K, committed 4864K, reserved 1048576K
GC Heap History (8 events):
Event: 2.396 GC heap before
{Heap before GC invocations=1 (full 0):
 PSYoungGen      total 305664K, used 146822K [0x00000000eab00000, 0x0000000100000000, 0x0000000100000000)
  eden space 262144K, 56% used [0x00000000eab00000,0x00000000f3a61bc0,0x00000000fab00000)
  from space 43520K, 0% used [0x00000000fd580000,0x00000000fd580000,0x0000000100000000)
  to   space 43520K, 0% used [0x00000000fab00000,0x00000000fab00000,0x00000000fd580000)
 ParOldGen       total 699392K, used 0K [0x00000000c0000000, 0x00000000eab00000, 0x00000000eab00000)
  object space 699392K, 0% used [0x00000000c0000000,0x00000000c0000000,0x00000000eab00000)
 Metaspace       used 20368K, capacity 21276K, committed 21296K, reserved 1067008K
  class space    used 2774K, capacity 2938K, committed 2944K, reserved 1048576K
Event: 2.405 GC heap after
Heap after GC invocations=1 (full 0):
 PSYoungGen      total 305664K, used 14498K [0x00000000eab00000, 0x0000000100000000, 0x0000000100000000)
  eden space 262144K, 0% used [0x00000000eab00000,0x00000000eab00000,0x00000000fab00000)
  from space 43520K, 33% used [0x00000000fab00000,0x00000000fb928908,0x00000000fd580000)
  to   space 43520K, 0% used [0x00000000fd580000,0x00000000fd580000,0x0000000100000000)
 ParOldGen       total 699392K, used 88K [0x00000000c0000000, 0x00000000eab00000, 0x00000000eab00000)
  object space 699392K, 0% used [0x00000000c0000000,0x00000000c0016010,0x00000000eab00000)
 Metaspace       used 20368K, capacity 21276K, committed 21296K, reserved 1067008K
  class space    used 2774K, capacity 2938K, committed 2944K, reserved 1048576K
}
Event: 2.405 GC heap before
{Heap before GC invocations=2 (full 1):
 PSYoungGen      total 305664K, used 14498K [0x00000000eab00000, 0x0000000100000000, 0x0000000100000000)
  eden space 262144K, 0% used [0x00000000eab00000,0x00000000eab00000,0x00000000fab00000)
  from space 43520K, 33% used [0x00000000fab00000,0x00000000fb928908,0x00000000fd580000)
  to   space 43520K, 0% used [0x00000000fd580000,0x00000000fd580000,0x0000000100000000)
 ParOldGen       total 699392K, used 88K [0x00000000c0000000, 0x00000000eab00000, 0x00000000eab00000)
  object space 699392K, 0% used [0x00000000c0000000,0x00000000c0016010,0x00000000eab00000)
 Metaspace       used 20368K, capacity 21276K, committed 21296K, reserved 1067008K
  class space    used 2774K, capacity 2938K, committed 2944K, reserved 1048576K
Event: 2.427 GC heap after
Heap after GC invocations=2 (full 1):
 PSYoungGen      total 305664K, used 0K [0x00000000eab00000, 0x0000000100000000, 0x0000000100000000)
  eden space 262144K, 0% used [0x00000000eab00000,0x00000000eab00000,0x00000000fab00000)
  from space 43520K, 0% used [0x00000000fab00000,0x00000000fab00000,0x00000000fd580000)
  to   space 43520K, 0% used [0x00000000fd580000,0x00000000fd580000,0x0000000100000000)
 ParOldGen       total 456704K, used 13443K [0x00000000c0000000, 0x00000000dbe00000, 0x00000000eab00000)
  object space 456704K, 2% used [0x00000000c0000000,0x00000000c0d20e10,0x00000000dbe00000)
 Metaspace       used 20368K, capacity 21276K, committed 21296K, reserved 1067008K
  class space    used 2774K, capacity 2938K, committed 2944K, reserved 1048576K
}
Event: 4.483 GC heap before
{Heap before GC invocations=3 (full 1):
 PSYoungGen      total 305664K, used 198036K [0x00000000eab00000, 0x0000000100000000, 0x0000000100000000)
  eden space 262144K, 75% used [0x00000000eab00000,0x00000000f6c652e0,0x00000000fab00000)
  from space 43520K, 0% used [0x00000000fab00000,0x00000000fab00000,0x00000000fd580000)
  to   space 43520K, 0% used [0x00000000fd580000,0x00000000fd580000,0x0000000100000000)
 ParOldGen       total 456704K, used 13443K [0x00000000c0000000, 0x00000000dbe00000, 0x00000000eab00000)
  object space 456704K, 2% used [0x00000000c0000000,0x00000000c0d20e10,0x00000000dbe00000)
 Metaspace       used 33589K, capacity 35407K, committed 35496K, reserved 1079296K
  class space    used 4540K, capacity 4775K, committed 4864K, reserved 1048576K
Event: 4.493 GC heap after
Heap after GC invocations=3 (full 1):
 PSYoungGen      total 305664K, used 16158K [0x00000000eab00000, 0x0000000100000000, 0x0000000100000000)
  eden space 262144K, 0% used [0x00000000eab00000,0x00000000eab00000,0x00000000fab00000)
  from space 43520K, 37% used [0x00000000fd580000,0x00000000fe5479f8,0x0000000100000000)
  to   space 43520K, 0% used [0x00000000fab00000,0x00000000fab00000,0x00000000fd580000)
 ParOldGen       total 456704K, used 13451K [0x00000000c0000000, 0x00000000dbe00000, 0x00000000eab00000)
  object space 456704K, 2% used [0x00000000c0000000,0x00000000c0d22e10,0x00000000dbe00000)
 Metaspace       used 33589K, capacity 35407K, committed 35496K, reserved 1079296K
  class space    used 4540K, capacity 4775K, committed 4864K, reserved 1048576K
}
Event: 4.493 GC heap before
{Heap before GC invocations=4 (full 2):
 PSYoungGen      total 305664K, used 16158K [0x00000000eab00000, 0x0000000100000000, 0x0000000100000000)
  eden space 262144K, 0% used [0x00000000eab00000,0x00000000eab00000,0x00000000fab00000)
  from space 43520K, 37% used [0x00000000fd580000,0x00000000fe5479f8,0x0000000100000000)
  to   space 43520K, 0% used [0x00000000fab00000,0x00000000fab00000,0x00000000fd580000)
 ParOldGen       total 456704K, used 13451K [0x00000000c0000000, 0x00000000dbe00000, 0x00000000eab00000)
  object space 456704K, 2% used [0x00000000c0000000,0x00000000c0d22e10,0x00000000dbe00000)
 Metaspace       used 33589K, capacity 35407K, committed 35496K, reserved 1079296K
  class space    used 4540K, capacity 4775K, committed 4864K, reserved 1048576K
Event: 4.518 GC heap after
Heap after GC invocations=4 (full 2):
 PSYoungGen      total 305664K, used 0K [0x00000000eab00000, 0x0000000100000000, 0x0000000100000000)
  eden space 262144K, 0% used [0x00000000eab00000,0x00000000eab00000,0x00000000fab00000)
  from space 43520K, 0% used [0x00000000fd580000,0x00000000fd580000,0x0000000100000000)
  to   space 43520K, 0% used [0x00000000fab00000,0x00000000fab00000,0x00000000fd580000)
 ParOldGen       total 699392K, used 19233K [0x00000000c0000000, 0x00000000eab00000, 0x00000000eab00000)
  object space 699392K, 2% used [0x00000000c0000000,0x00000000c12c8638,0x00000000eab00000)
 Metaspace       used 33417K, capacity 35029K, committed 35496K, reserved 1079296K
  class space    used 4487K, capacity 4712K, committed 4864K, reserved 1048576K
}

