# JRE version: OpenJDK Runtime Environment (8.0_275-b01) (build 1.8.0_275-b01)
# Java VM: OpenJDK 64-Bit Server VM (25.275-b01 mixed mode linux-amd64 compressed oops)
Heap:
 PSYoungGen      total 305664K, used 51254K [0x00000000eab00000, 0x0000000100000000, 0x0000000100000000)
  eden space 262144K, 19% used [0x00000000eab00000,0x00000000edd0dbb8,0x00000000fab00000)
  from space 43520K, 0% used [0x00000000fd580000,0x00000000fd580000,0x0000000100000000)
  to   space 43520K, 0% used [0x00000000fab00000,0x00000000fab00000,0x00000000fd580000)
 ParOldGen       total 699392K, used 19216K [0x00000000c0000000, 0x00000000eab00000, 0x00000000eab00000)
  object space 699392K, 2% used [0x00000000c0000000,0x00000000c12c4378,0x00000000eab00000)
 Metaspace       used 33743K, capacity 35537K, committed 35840K, reserved 1081344K
  class space    used 4555K, capacity 4790K, committed 4864K, reserved 1048576K
GC Heap History (8 events):
Event: 1.958 GC heap before
{Heap before GC invocations=1 (full 0):
 PSYoungGen      total 305664K, used 146822K [0x00000000eab00000, 0x0000000100000000, 0x0000000100000000)
  eden space 262144K, 56% used [0x00000000eab00000,0x00000000f3a61af8,0x00000000fab00000)
  from space 43520K, 0% used [0x00000000fd580000,0x00000000fd580000,0x0000000100000000)
  to   space 43520K, 0% used [0x00000000fab00000,0x00000000fab00000,0x00000000fd580000)
 ParOldGen       total 699392K, used 0K [0x00000000c0000000, 0x00000000eab00000, 0x00000000eab00000)
  object space 699392K, 0% used [0x00000000c0000000,0x00000000c0000000,0x00000000eab00000)
 Metaspace       used 20352K, capacity 21272K, committed 21296K, reserved 1067008K
  class space    used 2773K, capacity 2938K, committed 2944K, reserved 1048576K
Event: 1.973 GC heap after
Heap after GC invocations=1 (full 0):
 PSYoungGen      total 305664K, used 14365K [0x00000000eab00000, 0x0000000100000000, 0x0000000100000000)
  eden space 262144K, 0% used [0x00000000eab00000,0x00000000eab00000,0x00000000fab00000)
  from space 43520K, 33% used [0x00000000fab00000,0x00000000fb907760,0x00000000fd580000)
  to   space 43520K, 0% used [0x00000000fd580000,0x00000000fd580000,0x0000000100000000)
 ParOldGen       total 699392K, used 80K [0x00000000c0000000, 0x00000000eab00000, 0x00000000eab00000)
  object space 699392K, 0% used [0x00000000c0000000,0x00000000c0014010,0x00000000eab00000)
 Metaspace       used 20352K, capacity 21272K, committed 21296K, reserved 1067008K
  class space    used 2773K, capacity 2938K, committed 2944K, reserved 1048576K
}
Event: 1.973 GC heap before
{Heap before GC invocations=2 (full 1):
 PSYoungGen      total 305664K, used 14365K [0x00000000eab00000, 0x0000000100000000, 0x0000000100000000)
  eden space 262144K, 0% used [0x00000000eab00000,0x00000000eab00000,0x00000000fab00000)
  from space 43520K, 33% used [0x00000000fab00000,0x00000000fb907760,0x00000000fd580000)
  to   space 43520K, 0% used [0x00000000fd580000,0x00000000fd580000,0x0000000100000000)
 ParOldGen       total 699392K, used 80K [0x00000000c0000000, 0x00000000eab00000, 0x00000000eab00000)
  object space 699392K, 0% used [0x00000000c0000000,0x00000000c0014010,0x00000000eab00000)
 Metaspace       used 20352K, capacity 21272K, committed 21296K, reserved 1067008K
  class space    used 2773K, capacity 2938K, committed 2944K, reserved 1048576K
Event: 1.995 GC heap after
Heap after GC invocations=2 (full 1):
 PSYoungGen      total 305664K, used 0K [0x00000000eab00000, 0x0000000100000000, 0x0000000100000000)
  eden space 262144K, 0% used [0x00000000eab00000,0x00000000eab00000,0x00000000fab00000)
  from space 43520K, 0% used [0x00000000fab00000,0x00000000fab00000,0x00000000fd580000)
  to   space 43520K, 0% used [0x00000000fd580000,0x00000000fd580000,0x0000000100000000)
 ParOldGen       total 432128K, used 13437K [0x00000000c0000000, 0x00000000da600000, 0x00000000eab00000)
  object space 432128K, 3% used [0x00000000c0000000,0x00000000c0d1f610,0x00000000da600000)
 Metaspace       used 20352K, capacity 21272K, committed 21296K, reserved 1067008K
  class space    used 2773K, capacity 2938K, committed 2944K, reserved 1048576K
}
Event: 3.439 GC heap before
{Heap before GC invocations=3 (full 1):
 PSYoungGen      total 305664K, used 198981K [0x00000000eab00000, 0x0000000100000000, 0x0000000100000000)
  eden space 262144K, 75% used [0x00000000eab00000,0x00000000f6d51488,0x00000000fab00000)
  from space 43520K, 0% used [0x00000000fab00000,0x00000000fab00000,0x00000000fd580000)
  to   space 43520K, 0% used [0x00000000fd580000,0x00000000fd580000,0x0000000100000000)
 ParOldGen       total 432128K, used 13437K [0x00000000c0000000, 0x00000000da600000, 0x00000000eab00000)
  object space 432128K, 3% used [0x00000000c0000000,0x00000000c0d1f610,0x00000000da600000)
 Metaspace       used 33596K, capacity 35407K, committed 35496K, reserved 1079296K
  class space    used 4542K, capacity 4775K, committed 4864K, reserved 1048576K
Event: 3.449 GC heap after
Heap after GC invocations=3 (full 1):
 PSYoungGen      total 305664K, used 16149K [0x00000000eab00000, 0x0000000100000000, 0x0000000100000000)
  eden space 262144K, 0% used [0x00000000eab00000,0x00000000eab00000,0x00000000fab00000)
  from space 43520K, 37% used [0x00000000fd580000,0x00000000fe545748,0x0000000100000000)
  to   space 43520K, 0% used [0x00000000fab00000,0x00000000fab00000,0x00000000fd580000)
 ParOldGen       total 432128K, used 13445K [0x00000000c0000000, 0x00000000da600000, 0x00000000eab00000)
  object space 432128K, 3% used [0x00000000c0000000,0x00000000c0d21610,0x00000000da600000)
 Metaspace       used 33596K, capacity 35407K, committed 35496K, reserved 1079296K
  class space    used 4542K, capacity 4775K, committed 4864K, reserved 1048576K
}
Event: 3.449 GC heap before
{Heap before GC invocations=4 (full 2):
 PSYoungGen      total 305664K, used 16149K [0x00000000eab00000, 0x0000000100000000, 0x0000000100000000)
  eden space 262144K, 0% used [0x00000000eab00000,0x00000000eab00000,0x00000000fab00000)
  from space 43520K, 37% used [0x00000000fd580000,0x00000000fe545748,0x0000000100000000)
  to   space 43520K, 0% used [0x00000000fab00000,0x00000000fab00000,0x00000000fd580000)
 ParOldGen       total 432128K, used 13445K [0x00000000c0000000, 0x00000000da600000, 0x00000000eab00000)
  object space 432128K, 3% used [0x00000000c0000000,0x00000000c0d21610,0x00000000da600000)
 Metaspace       used 33596K, capacity 35407K, committed 35496K, reserved 1079296K
  class space    used 4542K, capacity 4775K, committed 4864K, reserved 1048576K
Event: 3.477 GC heap after
Heap after GC invocations=4 (full 2):
 PSYoungGen      total 305664K, used 0K [0x00000000eab00000, 0x0000000100000000, 0x0000000100000000)
  eden space 262144K, 0% used [0x00000000eab00000,0x00000000eab00000,0x00000000fab00000)
  from space 43520K, 0% used [0x00000000fd580000,0x00000000fd580000,0x0000000100000000)
  to   space 43520K, 0% used [0x00000000fab00000,0x00000000fab00000,0x00000000fd580000)
 ParOldGen       total 699392K, used 19216K [0x00000000c0000000, 0x00000000eab00000, 0x00000000eab00000)
  object space 699392K, 2% used [0x00000000c0000000,0x00000000c12c4378,0x00000000eab00000)
 Metaspace       used 33424K, capacity 35035K, committed 35496K, reserved 1079296K
  class space    used 4489K, capacity 4713K, committed 4864K, reserved 1048576K
}

