# JRE version: OpenJDK Runtime Environment (8.0_275-b01) (build 1.8.0_275-b01)
# Java VM: OpenJDK 64-Bit Server VM (25.275-b01 mixed mode linux-amd64 compressed oops)
Heap:
 PSYoungGen      total 305664K, used 46512K [0x00000000eab00000, 0x0000000100000000, 0x0000000100000000)
  eden space 262144K, 17% used [0x00000000eab00000,0x00000000ed86c300,0x00000000fab00000)
  from space 43520K, 0% used [0x00000000fd580000,0x00000000fd580000,0x0000000100000000)
  to   space 43520K, 0% used [0x00000000fab00000,0x00000000fab00000,0x00000000fd580000)
 ParOldGen       total 699392K, used 19227K [0x00000000c0000000, 0x00000000eab00000, 0x00000000eab00000)
  object space 699392K, 2% used [0x00000000c0000000,0x00000000c12c6fa8,0x00000000eab00000)
 Metaspace       used 33769K, capacity 35666K, committed 35840K, reserved 1081344K
  class space    used 4561K, capacity 4801K, committed 4864K, reserved 1048576K
GC Heap History (8 events):
Event: 1.665 GC heap before
{Heap before GC invocations=1 (full 0):
 PSYoungGen      total 305664K, used 146823K [0x00000000eab00000, 0x0000000100000000, 0x0000000100000000)
  eden space 262144K, 56% used [0x00000000eab00000,0x00000000f3a61c20,0x00000000fab00000)
  from space 43520K, 0% used [0x00000000fd580000,0x00000000fd580000,0x0000000100000000)
  to   space 43520K, 0% used [0x00000000fab00000,0x00000000fab00000,0x00000000fd580000)
 ParOldGen       total 699392K, used 0K [0x00000000c0000000, 0x00000000eab00000, 0x00000000eab00000)
  object space 699392K, 0% used [0x00000000c0000000,0x00000000c0000000,0x00000000eab00000)
 Metaspace       used 20351K, capacity 21272K, committed 21296K, reserved 1067008K
  class space    used 2772K, capacity 2938K, committed 2944K, reserved 1048576K
Event: 1.673 GC heap after
Heap after GC invocations=1 (full 0):
 PSYoungGen      total 305664K, used 14484K [0x00000000eab00000, 0x0000000100000000, 0x0000000100000000)
  eden space 262144K, 0% used [0x00000000eab00000,0x00000000eab00000,0x00000000fab00000)
  from space 43520K, 33% used [0x00000000fab00000,0x00000000fb9252c0,0x00000000fd580000)
  to   space 43520K, 0% used [0x00000000fd580000,0x00000000fd580000,0x0000000100000000)
 ParOldGen       total 699392K, used 88K [0x00000000c0000000, 0x00000000eab00000, 0x00000000eab00000)
  object space 699392K, 0% used [0x00000000c0000000,0x00000000c0016010,0x00000000eab00000)
 Metaspace       used 20351K, capacity 21272K, committed 21296K, reserved 1067008K
  class space    used 2772K, capacity 2938K, committed 2944K, reserved 1048576K
}
Event: 1.673 GC heap before
{Heap before GC invocations=2 (full 1):
 PSYoungGen      total 305664K, used 14484K [0x00000000eab00000, 0x0000000100000000, 0x0000000100000000)
  eden space 262144K, 0% used [0x00000000eab00000,0x00000000eab00000,0x00000000fab00000)
  from space 43520K, 33% used [0x00000000fab00000,0x00000000fb9252c0,0x00000000fd580000)
  to   space 43520K, 0% used [0x00000000fd580000,0x00000000fd580000,0x0000000100000000)
 ParOldGen       total 699392K, used 88K [0x00000000c0000000, 0x00000000eab00000, 0x00000000eab00000)
  object space 699392K, 0% used [0x00000000c0000000,0x00000000c0016010,0x00000000eab00000)
 Metaspace       used 20351K, capacity 21272K, committed 21296K, reserved 1067008K
  class space    used 2772K, capacity 2938K, committed 2944K, reserved 1048576K
Event: 1.693 GC heap after
Heap after GC invocations=2 (full 1):
 PSYoungGen      total 305664K, used 0K [0x00000000eab00000, 0x0000000100000000, 0x0000000100000000)
  eden space 262144K, 0% used [0x00000000eab00000,0x00000000eab00000,0x00000000fab00000)
  from space 43520K, 0% used [0x00000000fab00000,0x00000000fab00000,0x00000000fd580000)
  to   space 43520K, 0% used [0x00000000fd580000,0x00000000fd580000,0x0000000100000000)
 ParOldGen       total 459776K, used 13438K [0x00000000c0000000, 0x00000000dc100000, 0x00000000eab00000)
  object space 459776K, 2% used [0x00000000c0000000,0x00000000c0d1f958,0x00000000dc100000)
 Metaspace       used 20351K, capacity 21272K, committed 21296K, reserved 1067008K
  class space    used 2772K, capacity 2938K, committed 2944K, reserved 1048576K
}
Event: 4.489 GC heap before
{Heap before GC invocations=3 (full 1):
 PSYoungGen      total 305664K, used 198146K [0x00000000eab00000, 0x0000000100000000, 0x0000000100000000)
  eden space 262144K, 75% used [0x00000000eab00000,0x00000000f6c809d8,0x00000000fab00000)
  from space 43520K, 0% used [0x00000000fab00000,0x00000000fab00000,0x00000000fd580000)
  to   space 43520K, 0% used [0x00000000fd580000,0x00000000fd580000,0x0000000100000000)
 ParOldGen       total 459776K, used 13438K [0x00000000c0000000, 0x00000000dc100000, 0x00000000eab00000)
  object space 459776K, 2% used [0x00000000c0000000,0x00000000c0d1f958,0x00000000dc100000)
 Metaspace       used 33567K, capacity 35396K, committed 35496K, reserved 1079296K
  class space    used 4531K, capacity 4764K, committed 4864K, reserved 1048576K
Event: 4.498 GC heap after
Heap after GC invocations=3 (full 1):
 PSYoungGen      total 305664K, used 16213K [0x00000000eab00000, 0x0000000100000000, 0x0000000100000000)
  eden space 262144K, 0% used [0x00000000eab00000,0x00000000eab00000,0x00000000fab00000)
  from space 43520K, 37% used [0x00000000fd580000,0x00000000fe5554c0,0x0000000100000000)
  to   space 43520K, 0% used [0x00000000fab00000,0x00000000fab00000,0x00000000fd580000)
 ParOldGen       total 459776K, used 13446K [0x00000000c0000000, 0x00000000dc100000, 0x00000000eab00000)
  object space 459776K, 2% used [0x00000000c0000000,0x00000000c0d21958,0x00000000dc100000)
 Metaspace       used 33567K, capacity 35396K, committed 35496K, reserved 1079296K
  class space    used 4531K, capacity 4764K, committed 4864K, reserved 1048576K
}
Event: 4.498 GC heap before
{Heap before GC invocations=4 (full 2):
 PSYoungGen      total 305664K, used 16213K [0x00000000eab00000, 0x0000000100000000, 0x0000000100000000)
  eden space 262144K, 0% used [0x00000000eab00000,0x00000000eab00000,0x00000000fab00000)
  from space 43520K, 37% used [0x00000000fd580000,0x00000000fe5554c0,0x0000000100000000)
  to   space 43520K, 0% used [0x00000000fab00000,0x00000000fab00000,0x00000000fd580000)
 ParOldGen       total 459776K, used 13446K [0x00000000c0000000, 0x00000000dc100000, 0x00000000eab00000)
  object space 459776K, 2% used [0x00000000c0000000,0x00000000c0d21958,0x00000000dc100000)
 Metaspace       used 33567K, capacity 35396K, committed 35496K, reserved 1079296K
  class space    used 4531K, capacity 4764K, committed 4864K, reserved 1048576K
Event: 4.523 GC heap after
Heap after GC invocations=4 (full 2):
 PSYoungGen      total 305664K, used 0K [0x00000000eab00000, 0x0000000100000000, 0x0000000100000000)
  eden space 262144K, 0% used [0x00000000eab00000,0x00000000eab00000,0x00000000fab00000)
  from space 43520K, 0% used [0x00000000fd580000,0x00000000fd580000,0x0000000100000000)
  to   space 43520K, 0% used [0x00000000fab00000,0x00000000fab00000,0x00000000fd580000)
 ParOldGen       total 699392K, used 19227K [0x00000000c0000000, 0x00000000eab00000, 0x00000000eab00000)
  object space 699392K, 2% used [0x00000000c0000000,0x00000000c12c6fa8,0x00000000eab00000)
 Metaspace       used 33419K, capacity 35084K, committed 35496K, reserved 1079296K
  class space    used 4486K, capacity 4712K, committed 4864K, reserved 1048576K
}

