# JRE version: OpenJDK Runtime Environment (8.0_275-b01) (build 1.8.0_275-b01)
# Java VM: OpenJDK 64-Bit Server VM (25.275-b01 mixed mode linux-amd64 compressed oops)
Heap:
 PSYoungGen      total 305664K, used 45749K [0x00000000eab00000, 0x0000000100000000, 0x0000000100000000)
  eden space 262144K, 17% used [0x00000000eab00000,0x00000000ed7ad4e0,0x00000000fab00000)
  from space 43520K, 0% used [0x00000000fd580000,0x00000000fd580000,0x0000000100000000)
  to   space 43520K, 0% used [0x00000000fab00000,0x00000000fab00000,0x00000000fd580000)
 ParOldGen       total 685568K, used 19208K [0x00000000c0000000, 0x00000000e9d80000, 0x00000000eab00000)
  object space 685568K, 2% used [0x00000000c0000000,0x00000000c12c21c0,0x00000000e9d80000)
 Metaspace       used 33749K, capacity 35548K, committed 35840K, reserved 1081344K
  class space    used 4557K, capacity 4791K, committed 4864K, reserved 1048576K
GC Heap History (8 events):
Event: 2.062 GC heap before
{Heap before GC invocations=1 (full 0):
 PSYoungGen      total 305664K, used 146823K [0x00000000eab00000, 0x0000000100000000, 0x0000000100000000)
  eden space 262144K, 56% used [0x00000000eab00000,0x00000000f3a61c40,0x00000000fab00000)
  from space 43520K, 0% used [0x00000000fd580000,0x00000000fd580000,0x0000000100000000)
  to   space 43520K, 0% used [0x00000000fab00000,0x00000000fab00000,0x00000000fd580000)
 ParOldGen       total 699392K, used 0K [0x00000000c0000000, 0x00000000eab00000, 0x00000000eab00000)
  object space 699392K, 0% used [0x00000000c0000000,0x00000000c0000000,0x00000000eab00000)
 Metaspace       used 20365K, capacity 21276K, committed 21296K, reserved 1067008K
  class space    used 2774K, capacity 2938K, committed 2944K, reserved 1048576K
Event: 2.082 GC heap after
Heap after GC invocations=1 (full 0):
 PSYoungGen      total 305664K, used 14226K [0x00000000eab00000, 0x0000000100000000, 0x0000000100000000)
  eden space 262144K, 0% used [0x00000000eab00000,0x00000000eab00000,0x00000000fab00000)
  from space 43520K, 32% used [0x00000000fab00000,0x00000000fb8e4978,0x00000000fd580000)
  to   space 43520K, 0% used [0x00000000fd580000,0x00000000fd580000,0x0000000100000000)
 ParOldGen       total 699392K, used 88K [0x00000000c0000000, 0x00000000eab00000, 0x00000000eab00000)
  object space 699392K, 0% used [0x00000000c0000000,0x00000000c0016010,0x00000000eab00000)
 Metaspace       used 20365K, capacity 21276K, committed 21296K, reserved 1067008K
  class space    used 2774K, capacity 2938K, committed 2944K, reserved 1048576K
}
Event: 2.082 GC heap before
{Heap before GC invocations=2 (full 1):
 PSYoungGen      total 305664K, used 14226K [0x00000000eab00000, 0x0000000100000000, 0x0000000100000000)
  eden space 262144K, 0% used [0x00000000eab00000,0x00000000eab00000,0x00000000fab00000)
  from space 43520K, 32% used [0x00000000fab00000,0x00000000fb8e4978,0x00000000fd580000)
  to   space 43520K, 0% used [0x00000000fd580000,0x00000000fd580000,0x0000000100000000)
 ParOldGen       total 699392K, used 88K [0x00000000c0000000, 0x00000000eab00000, 0x00000000eab00000)
  object space 699392K, 0% used [0x00000000c0000000,0x00000000c0016010,0x00000000eab00000)
 Metaspace       used 20365K, capacity 21276K, committed 21296K, reserved 1067008K
  class space    used 2774K, capacity 2938K, committed 2944K, reserved 1048576K
Event: 2.109 GC heap after
Heap after GC invocations=2 (full 1):
 PSYoungGen      total 305664K, used 0K [0x00000000eab00000, 0x0000000100000000, 0x0000000100000000)
  eden space 262144K, 0% used [0x00000000eab00000,0x00000000eab00000,0x00000000fab00000)
  from space 43520K, 0% used [0x00000000fab00000,0x00000000fab00000,0x00000000fd580000)
  to   space 43520K, 0% used [0x00000000fd580000,0x00000000fd580000,0x0000000100000000)
 ParOldGen       total 427520K, used 13443K [0x00000000c0000000, 0x00000000da180000, 0x00000000eab00000)
  object space 427520K, 3% used [0x00000000c0000000,0x00000000c0d20df0,0x00000000da180000)
 Metaspace       used 20365K, capacity 21276K, committed 21296K, reserved 1067008K
  class space    used 2774K, capacity 2938K, committed 2944K, reserved 1048576K
}
Event: 5.986 GC heap before
{Heap before GC invocations=3 (full 1):
 PSYoungGen      total 305664K, used 199250K [0x00000000eab00000, 0x0000000100000000, 0x0000000100000000)
  eden space 262144K, 76% used [0x00000000eab00000,0x00000000f6d94a80,0x00000000fab00000)
  from space 43520K, 0% used [0x00000000fab00000,0x00000000fab00000,0x00000000fd580000)
  to   space 43520K, 0% used [0x00000000fd580000,0x00000000fd580000,0x0000000100000000)
 ParOldGen       total 427520K, used 13443K [0x00000000c0000000, 0x00000000da180000, 0x00000000eab00000)
  object space 427520K, 3% used [0x00000000c0000000,0x00000000c0d20df0,0x00000000da180000)
 Metaspace       used 33589K, capacity 35384K, committed 35496K, reserved 1079296K
  class space    used 4539K, capacity 4769K, committed 4864K, reserved 1048576K
Event: 5.998 GC heap after
Heap after GC invocations=3 (full 1):
 PSYoungGen      total 305664K, used 16141K [0x00000000eab00000, 0x0000000100000000, 0x0000000100000000)
  eden space 262144K, 0% used [0x00000000eab00000,0x00000000eab00000,0x00000000fab00000)
  from space 43520K, 37% used [0x00000000fd580000,0x00000000fe5437d0,0x0000000100000000)
  to   space 43520K, 0% used [0x00000000fab00000,0x00000000fab00000,0x00000000fd580000)
 ParOldGen       total 427520K, used 13451K [0x00000000c0000000, 0x00000000da180000, 0x00000000eab00000)
  object space 427520K, 3% used [0x00000000c0000000,0x00000000c0d22df0,0x00000000da180000)
 Metaspace       used 33589K, capacity 35384K, committed 35496K, reserved 1079296K
  class space    used 4539K, capacity 4769K, committed 4864K, reserved 1048576K
}
Event: 5.998 GC heap before
{Heap before GC invocations=4 (full 2):
 PSYoungGen      total 305664K, used 16141K [0x00000000eab00000, 0x0000000100000000, 0x0000000100000000)
  eden space 262144K, 0% used [0x00000000eab00000,0x00000000eab00000,0x00000000fab00000)
  from space 43520K, 37% used [0x00000000fd580000,0x00000000fe5437d0,0x0000000100000000)
  to   space 43520K, 0% used [0x00000000fab00000,0x00000000fab00000,0x00000000fd580000)
 ParOldGen       total 427520K, used 13451K [0x00000000c0000000, 0x00000000da180000, 0x00000000eab00000)
  object space 427520K, 3% used [0x00000000c0000000,0x00000000c0d22df0,0x00000000da180000)
 Metaspace       used 33589K, capacity 35384K, committed 35496K, reserved 1079296K
  class space    used 4539K, capacity 4769K, committed 4864K, reserved 1048576K
Event: 6.024 GC heap after
Heap after GC invocations=4 (full 2):
 PSYoungGen      total 305664K, used 0K [0x00000000eab00000, 0x0000000100000000, 0x0000000100000000)
  eden space 262144K, 0% used [0x00000000eab00000,0x00000000eab00000,0x00000000fab00000)
  from space 43520K, 0% used [0x00000000fd580000,0x00000000fd580000,0x0000000100000000)
  to   space 43520K, 0% used [0x00000000fab00000,0x00000000fab00000,0x00000000fd580000)
 ParOldGen       total 685568K, used 19208K [0x00000000c0000000, 0x00000000e9d80000, 0x00000000eab00000)
  object space 685568K, 2% used [0x00000000c0000000,0x00000000c12c21c0,0x00000000e9d80000)
 Metaspace       used 33418K, capacity 35018K, committed 35496K, reserved 1079296K
  class space    used 4486K, capacity 4708K, committed 4864K, reserved 1048576K
}

